CTGAMES MCNP QUALITY LADDER MONTE CARLO EXPERIMENTS
===================================================

 Compiler: Intel(R) Fortran Intel(R) 64 Compiler for applications running on Int
 el(R) 64, Version 19.0.5.281 Build 20190815
 Compiler options: -I/apps/intel/19.0.5/compilers_and_libraries_2019/linux/mkl/i
 nclude -stand f08 -warn all -qopenmp -heap-arrays 1024 -Ofast -ipo -o mcnp.o -c
 OMP Num. Processors:            4
 OMP Num. Threads:            4

Initialization
--------------

Initializing the model...
Setting up the state-space encoding...
Generating a fast lookup table for market configurations (s)...
Generating an encoding table for all (s, omega) combinations...
Checking for invalid states...
Generating a fast decoding table mapping k to (is, i)...
Checking for invalid states...
Precalculating profits...
Allocating memory for value function storage...
Precalculating market structure (s) transitions...
Allocating memory for CCP storage...
Precalculating state space (k) transitions...
Precalculating Q matrix sparsity pattern...
Initializing temporary COO-format matrices...

Monte Carlo parameters
----------------------

nmc:       100
nm:     10000
theta0:
       1.0000           1.2000          0.40000          0.80000           4.0000          0.90000    
 
 Data Sampling: Continuous Time
 Estimation Method: Maximum Likelihood

Final Monte Carlo Results
=========================

theta_mc:
      0.98462           1.0258          0.99712          0.98243          0.99667           1.0047          0.99459           1.0220           1.0143           1.0117          0.96726          0.99154           1.0045           1.0036          0.99156           1.0058           1.0154           1.0185          0.98549          0.98253          0.99825           1.0137           1.0184          0.99345           1.0218          0.99938          0.98666           1.0164           1.0034          0.99918          0.98495           1.0011           1.0291          0.99587          0.99811           1.0140          0.99844          0.98725          0.99601           1.0295           1.0118           1.0223           1.0014           1.0021          0.99478           1.0012          0.99824           1.0082          0.99795          0.98435           1.0105          0.98918          0.97946           1.0004          0.99491           1.0177          0.99501          0.99985          0.97561           1.0275          0.99968           1.0149          0.97868          0.99485          0.98659          0.98737           1.0076           1.0001          0.99811          0.98048           1.0118           1.0084          0.99742           1.0043          0.99948          0.99657           1.0072           1.0481           1.0197           1.0043           1.0080          0.98115           1.0225          0.97535           1.0186           1.0156          0.99960          0.99775          0.98200          0.99016          0.99988          0.99369           1.0076          0.98464           1.0014           1.0102          0.98057          0.98239           1.0030          0.97522    
       1.1786           1.1934           1.2109           1.1942           1.1800           1.1815           1.1938           1.1780           1.2140           1.2510           1.1798           1.2066           1.1997           1.1967           1.1837           1.1902           1.2152           1.1994           1.2097           1.2011           1.1897           1.1894           1.1989           1.1811           1.1869           1.1968           1.1773           1.2054           1.2126           1.1724           1.1854           1.1922           1.2252           1.1486           1.1714           1.2247           1.2198           1.1666           1.2270           1.1837           1.1761           1.1966           1.2085           1.2056           1.1796           1.1817           1.1871           1.2009           1.2041           1.2004           1.1628           1.1886           1.2110           1.2127           1.1896           1.1963           1.1943           1.1883           1.2305           1.2207           1.2253           1.2093           1.1655           1.2219           1.2016           1.2188           1.2073           1.2005           1.2138           1.1733           1.1861           1.2215           1.1935           1.1942           1.2032           1.2110           1.1885           1.2205           1.1799           1.1732           1.2112           1.2219           1.2042           1.2035           1.2239           1.1680           1.2086           1.2027           1.2068           1.1969           1.1864           1.1884           1.2054           1.1809           1.2299           1.1961           1.1782           1.2287           1.2009           1.1866    
      0.39148          0.42912          0.40278          0.43122          0.38191          0.37247          0.43951          0.42925          0.38717          0.42161          0.40012          0.40410          0.38054          0.43456          0.39893          0.40806          0.42908          0.40929          0.38422          0.40869          0.38023          0.41334          0.39267          0.38973          0.38608          0.41107          0.39440          0.39360          0.38786          0.38655          0.41328          0.37723          0.41813          0.40000          0.39973          0.38237          0.37068          0.40441          0.41456          0.38470          0.40863          0.41171          0.40747          0.38260          0.39513          0.37304          0.40848          0.39155          0.39762          0.39385          0.36933          0.36930          0.40972          0.39378          0.39218          0.39899          0.39850          0.40607          0.39650          0.42103          0.39405          0.37366          0.38448          0.40720          0.40266          0.37743          0.37623          0.40507          0.41502          0.39901          0.37706          0.38211          0.39931          0.38652          0.41334          0.41721          0.39729          0.39484          0.42148          0.37460          0.39912          0.38663          0.39471          0.40600          0.40748          0.42688          0.39762          0.39644          0.38275          0.38159          0.41960          0.41384          0.40687          0.39116          0.37604          0.40299          0.40350          0.42221          0.38886          0.39181    
      0.80410          0.75719          0.77637          0.78155          0.79896          0.82731          0.75210          0.76217          0.78597          0.86248          0.83368          0.77427          0.79492          0.77335          0.73764          0.78947          0.77621          0.75400          0.84227          0.81219          0.81933          0.78385          0.78166          0.77894          0.76701          0.77112          0.78949          0.75346          0.83213          0.81081          0.79497          0.78159          0.84696          0.69884          0.82672          0.83863          0.86745          0.76666          0.80694          0.74989          0.77492          0.75425          0.81598          0.81993          0.79010          0.78303          0.75838          0.81991          0.80304          0.84744          0.75897          0.80365          0.86928          0.80365          0.78059          0.78826          0.80397          0.77151          0.89101          0.79306          0.82405          0.79378          0.77297          0.84138          0.79554          0.89192          0.80578          0.78844          0.82564          0.81151          0.80879          0.82159          0.79983          0.80828          0.79545          0.78784          0.77785          0.73153          0.77090          0.77026          0.80785          0.82654          0.77988          0.83302          0.76854          0.73285          0.81229          0.75318          0.85294          0.84458          0.81436          0.81576          0.80407          0.80722          0.85057          0.75421          0.80555          0.84208          0.79860          0.77318    
       3.8698           3.7064           3.8828           3.9640           4.0133           4.2291           4.1968           3.9629           3.9575           4.3887           4.1723           4.0341           4.0493           4.0306           3.8059           4.0459           4.0491           3.8499           3.9697           3.9344           3.9538           4.1605           4.0921           3.8913           3.7576           4.0634           4.0199           3.9768           3.8985           4.0053           3.9015           3.9621           3.9336           3.7171           4.1099           4.2059           3.8433           3.8018           4.1919           4.0114           3.9132           3.9355           4.1514           3.8950           4.0802           4.1326           3.7328           4.1271           4.0601           3.9306           4.1570           4.2109           4.0869           3.8033           3.8492           3.9476           4.0590           3.9323           4.1983           3.9731           4.2507           4.1155           4.0246           4.0378           4.0095           4.4180           3.9923           3.9405           4.0054           3.7931           4.0747           4.0788           4.0373           3.9488           3.7487           4.1590           3.8507           3.7875           3.9721           4.1509           4.1529           3.9424           4.2177           3.9784           4.1076           3.7830           4.0808           4.2091           4.1452           3.9845           3.8901           3.9618           3.9873           4.1164           4.2165           4.0467           3.8837           4.1610           4.2410           3.9590    
      0.89444          0.93081          0.92183          0.88190          0.89446          0.88223          0.89165          0.90902          0.92754          0.86552          0.84890          0.90762          0.90785          0.89347          0.92082          0.90115          0.91354          0.93457          0.89410          0.88404          0.89673          0.90027          0.91892          0.90406          0.93503          0.90698          0.88090          0.93455          0.90537          0.88187          0.88573          0.91620          0.90410          0.92803          0.86438          0.90279          0.89694          0.89648          0.89963          0.93347          0.90711          0.92926          0.89133          0.91077          0.88286          0.89948          0.91614          0.89458          0.90031          0.86676          0.91141          0.89596          0.85657          0.91111          0.90145          0.91806          0.88373          0.90229          0.85202          0.92751          0.88479          0.92489          0.89263          0.88306          0.88899          0.85253          0.92447          0.90483          0.89187          0.87899          0.89633          0.90718          0.90063          0.90199          0.90546          0.89768          0.91745          0.97828          0.91369          0.90959          0.90190          0.89961          0.91882          0.87259          0.93542          0.92447          0.89863          0.91528          0.87582          0.87675          0.87892          0.87756          0.90494          0.87368          0.89642          0.92316          0.87343          0.86524          0.89230          0.89949    
Mean
       1.0007           1.1979          0.39865          0.79794           4.0125          0.90016    
Std. Dev.
      0.14371E-01      0.17953E-01      0.16082E-01      0.34691E-01      0.14409          0.21317E-01
Mean Bias
      0.72521E-03     -0.21379E-02     -0.13510E-02     -0.20587E-02      0.12475E-01      0.16381E-03
Median Bias
     -0.36286E-03     -0.31240E-02     -0.19385E-02     -0.45076E-02      0.74313E-02      0.29080E-03
RMSE
      0.14389E-01      0.18080E-01      0.16139E-01      0.34752E-01      0.14463          0.21318E-01
Mean LL     -0.33017E-02
