CTGAMES MCNP QUALITY LADDER MONTE CARLO EXPERIMENTS
===================================================

 Compiler: Intel(R) Fortran Intel(R) 64 Compiler for applications running on Int
 el(R) 64, Version 19.0.5.281 Build 20190815
 Compiler options: -I/apps/intel/19.0.5/compilers_and_libraries_2019/linux/mkl/i
 nclude -stand f08 -warn all -qopenmp -heap-arrays 1024 -Ofast -ipo -o mcnp.o -c
 OMP Num. Processors:            8
 OMP Num. Threads:            8

Initialization
--------------

Initializing the model...
Setting up the state-space encoding...
Generating a fast lookup table for market configurations (s)...
Generating an encoding table for all (s, omega) combinations...
Checking for invalid states...
Generating a fast decoding table mapping k to (is, i)...
Checking for invalid states...
Precalculating profits...
Allocating memory for value function storage...
Precalculating market structure (s) transitions...
Allocating memory for CCP storage...
Precalculating state space (k) transitions...
Precalculating Q matrix sparsity pattern...
Initializing temporary COO-format matrices...

Monte Carlo parameters
----------------------

nmc:       100
nm:     10000
theta0:
       1.0000           1.2000          0.40000          0.80000           4.0000          0.90000    
 
 Data Sampling: Discrete Time
 Delta:    1.00000000000000     
 Estimation Method: Maximum Likelihood

Final Monte Carlo Results
=========================

theta_mc:
       1.0207           1.0153          0.91951          0.97080           1.0037          0.93421          0.94748           1.3562          0.97690          0.88955          0.83632           1.1496           1.0989           1.0217          0.93179          0.98319          0.90755           1.0859           1.0600           1.0134          0.99001          0.99690           1.0053          0.94340           1.0277           1.0650          0.97504           1.0868           1.1194          0.96424          0.85739           1.0704           1.0025          0.95954           1.0665          0.92834          0.96285           1.1093          0.95424          0.91168          0.91373           1.0215          0.87277           1.1416           1.1446           1.0609          0.91824          0.97045          0.96108           1.0270          0.91965           1.0451          0.99036           1.0021           1.0141           1.1215           1.0882           1.0184           1.1267          0.99043          0.95300          0.98657           1.0811          0.95416          0.95702          0.92889           1.0149           1.0484           1.1738          0.98236          0.95115           1.1496           1.0035          0.91418          0.94896          0.98619           1.0108           1.1226          0.99279           1.1365           1.0866          0.89656          0.95158          0.97011           1.0928           1.0716           1.1745           1.0969          0.92718           1.0318           1.0273           1.0957          0.98684          0.95293           1.0114           1.0527           1.0075           1.0082           1.0059           1.0044    
       1.2279           1.2054           1.1231           1.1574           1.2009           1.1378           1.1534           1.5579           1.1857           1.0902           1.0308           1.3505           1.2994           1.2351           1.1228           1.1745           1.1079           1.2873           1.2618           1.2128           1.1832           1.1982           1.1963           1.1477           1.2221           1.2648           1.1751           1.2920           1.3322           1.1787           1.0562           1.2747           1.1915           1.1545           1.2695           1.1186           1.1601           1.3292           1.1615           1.1095           1.1050           1.2358           1.0596           1.3563           1.3512           1.2560           1.1141           1.1774           1.1688           1.2214           1.1134           1.2389           1.1849           1.2003           1.2247           1.3267           1.2856           1.2102           1.3346           1.1913           1.1556           1.2008           1.2945           1.1643           1.1546           1.1366           1.2136           1.2505           1.3786           1.1869           1.1465           1.3347           1.2216           1.1083           1.1599           1.1854           1.2091           1.3231           1.1799           1.3400           1.2819           1.0983           1.1449           1.1649           1.2851           1.2790           1.3769           1.2913           1.1226           1.2337           1.2276           1.2912           1.1789           1.1478           1.2159           1.2506           1.2149           1.2050           1.2001           1.2061    
      0.39744          0.39825          0.39884          0.39910          0.39995          0.39427          0.40022          0.40733          0.39133          0.40011          0.39849          0.40806          0.38989          0.39636          0.40039          0.39564          0.40161          0.39758          0.39432          0.40493          0.39767          0.40016          0.39086          0.39965          0.39686          0.40458          0.39275          0.40278          0.39560          0.39442          0.39271          0.40796          0.40890          0.41087          0.39160          0.39819          0.39221          0.40079          0.39789          0.40159          0.39666          0.39883          0.41563          0.39987          0.40562          0.41143          0.39420          0.39459          0.40461          0.39934          0.40122          0.39970          0.40746          0.40381          0.40543          0.40190          0.40177          0.40295          0.38924          0.39526          0.39513          0.40044          0.39879          0.39499          0.40170          0.39505          0.40618          0.40894          0.40063          0.40148          0.39623          0.39531          0.38967          0.39592          0.39967          0.40804          0.39732          0.40589          0.40518          0.40147          0.40100          0.39255          0.40170          0.40790          0.41123          0.40922          0.39961          0.40147          0.40004          0.39526          0.39973          0.40612          0.40040          0.40370          0.39887          0.40697          0.39977          0.39444          0.40361          0.39661    
      0.85251          0.80593          0.68091          0.72450          0.79353          0.69208          0.72188           1.2426          0.77899          0.62718          0.49928           1.0231          0.94663          0.89614          0.66757          0.78857          0.67540          0.94236          0.89171          0.79566          0.76376          0.79221          0.78253          0.71223          0.83103          0.90452          0.73849          0.92987          0.98082          0.78349          0.55482          0.90462          0.78675          0.71576          0.90062          0.67084          0.72720          0.99834          0.76289          0.62561          0.61798          0.86745          0.55263           1.0160           1.0201          0.87141          0.66608          0.79750          0.75527          0.82779          0.68681          0.85102          0.77158          0.79918          0.84656          0.98889          0.92706          0.81999          0.99374          0.80540          0.73184          0.81296          0.95724          0.74015          0.71405          0.69315          0.82356          0.86943           1.0644          0.80292          0.68615          0.96810          0.86597          0.64738          0.74281          0.77013          0.82035          0.97852          0.75688          0.98640          0.91402          0.60479          0.72644          0.74155          0.92215          0.91030           1.0544          0.92412          0.66783          0.85760          0.83176          0.92150          0.76972          0.71410          0.82086          0.87774          0.82424          0.82209          0.79267          0.82681    
       4.0323           3.9502           3.7474           3.8279           3.9404           3.7916           3.7135           4.9426           3.8524           3.5757           3.2396           4.5270           4.4104           4.1594           3.7027           3.9291           3.5447           4.2172           4.1820           4.0655           4.0462           3.9924           4.0084           3.7691           4.1180           4.3339           3.9276           4.3973           4.3615           3.8326           3.4120           4.2865           4.0412           3.8547           4.1214           3.7360           3.7571           4.4266           3.9460           3.6145           3.7222           4.2030           3.4094           4.4993           4.4156           4.1008           3.7402           3.9873           3.8865           4.1135           3.6827           4.2504           3.9096           3.8832           4.0264           4.3872           4.3629           4.1231           4.3832           4.0119           3.8978           4.0114           4.3252           3.8984           3.8486           3.7830           4.0858           4.1441           4.6176           4.0151           3.7903           4.4141           4.0736           3.6529           3.7970           3.9230           3.8350           4.5047           3.9397           4.3154           4.2601           3.5620           3.9022           3.8704           4.2635           4.2791           4.5584           4.3380           3.7647           4.2249           4.1328           4.3983           4.0228           3.7079           4.1387           4.2582           3.8954           4.0766           4.0224           4.0141    
      0.90217          0.91000          0.86785          0.89586          0.90778          0.88318          0.88312           1.0443          0.89310          0.85797          0.85719          0.94849          0.93681          0.88651          0.88601          0.88562          0.85409          0.92864          0.92365          0.91395          0.90203          0.90050          0.91022          0.88463          0.91156          0.91397          0.90481          0.92448          0.94717          0.88009          0.85600          0.91993          0.90217          0.88997          0.93205          0.87861          0.89951          0.92803          0.86822          0.88309          0.88735          0.89619          0.86064          0.94893          0.94602          0.92722          0.87000          0.87236          0.88187          0.91356          0.85873          0.92099          0.89954          0.90596          0.90033          0.94215          0.92502          0.90407          0.94853          0.88650          0.88132          0.88150          0.91511          0.88306          0.89300          0.87497          0.90074          0.91450          0.95279          0.87900          0.90194          0.97341          0.88438          0.87414          0.87808          0.89727          0.90709          0.94004          0.90428          0.95798          0.93435          0.88041          0.87543          0.88933          0.93652          0.92160          0.96064          0.93711          0.87745          0.90634          0.91515          0.93985          0.89306          0.89186          0.90319          0.91340          0.90487          0.89688          0.90639          0.89420    
Mean
       1.0122           1.2126          0.40010          0.81352           4.0300          0.90472    
Std. Dev.
      0.81564E-01      0.83421E-01      0.54058E-02      0.12533          0.29173          0.29689E-01
Mean Bias
      0.12165E-01      0.12558E-01      0.99282E-04      0.13525E-01      0.29970E-01      0.47185E-02
Median Bias
      0.40501E-02      0.88260E-03     -0.18010E-03      0.41579E-02      0.14574E-01      0.19823E-02
RMSE
      0.82466E-01      0.84361E-01      0.54067E-02      0.12606          0.29327          0.30062E-01
Mean LL     -0.15913    
