CTGAMES MCNP QUALITY LADDER MONTE CARLO EXPERIMENTS
===================================================

 Compiler: Intel(R) Fortran Intel(R) 64 Compiler for applications running on Int
 el(R) 64, Version 19.0.5.281 Build 20190815
 Compiler options: -I/apps/intel/19.0.5/compilers_and_libraries_2019/linux/mkl/i
 nclude -stand f08 -warn all -qopenmp -heap-arrays 1024 -Ofast -ipo -o mcnp.o -c
 OMP Num. Processors:            4
 OMP Num. Threads:            2

Initialization
--------------

Initializing the model...
Setting up the state-space encoding...
Generating a fast lookup table for market configurations (s)...
Generating an encoding table for all (s, omega) combinations...
Checking for invalid states...
Generating a fast decoding table mapping k to (is, i)...
Checking for invalid states...
Precalculating profits...
Allocating memory for value function storage...
Precalculating market structure (s) transitions...
Allocating memory for CCP storage...
Precalculating state space (k) transitions...
Precalculating Q matrix sparsity pattern...
Initializing temporary COO-format matrices...

Monte Carlo parameters
----------------------

nmc:       100
nm:     10000
theta0:
       1.0000           1.2000          0.40000          0.80000           4.0000          0.90000    
 
 Data Sampling: Discrete Time
 Delta:    1.00000000000000     
 Estimation Method: Maximum Likelihood

Final Monte Carlo Results
=========================

theta_mc:
      0.97771           1.0180          0.95912           1.1797          0.85341          0.91229          0.92013          0.93642          0.89594          0.86302          0.92624          0.95669          0.78859          0.94892           1.1865          0.86604          0.88668          0.92822           1.4430           1.2618           1.1428          0.80554          0.99197          0.91448           1.2490          0.88121          0.94363          0.91297          0.94049          0.99101           1.0793          0.98159           1.0450          0.98264          0.96808          0.93156           1.0741          0.99586          0.79898          0.98859          0.98463           1.1574           1.1028          0.94476           1.1147           1.0175          0.96579          0.90726          0.87381          0.95251           1.1588           1.1431           1.1217           1.0823           1.1223          0.85758           1.0839          0.92421           1.1361           1.0208          0.94823          0.97451          0.98310          0.92383           1.0646          0.85200           1.1257           1.0990           1.1965          0.88176          0.96178          0.94643          0.98687          0.96372          0.89098           1.0854          0.81543          0.93973          0.95617           1.0171          0.83186           1.1329           1.1315          0.88996           1.1280          0.99274           1.0855           1.0660          0.89437          0.95506           1.1122           1.0564          0.89786           1.1472           1.0238           1.0210          0.98393          0.90107          0.96360          0.96008    
       1.1809           1.2052           1.1503           1.3717           1.0689           1.0863           1.1050           1.1371           1.0827           1.0769           1.1310           1.1648          0.98234           1.1742           1.3949           1.0513           1.0920           1.1401           1.6315           1.4426           1.3347           1.0012           1.1955           1.1154           1.4596           1.0863           1.1374           1.1145           1.1451           1.1938           1.2855           1.1678           1.2430           1.1750           1.1694           1.1183           1.2745           1.2120          0.99979           1.1687           1.1942           1.3597           1.2939           1.1468           1.3097           1.2316           1.1506           1.1184           1.0795           1.1437           1.3559           1.3360           1.3261           1.2848           1.3084           1.0591           1.2885           1.1221           1.3232           1.2236           1.1376           1.1790           1.1957           1.1347           1.2561           1.0508           1.3343           1.3035           1.4005           1.0859           1.1446           1.1399           1.1921           1.1549           1.0973           1.2679          0.99829           1.1439           1.1464           1.2234           1.0258           1.3102           1.3461           1.0803           1.3359           1.2155           1.2685           1.2535           1.1068           1.1656           1.3203           1.2593           1.1174           1.3476           1.2157           1.2358           1.1719           1.1211           1.1624           1.1538    
      0.39675          0.40399          0.39689          0.39638          0.39457          0.39630          0.40782          0.41055          0.39166          0.40635          0.39740          0.41011          0.39878          0.40362          0.39298          0.39768          0.39926          0.39327          0.39783          0.40278          0.39046          0.40354          0.39319          0.39873          0.39633          0.39904          0.38886          0.40586          0.39680          0.39974          0.39749          0.40219          0.40433          0.41546          0.38862          0.39767          0.39483          0.39881          0.39813          0.40369          0.39514          0.39541          0.40768          0.40218          0.40630          0.41253          0.40394          0.40272          0.40021          0.40127          0.40157          0.39991          0.40226          0.39827          0.40481          0.40208          0.39896          0.40294          0.39002          0.39896          0.39482          0.40493          0.39797          0.38762          0.40313          0.39863          0.40016          0.40566          0.39923          0.40316          0.38273          0.39271          0.38846          0.39793          0.40171          0.40447          0.39672          0.40010          0.40806          0.39842          0.40472          0.40272          0.39943          0.40247          0.41611          0.40405          0.39523          0.40037          0.39082          0.38257          0.39864          0.40093          0.39739          0.40477          0.39830          0.40075          0.38926          0.40188          0.39945          0.40685    
      0.77901          0.78243          0.74080           1.0431          0.56687          0.57668          0.60585          0.67571          0.57806          0.57327          0.65765          0.72531          0.32296          0.79049           1.0869          0.53688          0.65520          0.73482           1.3060           1.1048          0.98424          0.39094          0.75855          0.63664           1.1547          0.61173          0.67601          0.66015          0.68842          0.77968          0.93704          0.76105          0.87665          0.72504          0.74052          0.66030          0.90695          0.83267          0.45037          0.72811          0.77752           1.0552          0.94689          0.70786          0.95914          0.84241          0.68975          0.65029          0.61055          0.70189           1.0459          0.98368          0.98888          0.94554          0.95119          0.53798          0.95142          0.66002          0.97902          0.85512          0.69639          0.77100          0.83078          0.71992          0.86655          0.53769           1.0151          0.96796           1.1297          0.60914          0.69329          0.68783          0.83904          0.71496          0.62879          0.90504          0.38592          0.73468          0.70660          0.82814          0.45592          0.90541           1.0469          0.60472          0.97811          0.81948          0.93349          0.86892          0.67402          0.79490          0.97148          0.90437          0.68510           1.0143          0.81776          0.85426          0.76005          0.68419          0.74735          0.70023    
       4.1094           4.0432           3.8153           4.6327           3.4541           3.6062           3.7231           3.5888           3.4906           3.4929           3.9074           3.7637           2.9379           3.8210           4.6579           3.4092           3.5359           3.9398           5.2905           4.6574           4.4369           2.9755           3.8301           3.3699           4.7088           3.4694           3.8441           3.5656           3.8933           4.0499           4.3663           3.9789           4.2393           3.7804           3.8396           3.7032           4.4531           3.8969           3.0408           3.9519           3.9491           4.6417           4.4057           3.5784           4.4953           4.0779           3.8231           3.5666           3.4653           3.7504           4.6735           4.4748           4.5985           4.3949           4.4984           3.3616           4.2044           3.5422           4.4130           4.0741           3.7843           3.9642           4.0246           3.7650           4.3454           3.4494           4.4000           4.2612           4.7760           3.4419           3.5014           3.8798           4.0630           3.9008           3.5906           4.1609           2.8894           3.8786           3.7309           4.0572           2.8583           4.4170           4.4627           3.4499           4.4149           3.9729           4.2903           4.3320           3.6108           3.8029           4.4605           4.1549           3.7845           4.4611           4.1697           4.0415           3.8548           3.6235           3.9031           3.6135    
      0.88143          0.92354          0.88024          0.96738          0.84912          0.89437          0.88771          0.88619          0.88371          0.85510          0.88479          0.88863          0.87714          0.86245          0.96096          0.86372          0.84255          0.85568           1.0877           1.0155          0.96498          0.86593          0.91946          0.88548          0.99711          0.86045          0.89964          0.87101          0.88972          0.89617          0.92206          0.88731          0.90681          0.90733          0.90235          0.88735          0.92690          0.88967          0.83244          0.90915          0.90249          0.94449          0.92999          0.88587          0.93352          0.89957          0.90662          0.87275          0.84763          0.89094          0.94152          0.95776          0.93206          0.92014          0.94147          0.85833          0.92609          0.87922          0.95909          0.89584          0.88869          0.88727          0.87442          0.86477          0.92746          0.85287          0.93543          0.92732          0.94689          0.85732          0.91772          0.89473          0.87250          0.89593          0.86323          0.93549          0.87824          0.86356          0.89024          0.91084          0.87388          0.97651          0.92525          0.86099          0.95135          0.88997          0.92298          0.91949          0.85143          0.86909          0.94247          0.91835          0.84425          0.95447          0.91272          0.90244          0.90084          0.85396          0.87923          0.90383    
Mean
      0.99787           1.1972          0.39959          0.78133           3.9480          0.90233    
Std. Dev.
      0.11379          0.11313          0.60584E-02      0.18041          0.45615          0.40441E-01
Mean Bias
     -0.21265E-02     -0.27706E-02     -0.40767E-03     -0.18675E-01     -0.51965E-01      0.23299E-02
Median Bias
     -0.23892E-01     -0.29346E-01     -0.65501E-03     -0.40699E-01     -0.98032E-01     -0.47158E-02
RMSE
      0.11381          0.11316          0.60721E-02      0.18137          0.45910          0.40508E-01
Mean LL      -3.4650    
