CTGAMES MCNP QUALITY LADDER MONTE CARLO EXPERIMENTS
===================================================

 Compiler: Intel(R) Fortran Intel(R) 64 Compiler for applications running on Int
 el(R) 64, Version 19.0.5.281 Build 20190815
 Compiler options: -I/apps/intel/19.0.5/compilers_and_libraries_2019/linux/mkl/i
 nclude -stand f08 -warn all -qopenmp -heap-arrays 1024 -Ofast -ipo -o mcnp.o -c
 OMP Num. Processors:            4
 OMP Num. Threads:            4

Initialization
--------------

Initializing the model...
Setting up the state-space encoding...
Generating a fast lookup table for market configurations (s)...
Generating an encoding table for all (s, omega) combinations...
Checking for invalid states...
Generating a fast decoding table mapping k to (is, i)...
Checking for invalid states...
Precalculating profits...
Allocating memory for value function storage...
Precalculating market structure (s) transitions...
Allocating memory for CCP storage...
Precalculating state space (k) transitions...
Precalculating Q matrix sparsity pattern...
Initializing temporary COO-format matrices...

Monte Carlo parameters
----------------------

nmc:       100
nm:     10000
theta0:
       1.0000           1.2000          0.40000          0.80000           4.0000          0.90000    
 
 Data Sampling: Discrete Time
 Delta:    1.00000000000000     
 Estimation Method: Maximum Likelihood

Final Monte Carlo Results
=========================

theta_mc:
       1.0068           1.0001           1.1459           1.0123           1.0045          0.95154           1.0780          0.86673          0.96549          0.87297          0.97216          0.95123           1.0670           1.0218          0.94776          0.99274           1.0089           1.2518          0.90383           1.0473           1.0868           1.0144          0.84914          0.83519           1.0547           1.1923           1.0207           1.0009           1.2286          0.97774           1.0591          0.88289          0.98725          0.93109          0.90367           1.0323          0.85108           1.0702          0.99766          0.98685          0.99180          0.97528          0.92948          0.94288          0.92400          0.98829           1.0394           1.0791           1.0282           1.0418          0.85593           1.0465           1.1552          0.93642          0.99755          0.92277          0.92337          0.90716           1.0614          0.95147           1.0321           1.0140           1.0291           1.0147           1.1655           1.0032           1.0751           1.1608           1.0166           1.1408          0.90658          0.89570           1.0093          0.98227           1.0297           1.0144           1.0227          0.88982           1.0736          0.93270          0.88657           1.0193          0.97670          0.99645          0.99667          0.97896          0.88863           1.0542           1.0686           1.0547           1.2596          0.98908           1.0159           1.1098           1.1776          0.94158          0.92772          0.95995          0.97032           1.0375    
       1.1973           1.2054           1.3511           1.2198           1.2021           1.1390           1.2833           1.0662           1.1612           1.0839           1.1766           1.1507           1.2783           1.2321           1.1625           1.1885           1.2229           1.4646           1.1070           1.2487           1.2769           1.2239           1.0547           1.0249           1.2482           1.3988           1.2349           1.2003           1.4363           1.1821           1.2734           1.0944           1.1738           1.1246           1.0934           1.2367           1.0465           1.2814           1.2153           1.1868           1.1846           1.1758           1.1406           1.1488           1.1183           1.1954           1.2345           1.2694           1.2262           1.2411           1.0574           1.2423           1.3595           1.1443           1.1972           1.1219           1.1292           1.0979           1.2513           1.1593           1.2424           1.2198           1.2329           1.2177           1.3728           1.1984           1.2816           1.3703           1.2234           1.3563           1.1217           1.0943           1.2011           1.1872           1.2389           1.2080           1.2237           1.1162           1.2687           1.1280           1.0959           1.2074           1.1947           1.2123           1.2025           1.1784           1.0805           1.2484           1.2726           1.2648           1.4515           1.1956           1.2196           1.3092           1.3556           1.1504           1.1219           1.1575           1.1689           1.2341    
      0.39626          0.38996          0.39755          0.39828          0.39161          0.40458          0.40413          0.40463          0.38888          0.40385          0.40293          0.41088          0.39361          0.40161          0.39945          0.40065          0.39290          0.39903          0.39322          0.40055          0.39273          0.39428          0.39074          0.40291          0.40082          0.39851          0.39329          0.39985          0.39434          0.39762          0.39684          0.40906          0.40894          0.40877          0.38605          0.39652          0.39653          0.39436          0.39496          0.40331          0.39228          0.39943          0.41198          0.40363          0.40349          0.40347          0.40286          0.40297          0.40491          0.40120          0.40068          0.39973          0.40443          0.39078          0.39972          0.40486          0.39961          0.40103          0.38642          0.39648          0.39781          0.40759          0.39920          0.39640          0.40193          0.39341          0.40443          0.40327          0.40336          0.40578          0.38979          0.38605          0.40177          0.39971          0.38765          0.40421          0.40199          0.38978          0.40476          0.40364          0.39267          0.39589          0.40026          0.40579          0.40713          0.39805          0.40277          0.39508          0.40204          0.39241          0.40395          0.40310          0.39863          0.40128          0.39742          0.40691          0.39943          0.40164          0.39888          0.40182    
      0.80633          0.81005           1.0345          0.83629          0.81055          0.68467          0.92032          0.56024          0.74098          0.59377          0.74301          0.70426          0.91251          0.86989          0.73981          0.79684          0.88028           1.1543          0.64829          0.87275          0.90532          0.85077          0.52687          0.46869          0.86090           1.0910          0.83155          0.81777           1.1067          0.76416          0.92236          0.60529          0.75223          0.67206          0.61001          0.86099          0.51142          0.95090          0.87558          0.76403          0.77177          0.75749          0.69865          0.71243          0.68127          0.80625          0.84318          0.89045          0.83606          0.84988          0.57548          0.84979           1.0333          0.72395          0.80515          0.66824          0.69848          0.63740          0.88375          0.76219          0.84868          0.83238          0.86682          0.82801           1.0211          0.81859          0.93685           1.0421          0.84268           1.0239          0.66389          0.63039          0.81448          0.77608          0.91106          0.79561          0.81311          0.70464          0.91640          0.65031          0.64935          0.78755          0.82333          0.82638          0.81997          0.78828          0.58046          0.89621          0.90187          0.90078           1.1176          0.79145          0.84210          0.96122           1.0059          0.71949          0.65104          0.73585          0.76314          0.85150    
       3.9560           4.0384           4.5464           4.0005           3.9532           3.7402           4.2582           3.4396           3.9505           3.4551           3.8494           3.8235           4.2451           4.1599           3.8523           3.9724           4.2595           4.7565           3.6344           4.2034           4.2618           4.0067           3.3702           3.2531           4.3218           4.7082           4.0371           4.0401           4.8059           4.0783           4.3008           3.4814           3.9277           3.7113           3.4770           4.1795           3.2804           4.3001           4.2042           3.8993           4.0040           3.9502           3.6922           3.6905           3.8077           3.9551           4.0693           4.2520           4.0697           4.1134           3.3294           4.1482           4.5083           3.8414           3.9668           3.8085           3.7657           3.4955           4.2960           3.9071           4.1467           4.1236           4.1059           4.0643           4.5572           4.2049           4.4251           4.5555           4.1624           4.5380           3.6821           3.6326           4.1597           3.9696           4.2368           4.0404           4.0483           3.6483           4.2457           3.8077           3.5479           4.0028           3.9822           4.1360           4.1164           3.9830           3.4190           4.1789           4.0675           4.2296           4.8047           4.0319           4.0778           4.3732           4.4838           3.7206           3.8834           3.8676           3.8970           4.1018    
      0.90521          0.89746          0.94004          0.90228          0.89785          0.89661          0.92813          0.85962          0.89340          0.85918          0.89724          0.88392          0.92638          0.89477          0.87595          0.89290          0.87404          0.99412          0.87016          0.91637          0.94106          0.89761          0.86574          0.86375          0.92019          0.96272          0.91927          0.89077          0.98905          0.89069          0.91179          0.86236          0.89976          0.88193          0.88284          0.90670          0.87332          0.91262          0.87112          0.90470          0.90447          0.88777          0.87439          0.88327          0.86447          0.88608          0.91980          0.93777          0.90891          0.92118          0.84515          0.92493          0.95022          0.86837          0.89161          0.87424          0.86467          0.86902          0.92159          0.86969          0.91410          0.89921          0.89934          0.90805          0.96683          0.88954          0.91058          0.95176          0.89482          0.94476          0.87404          0.86791          0.89316          0.89393          0.88517          0.90780          0.92162          0.83659          0.92068          0.89110          0.85135          0.92377          0.87044          0.88512          0.88533          0.88215          0.87539          0.91340          0.93149          0.91727           1.0071          0.89122          0.89784          0.93897          0.97777          0.87560          0.87985          0.88396          0.88647          0.91158    
Mean
       1.0045           1.2067          0.39933          0.80504           4.0167          0.90078    
Std. Dev.
      0.86946E-01      0.87523E-01      0.56723E-02      0.13537          0.33018          0.31688E-01
Mean Bias
      0.44790E-02      0.66860E-02     -0.67395E-03      0.50381E-02      0.16703E-01      0.78247E-03
Median Bias
      0.20511E-02      0.23300E-02     -0.20761E-03      0.13792E-01      0.37716E-01     -0.42837E-02
RMSE
      0.87061E-01      0.87778E-01      0.57122E-02      0.13546          0.33060          0.31698E-01
Mean LL     -0.40492    
