CTGAMES MCNP QUALITY LADDER MONTE CARLO EXPERIMENTS
===================================================

 Compiler: Intel(R) Fortran Intel(R) 64 Compiler for applications running on Int
 el(R) 64, Version 19.0.5.281 Build 20190815
 Compiler options: -I/apps/intel/19.0.5/compilers_and_libraries_2019/linux/mkl/i
 nclude -stand f08 -warn all -qopenmp -heap-arrays 1024 -Ofast -ipo -o mcnp.o -c
 OMP Num. Processors:            8
 OMP Num. Threads:            8

Initialization
--------------

Initializing the model...
Setting up the state-space encoding...
Generating a fast lookup table for market configurations (s)...
Generating an encoding table for all (s, omega) combinations...
Checking for invalid states...
Generating a fast decoding table mapping k to (is, i)...
Checking for invalid states...
Precalculating profits...
Allocating memory for value function storage...
Precalculating market structure (s) transitions...
Allocating memory for CCP storage...
Precalculating state space (k) transitions...
Precalculating Q matrix sparsity pattern...
Initializing temporary COO-format matrices...

Monte Carlo parameters
----------------------

nmc:       100
nm:     10000
theta0:
       1.0000           1.2000          0.40000          0.80000           4.0000          0.90000    

 Data Sampling: Continuous Time
 Estimation Method: Maximum Likelihood

Final Monte Carlo Results
=========================

theta_mc:
      0.99528           1.0327           1.0021          0.99039          0.98473          0.98830          0.99176           1.0139          0.99970           1.0118          0.96889           1.0083          0.99065           1.0031          0.98446          0.98838          0.99311           1.0016           1.0035           1.0058          0.98596          0.99828           1.0090          0.99864           1.0096           1.0119           1.0056           1.0036           1.0234          0.99740          0.97982          0.98160           1.0103          0.99232          0.99627           1.0299           1.0057           1.0016          0.98881           1.0242           1.0067          0.99887           1.0016           1.0084          0.99220           1.0019          0.98300           1.0045          0.98219           1.0236          0.99846           1.0168           1.0153          0.99517           1.0172           1.0059          0.99809          0.99051           1.0076           1.0225           1.0021           1.0104           1.0032           1.0067          0.96483          0.98872           1.0159           1.0095           1.0109          0.96830          0.99554           1.0149          0.98162          0.99290           1.0068          0.99812          0.99459           1.0269           1.0070          0.99519          0.97832           1.0094           1.0016           1.0016           1.0116           1.0201          0.98323          0.99114          0.98300          0.98980           1.0203           1.0048           1.0020           1.0077           1.0100           1.0106          0.98244          0.98473          0.99147          0.98909    
       1.1692           1.2086           1.2239           1.1925           1.2044           1.2014           1.2153           1.2074           1.1954           1.2496           1.2000           1.2187           1.1869           1.2005           1.1845           1.1813           1.2248           1.2076           1.1852           1.2085           1.1946           1.1936           1.2075           1.1866           1.1624           1.2178           1.1787           1.2351           1.1788           1.1860           1.2000           1.1994           1.1887           1.1701           1.1757           1.2026           1.1997           1.1961           1.1982           1.2081           1.2110           1.2014           1.1951           1.2039           1.2112           1.1837           1.2099           1.1824           1.2136           1.2037           1.1734           1.1832           1.1960           1.1948           1.2099           1.2227           1.2096           1.1947           1.2309           1.2324           1.1841           1.2144           1.1643           1.2097           1.2115           1.2033           1.1829           1.2207           1.2060           1.1885           1.1715           1.1981           1.1935           1.2056           1.2369           1.2189           1.1760           1.2465           1.2016           1.1817           1.2227           1.2064           1.2136           1.1982           1.2124           1.1688           1.2056           1.1862           1.1870           1.1953           1.2027           1.2065           1.2045           1.1945           1.2105           1.2221           1.1993           1.2033           1.1923           1.1990    
      0.39570          0.41887          0.42701          0.40814          0.40774          0.41536          0.41942          0.42976          0.36645          0.42885          0.40303          0.41693          0.36471          0.42648          0.37584          0.40708          0.43500          0.41590          0.37690          0.41434          0.37802          0.43957          0.41173          0.39760          0.41848          0.41316          0.39155          0.41944          0.39110          0.37171          0.41450          0.40765          0.40020          0.39943          0.40724          0.39912          0.39023          0.40217          0.42894          0.38756          0.39818          0.40546          0.41692          0.39064          0.37736          0.41417          0.42222          0.39277          0.41214          0.37402          0.38834          0.37148          0.37690          0.38711          0.38531          0.41290          0.39984          0.39837          0.38055          0.41201          0.40023          0.36854          0.38162          0.39388          0.37080          0.37941          0.40266          0.36955          0.41443          0.38957          0.36112          0.38570          0.41148          0.38146          0.40254          0.40826          0.41041          0.39499          0.41410          0.41556          0.42259          0.40126          0.39740          0.38803          0.41814          0.42942          0.38468          0.40660          0.37477          0.36827          0.41519          0.44176          0.40588          0.38443          0.39306          0.38546          0.39818          0.41156          0.40638          0.39197    
      0.75829          0.79104          0.78788          0.82096          0.84076          0.82910          0.79529          0.80699          0.79871          0.82040          0.84689          0.80786          0.80957          0.80293          0.78542          0.81301          0.82953          0.78826          0.78525          0.80832          0.85936          0.79297          0.79323          0.80697          0.74100          0.78803          0.77839          0.80910          0.72386          0.84157          0.83423          0.79989          0.78315          0.75309          0.81736          0.77846          0.84258          0.78120          0.78574          0.76021          0.81807          0.81482          0.81630          0.81202          0.81917          0.80371          0.81386          0.77574          0.83350          0.81383          0.79205          0.75202          0.77029          0.84055          0.77248          0.80310          0.81526          0.80933          0.85976          0.80476          0.76713          0.80059          0.78694          0.84529          0.86523          0.85742          0.74425          0.79453          0.77983          0.85681          0.83894          0.78797          0.78880          0.85234          0.82470          0.79565          0.70953          0.83721          0.76771          0.78518          0.87087          0.79345          0.77887          0.79162          0.79084          0.69948          0.84893          0.75557          0.80669          0.85391          0.79899          0.75991          0.81493          0.80233          0.78038          0.80819          0.84165          0.79890          0.80568          0.80719    
       4.0345           3.5943           4.0125           3.9788           4.1001           3.9261           4.2359           4.1012           3.9457           4.1973           4.1984           3.8779           4.3501           4.1613           3.7402           4.0122           4.1504           3.9700           4.1553           3.9605           3.9790           4.0963           3.9017           3.8620           3.9770           4.0558           4.0599           3.8389           3.6987           4.0229           4.1150           4.0195           4.1074           3.9533           4.1612           4.0016           4.0983           3.9942           3.9325           3.9028           3.9650           4.0629           3.8661           3.9447           3.9422           4.0500           3.9306           3.7202           3.9712           3.9399           4.1207           3.9056           4.0366           4.1709           3.9338           4.0913           4.0227           3.9338           4.0684           3.8854           4.1101           4.1301           4.0790           4.2603           4.1710           4.2496           3.8469           4.0416           4.0091           4.0240           4.1391           3.9895           3.8569           4.0677           3.8194           3.9626           3.8704           4.2072           4.1516           4.1663           4.4503           3.8900           4.2768           3.9167           3.9082           3.7224           4.1332           4.1601           4.0186           3.9585           4.0298           3.7659           4.1791           4.0752           4.1312           4.3481           4.0532           4.2486           4.2580           3.9820    
      0.90651          0.93965          0.91028          0.88558          0.86907          0.87424          0.89596          0.89439          0.91509          0.89288          0.84894          0.91221          0.88152          0.87326          0.90951          0.87220          0.87707          0.90236          0.90817          0.89765          0.87347          0.88044          0.90998          0.89646          0.90770          0.91850          0.90054          0.90885          0.95271          0.87275          0.86473          0.87696          0.90890          0.90479          0.86714          0.93675          0.87746          0.90702          0.88195          0.94863          0.90290          0.88840          0.88476          0.92107          0.89905          0.88140          0.87937          0.91191          0.88148          0.91746          0.88789          0.94336          0.92697          0.87693          0.94009          0.90651          0.89376          0.88744          0.90431          0.92278          0.90202          0.92866          0.89480          0.87718          0.86004          0.86985          0.93476          0.92698          0.91117          0.85673          0.87373          0.91490          0.89674          0.87350          0.91619          0.91390          0.92823          0.91621          0.91055          0.88018          0.84146          0.92274          0.90730          0.91295          0.91706          0.95049          0.87797          0.89921          0.89084          0.87651          0.90406          0.91608          0.88661          0.90452          0.91769          0.90783          0.87372          0.87366          0.87466          0.90090    
Mean
       1.0005           1.2005          0.40021          0.80232           4.0270          0.89863    
Std. Dev.
      0.13455E-01      0.17141E-01      0.18405E-01      0.32793E-01      0.14864          0.22969E-01
Mean Bias
      0.49972E-03      0.54958E-03      0.20902E-03      0.23193E-02      0.27012E-01     -0.13728E-02
Median Bias
      0.16184E-02      0.97450E-03      0.74700E-03      0.30145E-02      0.22772E-01      0.71903E-03
RMSE
      0.13465E-01      0.17150E-01      0.18406E-01      0.32875E-01      0.15107          0.23010E-01
Mean LL      0.25762    
