CTGAMES MCNP QUALITY LADDER MONTE CARLO EXPERIMENTS
===================================================

 Compiler: Intel(R) Fortran Intel(R) 64 Compiler for applications running on Int
 el(R) 64, Version 19.0.5.281 Build 20190815
 Compiler options: -I/apps/intel/19.0.5/compilers_and_libraries_2019/linux/mkl/i
 nclude -stand f08 -warn all -qopenmp -heap-arrays 1024 -Ofast -ipo -o mcnp.o -c
 OMP Num. Processors:            2
 OMP Num. Threads:            2

Initialization
--------------

Initializing the model...
Setting up the state-space encoding...
Generating a fast lookup table for market configurations (s)...
Generating an encoding table for all (s, omega) combinations...
Checking for invalid states...
Generating a fast decoding table mapping k to (is, i)...
Checking for invalid states...
Precalculating profits...
Allocating memory for value function storage...
Precalculating market structure (s) transitions...
Allocating memory for CCP storage...
Precalculating state space (k) transitions...
Precalculating Q matrix sparsity pattern...
Initializing temporary COO-format matrices...

Monte Carlo parameters
----------------------

nmc:       100
nm:     10000
theta0:
       1.0000           1.2000          0.40000          0.80000           4.0000          0.90000    

 Data Sampling: Discrete Time
 Delta:    1.00000000000000     
 Estimation Method: Maximum Likelihood

Final Monte Carlo Results
=========================

theta_mc:
      0.82470           1.2920           1.5152           1.0709           1.1632           1.1297          0.94592           1.0942           1.2179          0.94417           1.1633          0.68884          0.79858          0.90739          0.91384          0.86303           1.2845           1.0356          0.91610           1.1098          0.70891           1.1659          0.80604           1.4161          0.96189           1.0508          0.95703          0.91361           1.3677           1.0485          0.83357           1.1025           1.2320           1.1540           1.1709          0.88457           1.3599          0.97766           1.0706           1.1665           1.0417           1.1189          0.94932           1.2215          0.94980           1.1945          0.86211          0.83011          0.88455          0.95777          0.92629          0.85815          0.89368          0.85217          0.89108          0.94156          0.77184          0.81126          0.72481           1.2671           1.0016          0.91578           1.5694           1.0150           1.1692          0.85480          0.94487          0.73929          0.96575           1.0344          0.70835           1.0713          0.95968           1.2087           1.1724          0.94995          0.87169          0.89354           1.0380           1.0349          0.90909           1.1966          0.85337           1.3769           1.0634          0.99052           1.0437           1.1906           1.1259          0.97641           1.1415           1.2326           1.0679          0.86152          0.86695          0.83705           1.0373          0.94277           1.0694           1.0100    
       1.0381           1.5349           1.7361           1.2698           1.3603           1.3170           1.1363           1.2641           1.3938           1.1487           1.3638          0.87362           1.0006           1.1155           1.1380           1.0460           1.4800           1.2362           1.1048           1.3039          0.88149           1.3892           1.0066           1.5881           1.1937           1.2589           1.1655           1.1082           1.6164           1.2422           1.0421           1.2923           1.4121           1.3471           1.4129           1.0923           1.5873           1.2006           1.2719           1.3544           1.2545           1.3390           1.1555           1.4168           1.1300           1.4037           1.0577           1.0395           1.0973           1.1345           1.1042           1.0507           1.0749           1.0665           1.1035           1.1256          0.95286          0.99146          0.94451           1.4707           1.1946           1.1285           1.7865           1.2261           1.3670           1.0508           1.1796          0.94617           1.1539           1.2465          0.90845           1.2629           1.2060           1.4158           1.3795           1.1428           1.0618           1.0892           1.2370           1.2297           1.1000           1.4070           1.0529           1.6012           1.2703           1.2160           1.2485           1.3837           1.3390           1.1811           1.3346           1.4071           1.2782           1.0769           1.0483           1.0283           1.2461           1.1547           1.2877           1.2033    
      0.39008          0.39553          0.39894          0.40549          0.39500          0.39530          0.40712          0.40519          0.39109          0.40759          0.40856          0.41391          0.39176          0.40986          0.39921          0.39009          0.39221          0.39776          0.39541          0.39038          0.39338          0.40283          0.39008          0.39246          0.40642          0.40449          0.39656          0.40513          0.39996          0.38289          0.39613          0.40216          0.41102          0.41600          0.39108          0.39578          0.39720          0.39630          0.39907          0.40511          0.38260          0.40050          0.41909          0.40193          0.40749          0.40472          0.39167          0.39573          0.40028          0.40335          0.40074          0.39407          0.39655          0.39190          0.40223          0.40034          0.38712          0.40298          0.38433          0.39292          0.39354          0.40714          0.40664          0.39587          0.40297          0.39724          0.40280          0.41229          0.38926          0.40394          0.38609          0.39429          0.40105          0.40238          0.40274          0.40121          0.40536          0.39510          0.39836          0.40359          0.39066          0.39127          0.40206          0.40899          0.41199          0.40558          0.39915          0.40072          0.39913          0.38787          0.40399          0.39543          0.40273          0.40068          0.40214          0.40173          0.39896          0.40305          0.39677          0.40137    
      0.53600           1.2446           1.4550          0.88019           1.0315          0.96524          0.66615          0.86219           1.0412          0.70202          0.96855          0.18608E-01      0.37897          0.67569          0.72114          0.55120           1.2129          0.86719          0.62471          0.97243          0.35692E-01       1.0565          0.40718           1.2609          0.76521          0.92038          0.70526          0.64081           1.2998          0.91296          0.51677          0.94272           1.0812          0.96590           1.0993          0.61255           1.2682          0.84643          0.94838          0.98747          0.91312           1.0300          0.72043           1.0889          0.67063           1.1201          0.53999          0.52798          0.65389          0.65302          0.67861          0.52030          0.60859          0.57133          0.62473          0.66836          0.34885          0.38915          0.29539           1.1986          0.79842          0.68759           1.4663          0.85526           1.0017          0.53830          0.81162          0.26542          0.79537          0.90581          0.14129          0.87259          0.84699           1.0905           1.0402          0.69809          0.48132          0.65559          0.88819          0.81114          0.67168           1.0789          0.57596           1.3095          0.89705          0.83001          0.88097           1.0447           1.0042          0.80887          0.95932           1.0778          0.92276          0.58520          0.48057          0.49102          0.85907          0.74182          0.94577          0.83343    
       3.4203           5.1280           5.6434           4.4054           4.7201           4.6414           3.3918           4.0601           4.6797           3.8814           4.6163          0.10000E-01       2.8854           3.7552           3.6716           3.2001           5.0345           4.1713           3.6330           4.1701           2.3539           4.8278           3.1588           5.0161           4.0462           4.4181           3.8187           3.8310           5.2104           4.0723           3.2378           4.3316           4.5795           4.5373           4.6851           3.1492           5.1066           3.9063           4.2878           4.3253           4.3353           4.6974           3.8266           4.8269           3.8511           4.4133           3.2959           3.1943           3.3740           3.8344           3.5704           3.1233           3.5538           3.0984           3.2969           3.8768           2.5516           2.9340           2.0736           4.9593           3.9614           3.5542           5.5246           4.1597           4.8044           3.2418           3.8019           2.3210           4.2444           4.2160           1.9077           4.1525           4.1740           4.7693           4.8588           3.8199           3.0334           3.5541           4.0228           4.3626           3.3673           4.6364           2.9850           5.0924           4.0179           3.8122           4.1203           4.7421           4.4763           4.0153           4.4097           4.4648           4.2895           3.1703           3.2293           3.0564           4.0456           3.7497           4.3036           4.0065    
      0.82607          0.99567           1.0920          0.93349          0.95687          0.95100          0.90541          0.95799           1.0062          0.87908          0.98473          0.88556          0.86822          0.85049          0.86200          0.85707          0.98542          0.90879          0.88437          0.94404          0.90149          0.94842          0.86300           1.0871          0.88371          0.90046          0.90632          0.86986           1.0509          0.90880          0.85069          0.93118          0.99690          0.96856          0.95760          0.86602           1.0480          0.87221          0.90487          0.98866          0.90486          0.91794          0.87460          0.98350          0.88458          0.96368          0.86498          0.83871          0.84873          0.91116          0.86483          0.87305          0.85593          0.84765          0.86482          0.88178          0.84009          0.86161          0.82230          0.98887          0.90146          0.86512           1.1330          0.90016          0.96483          0.85379          0.85690          0.84222          0.84843          0.88883          0.87713          0.94785          0.84105          0.97489          0.95557          0.88291          0.91151          0.84727          0.89692          0.91563          0.86635          0.98452          0.84823           1.0431          0.92577          0.89452          0.91627          0.97004          0.94309          0.87417          0.97301           1.0057          0.91685          0.85457          0.88956          0.85663          0.92263          0.87044          0.91217          0.89821    
Mean
       1.0209           1.2232          0.39931          0.80121           3.9318          0.91404    
Std. Dev.
      0.17686          0.18091          0.71571E-02      0.28295          0.84108          0.62809E-01
Mean Bias
      0.20875E-01      0.23156E-01     -0.68830E-03      0.12126E-02     -0.68188E-01      0.14043E-01
Median Bias
     -0.39424E-02      0.46566E-02      0.11984E-03      0.31721E-01      0.20365E-01      0.96008E-03
RMSE
      0.17809          0.18238          0.71901E-02      0.28296          0.84384          0.64360E-01
Mean LL     -0.79024    
