CTGAMES MCNP QUALITY LADDER MONTE CARLO EXPERIMENTS
===================================================

 Compiler: Intel(R) Fortran Intel(R) 64 Compiler for applications running on Int
 el(R) 64, Version 19.0.5.281 Build 20190815
 Compiler options: -I/apps/intel/19.0.5/compilers_and_libraries_2019/linux/mkl/i
 nclude -stand f08 -warn all -qopenmp -heap-arrays 1024 -Ofast -ipo -o mcnp.o -c
 OMP Num. Processors:            2
 OMP Num. Threads:            1

Initialization
--------------

Initializing the model...
Setting up the state-space encoding...
Generating a fast lookup table for market configurations (s)...
Generating an encoding table for all (s, omega) combinations...
Checking for invalid states...
Generating a fast decoding table mapping k to (is, i)...
Checking for invalid states...
Precalculating profits...
Allocating memory for value function storage...
Precalculating market structure (s) transitions...
Allocating memory for CCP storage...
Precalculating state space (k) transitions...
Precalculating Q matrix sparsity pattern...
Initializing temporary COO-format matrices...

Monte Carlo parameters
----------------------

nmc:       100
nm:     10000
theta0:
       1.0000           1.2000          0.40000          0.80000           4.0000          0.90000    
 
 Data Sampling: Continuous Time
 Estimation Method: Maximum Likelihood

Final Monte Carlo Results
=========================

theta_mc:
       1.0086           1.0086           1.0193          0.97567          0.97725           1.0047          0.99927           1.0017           1.0100           1.0216          0.98083           1.0012           1.0065          0.99244          0.99156           1.0173          0.97386           1.0116           1.0305          0.99802          0.98959          0.99790          0.98735          0.98520          0.99150          0.97659          0.98103          0.99938           1.0066          0.98303           1.0008          0.99151           1.0314          0.97910          0.96852          0.97567          0.97725          0.99887           1.0036          0.99751           1.0115           1.0090           1.0127          0.99950          0.98440           1.0104           1.0143           1.0141          0.99776           1.0081           1.0012          0.98167          0.97430          0.98142          0.98711           1.0039           1.0141           1.0278          0.98157          0.99835          0.98896           1.0049           1.0114           1.0026          0.98774          0.97031           1.0131          0.99951           1.0037           1.0027          0.98839           1.0199          0.97066          0.98149          0.97467           1.0209          0.99966           1.0108          0.99980          0.99403           1.0105           1.0181           1.0207          0.98312           1.0000          0.99022          0.99300          0.99709          0.98366           1.0060          0.97887           1.0082           1.0102           1.0033          0.97933          0.99924          0.97388           1.0182          0.98216          0.97707    
       1.1924           1.2125           1.2253           1.2124           1.2119           1.2105           1.2297           1.1794           1.2087           1.2207           1.1971           1.2066           1.2044           1.1773           1.1924           1.1842           1.2001           1.2252           1.2157           1.2168           1.1617           1.2098           1.2016           1.1862           1.1866           1.1954           1.1832           1.2138           1.2285           1.1832           1.2067           1.2090           1.2167           1.1430           1.1660           1.2273           1.1823           1.1828           1.2160           1.1831           1.2133           1.1971           1.2443           1.1519           1.1831           1.1764           1.2060           1.1842           1.2038           1.1499           1.2157           1.1815           1.1843           1.2022           1.1809           1.1859           1.2137           1.1921           1.1742           1.1919           1.2024           1.2134           1.2080           1.1917           1.2071           1.1796           1.1948           1.2123           1.1881           1.1697           1.2135           1.1939           1.1930           1.1840           1.1830           1.1970           1.1904           1.1994           1.2119           1.1768           1.2031           1.2278           1.1980           1.1812           1.1598           1.1732           1.2130           1.2349           1.1780           1.1912           1.1975           1.2125           1.2388           1.1710           1.1627           1.1871           1.1944           1.2226           1.1733           1.1793    
      0.38373          0.40565          0.40777          0.40736          0.39049          0.39317          0.40138          0.41140          0.40204          0.40268          0.39958          0.41385          0.39697          0.38617          0.38862          0.39791          0.41435          0.42712          0.38686          0.40814          0.39090          0.40002          0.37975          0.39598          0.40384          0.40167          0.40048          0.41054          0.40570          0.38662          0.40646          0.40205          0.40622          0.40232          0.39149          0.42282          0.37756          0.39338          0.40439          0.39761          0.40449          0.39365          0.39126          0.38773          0.40447          0.38239          0.41212          0.38372          0.42551          0.39894          0.39793          0.39131          0.39915          0.39517          0.38835          0.39932          0.39291          0.40454          0.40015          0.41010          0.40222          0.40692          0.40770          0.38539          0.40015          0.40153          0.41420          0.40481          0.40153          0.38640          0.39325          0.41191          0.40511          0.39162          0.39777          0.40400          0.41427          0.40635          0.39346          0.39043          0.40187          0.40470          0.38935          0.41581          0.39713          0.40945          0.39296          0.39650          0.37841          0.39247          0.39600          0.40914          0.40478          0.38830          0.40846          0.39925          0.39956          0.38663          0.40030          0.39428    
      0.78062          0.82434          0.78509          0.83581          0.84657          0.83937          0.81596          0.75933          0.79195          0.81266          0.83153          0.82040          0.78491          0.82496          0.83104          0.77484          0.78827          0.78757          0.78038          0.80223          0.76528          0.83466          0.86686          0.77532          0.75958          0.79357          0.80003          0.79193          0.81979          0.80567          0.82858          0.74940          0.78846          0.74880          0.79876          0.87133          0.81617          0.76902          0.80068          0.78862          0.79602          0.76710          0.83223          0.71350          0.79187          0.78113          0.73757          0.75756          0.81206          0.72064          0.82351          0.79076          0.79012          0.82457          0.77139          0.76214          0.79285          0.76607          0.77716          0.77843          0.80401          0.80006          0.82837          0.77047          0.80683          0.85398          0.80073          0.84309          0.75904          0.77129          0.88627          0.76255          0.81042          0.80589          0.80065          0.79097          0.80818          0.76174          0.83542          0.74226          0.76721          0.85319          0.76767          0.76483          0.77429          0.75656          0.79587          0.85896          0.79376          0.81397          0.82265          0.80829          0.82841          0.77027          0.79149          0.78603          0.81438          0.79111          0.75164          0.77026    
       4.0375           4.1695           3.8893           4.1404           3.9435           3.9634           4.0964           3.9925           4.1182           3.9989           4.4165           3.9587           3.8647           4.0470           3.8713           3.8092           3.8020           4.0052           3.9712           3.9212           3.8298           3.9653           4.0938           3.8795           3.8081           3.9395           4.0158           4.2303           4.0526           4.1291           3.9474           4.0881           4.0028           3.9724           3.9515           4.1699           4.1340           4.0016           4.2112           3.8927           3.8565           4.0117           4.0902           3.8479           4.0237           4.0549           3.8704           3.9256           3.8551           3.9669           3.8939           3.8505           4.1311           4.0131           4.0895           3.7440           4.2443           4.0678           4.1607           3.7763           3.7385           3.8179           4.2803           4.0637           4.1112           4.0037           3.6814           4.0803           3.8431           4.0236           4.0629           3.9384           4.3022           3.9821           4.0766           3.9141           4.0949           4.1874           3.9275           3.7660           3.8645           4.1952           4.1488           3.7801           4.0567           3.8308           4.0655           3.9396           3.8895           3.9264           3.8934           3.9825           4.0556           3.9323           4.0151           3.8543           3.9400           3.7772           3.9142           4.0241    
      0.91666          0.88906          0.93146          0.86006          0.87171          0.89212          0.90683          0.90357          0.90483          0.91280          0.84531          0.89171          0.92373          0.87687          0.89545          0.91829          0.89236          0.91408          0.94522          0.91109          0.89890          0.89191          0.86960          0.90646          0.91577          0.89379          0.87071          0.89600          0.90475          0.87867          0.89217          0.92071          0.92775          0.88039          0.87128          0.84735          0.87421          0.90956          0.90023          0.90067          0.91770          0.91662          0.91984          0.92854          0.88173          0.91620          0.93344          0.92931          0.88028          0.91022          0.90537          0.89210          0.87418          0.88570          0.89141          0.92645          0.91534          0.92537          0.87573          0.90940          0.90032          0.91291          0.88402          0.91288          0.88613          0.84648          0.91757          0.87593          0.92024          0.90601          0.86440          0.91875          0.86637          0.88337          0.87311          0.91726          0.87553          0.91069          0.90602          0.92980          0.92752          0.89463          0.92476          0.90050          0.88740          0.90373          0.90869          0.89789          0.89097          0.89791          0.88617          0.90692          0.90329          0.90508          0.86216          0.90638          0.88021          0.94292          0.90391          0.88960    
Mean
      0.99744           1.1965          0.39953          0.79600           3.9879          0.89917    
Std. Dev.
      0.15112E-01      0.19950E-01      0.98536E-02      0.32437E-01      0.13674          0.21152E-01
Mean Bias
     -0.25582E-02     -0.35183E-02     -0.47341E-03     -0.39994E-02     -0.12118E-01     -0.82549E-03
Median Bias
     -0.67494E-03     -0.37798E-02      0.84644E-04     -0.75983E-02     -0.17701E-01      0.19798E-02
RMSE
      0.15327E-01      0.20258E-01      0.98650E-02      0.32682E-01      0.13727          0.21168E-01
Mean LL     -0.42457    
