CTGAMES MCNP QUALITY LADDER MONTE CARLO EXPERIMENTS
===================================================

 Compiler: Intel(R) Fortran Intel(R) 64 Compiler for applications running on Int
 el(R) 64, Version 19.0.5.281 Build 20190815
 Compiler options: -I/apps/intel/19.0.5/compilers_and_libraries_2019/linux/mkl/i
 nclude -stand f08 -warn all -qopenmp -heap-arrays 1024 -Ofast -ipo -o mcnp.o -c
 OMP Num. Processors:            3
 OMP Num. Threads:            2

Initialization
--------------

Initializing the model...
Setting up the state-space encoding...
Generating a fast lookup table for market configurations (s)...
Generating an encoding table for all (s, omega) combinations...
Checking for invalid states...
Generating a fast decoding table mapping k to (is, i)...
Checking for invalid states...
Precalculating profits...
Allocating memory for value function storage...
Precalculating market structure (s) transitions...
Allocating memory for CCP storage...
Precalculating state space (k) transitions...
Precalculating Q matrix sparsity pattern...
Initializing temporary COO-format matrices...

Monte Carlo parameters
----------------------

nmc:       100
nm:     10000
theta0:
       1.0000           1.2000          0.40000          0.80000           4.0000          0.90000    

 Data Sampling: Continuous Time
 Estimation Method: Maximum Likelihood

Final Monte Carlo Results
=========================

theta_mc:
      0.99101           1.0056           1.0197           1.0114          0.98561          0.99922          0.98087          0.99038           1.0252           1.0292          0.98924          0.98950           1.0075           1.0212           1.0048           1.0074          0.99705           1.0136           1.0160           1.0118           1.0012           1.0187           1.0018           1.0223           1.0122          0.98265          0.99742           1.0152           1.0171          0.98228          0.99921           1.0064           1.0209          0.97894          0.98770           1.0172          0.99072          0.98605          0.98658           1.0036           1.0202           1.0134           1.0169          0.98622          0.96192          0.99589           1.0025          0.99562          0.97677          0.99287          0.98095          0.99752          0.99761          0.99626           1.0138           1.0133          0.99713          0.99931          0.98424           1.0028          0.99994           1.0037           1.0002          0.99236          0.97605          0.99089          0.98740           1.0042           1.0047          0.99220           1.0164          0.99922          0.98176           1.0018          0.98859          0.99563          0.98646           1.0126          0.99502          0.98791           1.0008          0.98967           1.0105          0.99135           1.0160          0.99805          0.98930          0.98459           1.0029          0.97982          0.98548           1.0059           1.0108          0.99734           1.0044          0.99434           1.0008          0.98950          0.99409          0.97120    
       1.2053           1.2245           1.2054           1.1703           1.1793           1.1843           1.2102           1.2391           1.2240           1.2048           1.2165           1.2068           1.1866           1.1944           1.1778           1.1651           1.2066           1.2119           1.1987           1.2261           1.2046           1.1985           1.1747           1.1912           1.1541           1.2030           1.1960           1.2424           1.2134           1.1577           1.2034           1.2095           1.2308           1.1858           1.1981           1.2185           1.2047           1.2256           1.1952           1.2032           1.1827           1.1956           1.1920           1.2230           1.1891           1.1977           1.2302           1.1973           1.2128           1.1691           1.1997           1.2143           1.1828           1.2113           1.1839           1.2093           1.1789           1.2093           1.1781           1.2067           1.2128           1.2270           1.2074           1.1843           1.2048           1.1886           1.2068           1.2138           1.1904           1.1873           1.1892           1.2219           1.2043           1.1939           1.1797           1.1909           1.1700           1.2221           1.1965           1.1826           1.1831           1.2483           1.1837           1.1994           1.1921           1.1913           1.2300           1.1870           1.1780           1.1934           1.1839           1.1981           1.1876           1.1951           1.1896           1.2043           1.1718           1.1893           1.1897           1.1697    
      0.39677          0.42683          0.41578          0.38452          0.39241          0.39905          0.41975          0.41554          0.39470          0.40532          0.38198          0.41336          0.39846          0.40473          0.38553          0.36868          0.39519          0.41168          0.35640          0.38878          0.39142          0.40533          0.38658          0.37326          0.39040          0.40901          0.40952          0.39443          0.38739          0.39079          0.40280          0.37941          0.40301          0.38893          0.40274          0.39531          0.38823          0.38243          0.39359          0.37973          0.39516          0.39652          0.38867          0.38903          0.38992          0.39926          0.39285          0.41437          0.39468          0.37199          0.37661          0.36654          0.40389          0.38460          0.39068          0.40518          0.39033          0.41863          0.38864          0.40048          0.40091          0.38746          0.39075          0.40889          0.40329          0.39220          0.39505          0.40928          0.42218          0.40788          0.37160          0.39286          0.39168          0.37542          0.39772          0.42542          0.39583          0.42612          0.41136          0.39509          0.39464          0.40478          0.38558          0.40752          0.38837          0.40829          0.39320          0.41910          0.38706          0.37541          0.39362          0.41283          0.41371          0.37791          0.39166          0.38511          0.41335          0.41510          0.41244          0.40205    
      0.82945          0.85565          0.74825          0.71752          0.79347          0.84154          0.82199          0.87871          0.78075          0.75486          0.85147          0.84092          0.76363          0.76161          0.74985          0.76946          0.81032          0.80680          0.78961          0.84031          0.85436          0.79415          0.78490          0.75679          0.76614          0.80712          0.82145          0.82246          0.80556          0.81228          0.83119          0.78751          0.82127          0.80097          0.84444          0.80562          0.87331          0.84144          0.80146          0.82012          0.74974          0.79878          0.78218          0.88106          0.86364          0.82724          0.87258          0.80409          0.83704          0.81354          0.83882          0.83108          0.80070          0.81614          0.76776          0.79901          0.79048          0.80528          0.79255          0.80286          0.81658          0.81307          0.82726          0.77009          0.80466          0.80877          0.81393          0.81094          0.78784          0.80257          0.81357          0.81281          0.80675          0.85042          0.80764          0.77970          0.75776          0.74466          0.78147          0.80936          0.79474          0.85660          0.76554          0.81221          0.76760          0.79653          0.83779          0.77498          0.76382          0.84063          0.85218          0.76324          0.78365          0.84586          0.79466          0.80585          0.74737          0.79438          0.81670          0.78950    
       4.0928           3.8983           3.7090           3.7361           3.9130           4.0087           4.2106           4.3194           4.3076           4.4735           4.5282           3.9558           3.8342           3.9498           3.7970           3.7800           4.0409           4.1623           4.0614           4.2930           3.8911           3.9906           4.1193           3.9017           3.6972           4.1293           4.2128           4.0976           3.6389           4.0727           4.1915           4.0057           3.9923           4.0394           4.0553           4.0960           4.0218           4.1089           3.9751           4.2140           3.9062           3.8442           3.9918           4.2078           4.3086           3.9437           3.9300           4.0615           4.0103           3.8491           3.9043           4.2752           3.9276           3.9019           3.8412           3.8588           4.2227           3.9700           4.0186           3.8291           4.2034           4.0308           4.2828           4.0802           4.1065           3.9737           3.9966           4.0388           4.0151           3.9714           3.9573           4.1382           4.2499           3.9286           3.9464           3.7838           3.9842           3.9870           3.9811           3.8375           4.2864           3.9690           4.1166           4.0957           3.9720           4.0010           4.1480           4.1030           3.8905           4.1779           4.1299           4.0144           4.0612           3.9781           4.0401           4.1022           3.8587           4.1753           4.0920           3.9784    
      0.88406          0.88545          0.94406          0.95147          0.88727          0.87260          0.86672          0.86133          0.93026          0.91657          0.85948          0.87910          0.91968          0.92181          0.93174          0.92348          0.89573          0.90396          0.92683          0.89779          0.88635          0.90881          0.89287          0.94680          0.91362          0.88125          0.86985          0.91554          0.93809          0.85689          0.88333          0.92055          0.91602          0.88600          0.86707          0.91439          0.87347          0.88827          0.89646          0.89259          0.93438          0.91553          0.91811          0.86741          0.83043          0.88886          0.89007          0.88214          0.87950          0.88796          0.88128          0.90411          0.88726          0.91356          0.92464          0.91439          0.88439          0.89609          0.89736          0.90706          0.88627          0.91952          0.88287          0.89343          0.87239          0.88780          0.89780          0.89660          0.89752          0.88915          0.91374          0.90561          0.88349          0.88480          0.88689          0.89941          0.90005          0.92927          0.90176          0.89505          0.88349          0.90190          0.90922          0.88548          0.92401          0.89216          0.89014          0.88689          0.91677          0.86745          0.86043          0.91217          0.90011          0.88497          0.90372          0.90445          0.90982          0.87735          0.87152          0.87339    
Mean
      0.99903           1.1985          0.39651          0.80557           4.0301          0.89691    
Std. Dev.
      0.13186E-01      0.18310E-01      0.13952E-01      0.33159E-01      0.15997          0.21599E-01
Mean Bias
     -0.96503E-03     -0.14874E-02     -0.34946E-02      0.55699E-02      0.30089E-01     -0.30902E-02
Median Bias
     -0.13694E-02     -0.24789E-02     -0.51232E-02      0.57318E-02      0.12340E-01     -0.46108E-02
RMSE
      0.13221E-01      0.18370E-01      0.14383E-01      0.33623E-01      0.16278          0.21819E-01
Mean LL     -0.43574    
