CTGAMES MCNP QUALITY LADDER MONTE CARLO EXPERIMENTS
===================================================

 Compiler: GNU Fortran (Homebrew GCC 12.2.0) 12.2.0
 Compiler version: GCC version 12.2.0
 Compiler options: -march=skylake-avx512 -mmmx -mpopcnt -msse -msse2 -msse3 -mssse3 -msse4.1 -msse4.2 -mavx -mavx2 -mno-sse4a -mno-fma4 -mno-xop -mfma -mno-avx512f -mbmi -mbmi2 -maes -mpclmul -mno-avx512vl -mno-avx512bw -mno-avx512dq -mno-avx512cd -mno-avx512er -mno-avx512pf -mno-avx512vbmi -mno-avx512ifma -mno-avx5124vnniw -mno-avx5124fmaps -mno-avx512vpopcntdq -mno-avx512vbmi2 -mno-gfni -mno-vpclmulqdq -mno-avx512vnni -mno-avx512bitalg -mno-avx512bf16 -mno-avx512vp2intersect -mno-3dnow -madx -mabm -mno-cldemote -mclflushopt -mclwb -mno-clzero -mcx16 -mno-enqcmd -mf16c -mfsgsbase -mfxsr -mno-hle -msahf -mno-lwp -mlzcnt -mmovbe -mno-movdir64b -mno-movdiri -mno-mwaitx -mno-pconfig -mno-pku -mno-prefetchwt1 -mprfchw -mno-ptwrite -mno-rdpid -mrdrnd -mrdseed -mno-rtm -mno-serialize -mno-sgx -mno-sha -mno-shstk -mno-tbm -mno-tsxldtrk -mno-vaes -mno-waitpkg -mno-wbnoinvd -mxsave -mxsavec -mxsaveopt -mxsaves -mno-amx-tile -mno-amx-int8 -mno-amx-bf16 -mno-uintr -mno-hreset -mno-kl -mno-widekl -mno-avxvnni -mno-avx512fp16 --param=l1-cache-size=32 --param=l1-cache-line-size=64 --param=l2-cache-size=39424 -mtune=skylake-avx512 -fPIC -mmacosx-version-min=12.0.0 -O3 -Wall -Wsurprising -Wconversion -Wline-truncation -std=f2008 -fopenmp
 OMP Num. Processors:           56
 OMP Num. Threads:           56

Initialization
--------------

Initializing the model...
Setting up the state-space encoding...
Generating a fast lookup table for market configurations (s)...
Generating an encoding table for all (s, omega) combinations...
Checking for invalid states...
Generating a fast decoding table mapping k to (is, i)...
Checking for invalid states...
Precalculating profits...
Allocating memory for value function storage...
Precalculating market structure (s) transitions...
Allocating memory for CCP storage...
Precalculating state space (k) transitions...
Precalculating Q matrix sparsity pattern...
Initializing temporary COO-format matrices...

Monte Carlo parameters
----------------------

nmc:         0
nm:     10000
theta0:
       1.0000          0.40000          0.80000           6.0000          0.80000
Obtaining value function...
Elapsed time:  0.27900     sec. ( 0.85522     sec. cpu time)

 nn:            4
 nw:            7
 ns:          330
 nk:          840
 we:            4
 mktsize:   0.59999999999999998

 nr_tol:    9.9999999999999995E-007
 vf_tol:    1.0000000000000000E-008
 Q_tol:    9.9999999999999998E-013

 lambda:    1.0000000000000000       (move arrival rate)
 gamma:    0.40000000000000002       (market depreciation rate)
 kappa:    0.80000000000000004       (investment cost)
 eta:       6.0000000000000000       (entry cost)
 phi:       0.0000000000000000       (scrap value)
 fc:       0.80000000000000004       (fixed cost)
