
CTGAMES SINGLE PLAYER MONTE CARLO EXPERIMENTS
=============================================

 Compiler: GCC version 15.1.0
 Compiler options: -I . -fPIC -feliminate-unused-debug-symbols -mmacosx-version-min=15.0.0 -mtune=core2 -g -gdwarf-2 -O3 -Wall -Wsurprising -Wconversion -Wno-unused -std=f2008 -fbacktrace -funroll-loops -ftree-vectorize -fopenmp
Monte Carlo Experiments
True parameters:
lambda1     lambda2     q1          beta        c           
 0.50000E-01 0.10000     0.50000     -2.0000     -9.0000    
Structural Parameter Estimates (theta): 
      0.48610E-01      0.10917          0.50162          -1.6653          -7.6612    
      0.53661E-01      0.94244E-01      0.50690          -2.0539          -9.3114    
      0.60056E-01      0.11770          0.49843          -1.6031          -7.8048    
      0.45394E-01      0.10910          0.50220          -1.7888          -8.1014    
      0.45625E-01      0.10743          0.49661          -2.7692          -11.988    
      0.47590E-01      0.10884          0.50406          -1.8967          -8.7154    
      0.57270E-01      0.10248          0.49747          -1.8827          -8.7209    
      0.60454E-01      0.89254E-01      0.49954          -1.9103          -9.2667    
      0.54287E-01      0.98154E-01      0.50658          -1.6843          -8.1019    
      0.64697E-01      0.11465          0.50044          -1.7638          -8.8235    
      0.46399E-01      0.96373E-01      0.49286          -1.8780          -8.3066    
      0.52564E-01      0.96511E-01      0.50565          -1.9371          -8.8438    
      0.41982E-01      0.93170E-01      0.49483          -2.1244          -8.9510    
      0.58312E-01      0.10265          0.50620          -1.9965          -9.3210    
      0.35297E-01      0.92275E-01      0.49111          -2.4890          -10.394    
      0.53525E-01      0.91954E-01      0.50030          -2.1076          -9.2929    
      0.58911E-01      0.10058          0.49812          -1.8698          -8.1927    
      0.35306E-01      0.99661E-01      0.49166          -2.1346          -8.5653    
      0.52211E-01      0.10258          0.49244          -1.9497          -8.8248    
      0.44307E-01      0.95963E-01      0.50415          -1.8111          -8.3766    
      0.48530E-01      0.93617E-01      0.50011          -1.9075          -8.5013    
      0.46426E-01      0.88747E-01      0.49952          -1.9431          -8.6647    
      0.41453E-01      0.11625          0.50208          -2.4973          -10.441    
      0.55250E-01      0.90978E-01      0.50129          -1.7481          -8.4028    
      0.57425E-01      0.10765          0.49784          -1.9871          -9.3083    
      0.48752E-01      0.93258E-01      0.49897          -1.7655          -8.2088    
      0.54726E-01      0.10853          0.50241          -2.6276          -11.540    
      0.67014E-01      0.10224          0.49995          -1.6130          -7.7622    
      0.49134E-01      0.95793E-01      0.49449          -2.3874          -10.720    
      0.49518E-01      0.96570E-01      0.50315          -1.9660          -8.9684    
      0.45325E-01      0.89465E-01      0.51074          -2.2813          -10.327    
      0.47665E-01      0.94693E-01      0.50798          -2.4300          -10.470    
      0.43371E-01      0.10060          0.49197          -2.1456          -8.7692    
      0.43818E-01      0.10394          0.49708          -2.5415          -11.081    
      0.48379E-01      0.10631          0.49678          -2.1297          -9.5643    
      0.49090E-01      0.97133E-01      0.50185          -1.8791          -8.4791    
      0.41481E-01      0.86256E-01      0.49565          -3.0343          -12.949    
      0.48584E-01      0.97370E-01      0.49497          -1.6357          -7.8621    
      0.42776E-01      0.87199E-01      0.50363          -2.7416          -11.095    
      0.50788E-01      0.87264E-01      0.50395          -2.5344          -11.224    
      0.46533E-01      0.96617E-01      0.49734          -1.9146          -8.3384    
      0.64623E-01      0.96950E-01      0.50809          -1.9284          -8.8669    
      0.50327E-01      0.10170          0.49264          -2.2793          -10.106    
      0.50922E-01      0.99238E-01      0.49793          -1.8908          -8.4857    
      0.48334E-01      0.89513E-01      0.50047          -1.6559          -7.5101    
      0.51089E-01      0.10732          0.50025          -2.0736          -9.1655    
      0.56915E-01      0.11468          0.50069          -1.8976          -8.4871    
      0.50504E-01      0.87920E-01      0.50770          -2.0786          -9.3061    
      0.52225E-01      0.97236E-01      0.49769          -2.3081          -10.454    
      0.44605E-01      0.98181E-01      0.50038          -2.4033          -10.575    
      0.40010E-01      0.98706E-01      0.50004          -2.0172          -8.7902    
      0.36860E-01      0.96586E-01      0.49440          -2.0725          -8.5366    
      0.41423E-01      0.96972E-01      0.50251          -2.0183          -8.5639    
      0.60666E-01      0.10510          0.49818          -1.4928          -7.3413    
      0.49418E-01      0.11163          0.49288          -2.0875          -9.1872    
      0.52692E-01      0.99176E-01      0.50400          -1.8303          -8.4558    
      0.51445E-01      0.10530          0.49766          -1.7390          -8.2184    
      0.58034E-01      0.10450          0.50276          -1.8730          -8.7317    
      0.51253E-01      0.92964E-01      0.50104          -2.0712          -9.2319    
      0.47498E-01      0.11372          0.49966          -2.0719          -9.6502    
      0.62904E-01      0.99219E-01      0.50102          -1.8465          -8.7714    
      0.43902E-01      0.97749E-01      0.50345          -2.3277          -10.060    
      0.71271E-01      0.10452          0.50380          -1.6474          -8.4285    
      0.45415E-01      0.87750E-01      0.49935          -1.7366          -7.9759    
      0.45109E-01      0.99921E-01      0.50535          -2.2804          -10.151    
      0.48566E-01      0.10277          0.50604          -2.1663          -9.5261    
      0.48728E-01      0.99069E-01      0.50064          -2.1763          -9.8846    
      0.52764E-01      0.10524          0.50405          -1.6757          -8.0917    
      0.40951E-01      0.11382          0.49945          -2.7415          -11.430    
      0.48639E-01      0.89963E-01      0.50662          -1.9338          -8.9080    
      0.61167E-01      0.10191          0.50646          -1.9192          -9.0214    
      0.50553E-01      0.98272E-01      0.49809          -1.7753          -8.4450    
      0.54365E-01      0.10482          0.49272          -2.3621          -10.778    
      0.54256E-01      0.10448          0.49954          -2.0758          -9.2952    
      0.40973E-01      0.97066E-01      0.49849          -2.5479          -11.011    
      0.61176E-01      0.10539          0.49432          -1.6748          -8.0112    
      0.60253E-01      0.96261E-01      0.49560          -1.8420          -8.7660    
      0.44527E-01      0.92470E-01      0.50405          -2.4541          -10.264    
      0.55338E-01      0.10360          0.50141          -1.8155          -8.3221    
      0.42387E-01      0.11357          0.49830          -2.2287          -9.5011    
      0.42599E-01      0.10197          0.50097          -2.0433          -8.7193    
      0.48080E-01      0.93427E-01      0.50468          -2.1177          -9.1340    
      0.58068E-01      0.11176          0.49999          -2.0832          -9.3887    
      0.45965E-01      0.99121E-01      0.50544          -2.4436          -10.621    
      0.53005E-01      0.90847E-01      0.51316          -1.8907          -8.4669    
      0.50487E-01      0.11449          0.49207          -2.1894          -9.6450    
      0.46723E-01      0.10681          0.49772          -2.2429          -9.6015    
      0.41384E-01      0.88134E-01      0.49668          -2.3581          -9.1955    
      0.58672E-01      0.93858E-01      0.50087          -2.0054          -8.8986    
      0.47013E-01      0.10102          0.50069          -2.5650          -10.830    
      0.54129E-01      0.88760E-01      0.50397          -1.5595          -7.1670    
      0.48522E-01      0.86642E-01      0.49802          -1.9369          -8.7547    
      0.47301E-01      0.98291E-01      0.50723          -2.3050          -10.229    
      0.67667E-01      0.11257          0.49877          -1.4095          -7.2323    
      0.43183E-01      0.10077          0.49764          -2.1893          -9.5126    
      0.57652E-01      0.11450          0.50133          -1.6385          -7.8283    
      0.58630E-01      0.92532E-01      0.49985          -1.7973          -8.5897    
      0.51801E-01      0.12109          0.50235          -1.8760          -8.4461    
      0.40474E-01      0.95691E-01      0.50411          -2.1604          -9.3416    
      0.46300E-01      0.81529E-01      0.49677          -2.1077          -9.6937    
Auxiliary Estimates (beta): 
      0.48610E-01      0.10917          0.50162          -1.6653          -7.6612           4.6006           2.4594           5.4540    
      0.53661E-01      0.94244E-01      0.50690          -2.0539          -9.3114           4.5335           1.7547           5.6420    
      0.60056E-01      0.11770          0.49843          -1.6031          -7.8048           4.8687           2.4334           5.9830    
      0.45394E-01      0.10910          0.50220          -1.7888          -8.1014           4.5290           2.2895           4.8280    
      0.45625E-01      0.10743          0.49661          -2.7692          -11.988           4.3292           3.6631           6.0770    
      0.47590E-01      0.10884          0.50406          -1.8967          -8.7154           4.5950           1.7547           4.1110    
      0.57270E-01      0.10248          0.49747          -1.8827          -8.7209           4.6322          0.68740           7.9160    
      0.60454E-01      0.89254E-01      0.49954          -1.9103          -9.2667           4.8508           3.0660           4.2930    
      0.54287E-01      0.98154E-01      0.50658          -1.6843          -8.1019           4.8102           2.5486           6.2450    
      0.64697E-01      0.11465          0.50044          -1.7638          -8.8235           5.0027           3.8689           3.3380    
      0.46399E-01      0.96373E-01      0.49286          -1.8780          -8.3066           4.4231           2.1762           5.4960    
      0.52564E-01      0.96511E-01      0.50565          -1.9371          -8.8438           4.5655          0.93296           5.2260    
      0.41982E-01      0.93170E-01      0.49483          -2.1244          -8.9510           4.2133           2.4646           5.4890    
      0.58312E-01      0.10265          0.50620          -1.9965          -9.3210           4.6688           1.9566           4.1970    
      0.35297E-01      0.92275E-01      0.49111          -2.4890          -10.394           4.1759           7.0066           6.4280    
      0.53525E-01      0.91954E-01      0.50030          -2.1076          -9.2929           4.4092           1.6369           4.5240    
      0.58911E-01      0.10058          0.49812          -1.8698          -8.1927           4.3816           5.6833           5.5130    
      0.35306E-01      0.99661E-01      0.49166          -2.1346          -8.5653           4.0125           7.7934           5.4380    
      0.52211E-01      0.10258          0.49244          -1.9497          -8.8248           4.5262           1.5184           6.8470    
      0.44307E-01      0.95963E-01      0.50415          -1.8111          -8.3766           4.6251           3.4741           4.5220    
      0.48530E-01      0.93617E-01      0.50011          -1.9075          -8.5013           4.4567          0.66894           8.3580    
      0.46426E-01      0.88747E-01      0.49952          -1.9431          -8.6647           4.4591           1.3906           3.7850    
      0.41453E-01      0.11625          0.50208          -2.4973          -10.441           4.1811           3.8660           8.9630    
      0.55250E-01      0.90978E-01      0.50129          -1.7481          -8.4028           4.8069           1.8835           3.2440    
      0.57425E-01      0.10765          0.49784          -1.9871          -9.3083           4.6843           1.3318           5.0800    
      0.48752E-01      0.93258E-01      0.49897          -1.7655          -8.2088           4.6495           1.5325           4.7290    
      0.54726E-01      0.10853          0.50241          -2.6276          -11.540           4.3918           5.0301           5.0240    
      0.67014E-01      0.10224          0.49995          -1.6130          -7.7622           4.8121           2.9324           5.8240    
      0.49134E-01      0.95793E-01      0.49449          -2.3874          -10.720           4.4900           2.5108           5.8370    
      0.49518E-01      0.96570E-01      0.50315          -1.9660          -8.9684           4.5617          0.51178           4.0480    
      0.45325E-01      0.89465E-01      0.51074          -2.2813          -10.327           4.5267           5.6689           6.0900    
      0.47665E-01      0.94693E-01      0.50798          -2.4300          -10.470           4.3085           2.5590           4.2950    
      0.43371E-01      0.10060          0.49197          -2.1456          -8.7692           4.0871           5.5742           4.6800    
      0.43818E-01      0.10394          0.49708          -2.5415          -11.081           4.3601           2.1061           5.4550    
      0.48379E-01      0.10631          0.49678          -2.1297          -9.5643           4.4908          0.78008           6.6150    
      0.49090E-01      0.97133E-01      0.50185          -1.8791          -8.4791           4.5124          0.41049           5.3380    
      0.41481E-01      0.86256E-01      0.49565          -3.0343          -12.949           4.2677           6.2553           5.5080    
      0.48584E-01      0.97370E-01      0.49497          -1.6357          -7.8621           4.8066           3.8940           4.3770    
      0.42776E-01      0.87199E-01      0.50363          -2.7416          -11.095           4.0471           5.1235           7.2190    
      0.50788E-01      0.87264E-01      0.50395          -2.5344          -11.224           4.4285           4.2087           4.0050    
      0.46533E-01      0.96617E-01      0.49734          -1.9146          -8.3384           4.3552           1.3770           6.2970    
      0.64623E-01      0.96950E-01      0.50809          -1.9284          -8.8669           4.5980           4.7348           3.7940    
      0.50327E-01      0.10170          0.49264          -2.2793          -10.106           4.4339           2.0895           7.5160    
      0.50922E-01      0.99238E-01      0.49793          -1.8908          -8.4857           4.4880          0.44579           3.8550    
      0.48334E-01      0.89513E-01      0.50047          -1.6559          -7.5101           4.5353           3.4084           5.1450    
      0.51089E-01      0.10732          0.50025          -2.0736          -9.1655           4.4201          0.68132           4.1930    
      0.56915E-01      0.11468          0.50069          -1.8976          -8.4871           4.4726           2.8099           5.4500    
      0.50504E-01      0.87920E-01      0.50770          -2.0786          -9.3061           4.4771           2.6324           4.6190    
      0.52225E-01      0.97236E-01      0.49769          -2.3081          -10.454           4.5292           1.7279           5.2540    
      0.44605E-01      0.98181E-01      0.50038          -2.4033          -10.575           4.4001           1.2942           4.4970    
      0.40010E-01      0.98706E-01      0.50004          -2.0172          -8.7902           4.3577           2.3913           6.0900    
      0.36860E-01      0.96586E-01      0.49440          -2.0725          -8.5366           4.1189           5.3816           4.5650    
      0.41423E-01      0.96972E-01      0.50251          -2.0183          -8.5639           4.2432           2.2419           5.7130    
      0.60666E-01      0.10510          0.49818          -1.4928          -7.3413           4.9178           2.2376           5.0170    
      0.49418E-01      0.11163          0.49288          -2.0875          -9.1872           4.4010           2.3164           5.8080    
      0.52692E-01      0.99176E-01      0.50400          -1.8303          -8.4558           4.6199          0.61627           5.6710    
      0.51445E-01      0.10530          0.49766          -1.7390          -8.2184           4.7260           1.1956           5.6940    
      0.58034E-01      0.10450          0.50276          -1.8730          -8.7317           4.6619          0.77286           4.0700    
      0.51253E-01      0.92964E-01      0.50104          -2.0712          -9.2319           4.4573          0.60377           4.3530    
      0.47498E-01      0.11372          0.49966          -2.0719          -9.6502           4.6577           3.5899           4.6460    
      0.62904E-01      0.99219E-01      0.50102          -1.8465          -8.7714           4.7503           1.4203           5.9060    
      0.43902E-01      0.97749E-01      0.50345          -2.3277          -10.060           4.3218          0.96378           4.7090    
      0.71271E-01      0.10452          0.50380          -1.6474          -8.4285           5.1163           4.1364           5.9480    
      0.45415E-01      0.87750E-01      0.49935          -1.7366          -7.9759           4.5927           3.5199           4.7190    
      0.45109E-01      0.99921E-01      0.50535          -2.2804          -10.151           4.4515           1.7971           5.0700    
      0.48566E-01      0.10277          0.50604          -2.1663          -9.5261           4.3973           1.1297           5.0550    
      0.48728E-01      0.99069E-01      0.50064          -2.1763          -9.8846           4.5420          0.83588           5.5410    
      0.52764E-01      0.10524          0.50405          -1.6757          -8.0917           4.8288           2.4073           4.5220    
      0.40951E-01      0.11382          0.49945          -2.7415          -11.430           4.1693           4.3702           4.9360    
      0.48639E-01      0.89963E-01      0.50662          -1.9338          -8.9080           4.6065           2.5433           3.8650    
      0.61167E-01      0.10191          0.50646          -1.9192          -9.0214           4.7006           2.2668           4.8120    
      0.50553E-01      0.98272E-01      0.49809          -1.7753          -8.4450           4.7569           1.7114           4.1820    
      0.54365E-01      0.10482          0.49272          -2.3621          -10.778           4.5626           4.0713           6.2620    
      0.54256E-01      0.10448          0.49954          -2.0758          -9.2952           4.4779          0.85806           4.0350    
      0.40973E-01      0.97066E-01      0.49849          -2.5479          -11.011           4.3214           2.5103           6.4520    
      0.61176E-01      0.10539          0.49432          -1.6748          -8.0112           4.7833           1.8781           4.8530    
      0.60253E-01      0.96261E-01      0.49560          -1.8420          -8.7660           4.7590           1.6223           5.7340    
      0.44527E-01      0.92470E-01      0.50405          -2.4541          -10.264           4.1825           2.4455           3.8230    
      0.55338E-01      0.10360          0.50141          -1.8155          -8.3221           4.5840          0.69230           6.0760    
      0.42387E-01      0.11357          0.49830          -2.2287          -9.5011           4.2631           2.5097           4.8350    
      0.42599E-01      0.10197          0.50097          -2.0433          -8.7193           4.2672           1.5582           6.3890    
      0.48080E-01      0.93427E-01      0.50468          -2.1177          -9.1340           4.3133           1.5554           4.9120    
      0.58068E-01      0.11176          0.49999          -2.0832          -9.3887           4.5069           2.4144           5.0110    
      0.45965E-01      0.99121E-01      0.50544          -2.4436          -10.621           4.3463           1.6027           5.8390    
      0.53005E-01      0.90847E-01      0.51316          -1.8907          -8.4669           4.4781           5.4176           5.8610    
      0.50487E-01      0.11449          0.49207          -2.1894          -9.6450           4.4053           3.1777           4.9550    
      0.46723E-01      0.10681          0.49772          -2.2429          -9.6015           4.2808           1.1840           4.7260    
      0.41384E-01      0.88134E-01      0.49668          -2.3581          -9.1955           3.8995           9.0999           5.4650    
      0.58672E-01      0.93858E-01      0.50087          -2.0054          -8.8986           4.4373           3.2974           4.9950    
      0.47013E-01      0.10102          0.50069          -2.5650          -10.830           4.2223           2.1369           6.5910    
      0.54129E-01      0.88760E-01      0.50397          -1.5595          -7.1670           4.5956           5.8688           5.0510    
      0.48522E-01      0.86642E-01      0.49802          -1.9369          -8.7547           4.5199           1.6584           5.9090    
      0.47301E-01      0.98291E-01      0.50723          -2.3050          -10.229           4.4378           2.0009           7.0610    
      0.67667E-01      0.11257          0.49877          -1.4095          -7.2323           5.1311           3.0035           6.8560    
      0.43183E-01      0.10077          0.49764          -2.1893          -9.5126           4.3450          0.83790           5.8010    
      0.57652E-01      0.11450          0.50133          -1.6385          -7.8283           4.7778           2.1220           4.7080    
      0.58630E-01      0.92532E-01      0.49985          -1.7973          -8.5897           4.7793           1.3292           5.8860    
      0.51801E-01      0.12109          0.50235          -1.8760          -8.4461           4.5022           2.5514           5.4120    
      0.40474E-01      0.95691E-01      0.50411          -2.1604          -9.3416           4.3239           2.2077           5.4740    
      0.46300E-01      0.81529E-01      0.49677          -2.1077          -9.6937           4.5992           4.7726           6.5340    

Results
=======


Final Results:   lam1    lam2    q1      beta        c   c/beta  ll_diff walltime:
True:         0.050    0.100    0.500   -2.000   -9.000    4.500    0.000    0.000
Mean:         0.050    0.100    0.500   -2.050   -9.178    4.503    2.614    5.331
Mean Bias:    0.000   -0.000    0.000   -0.050   -0.178    0.003    2.614    5.331
Med Bias:    -0.001   -0.001    0.000   -0.017    0.092   -0.010    2.242    5.254
S.D.:         0.007    0.008    0.004    0.310    1.096    0.228    1.704    1.039
RMSE:         0.007    0.008    0.004    0.314    1.111    0.228    3.121    5.431
Min:          0.035    0.082    0.491   -3.034  -12.949    3.899    0.410    3.244
Max:          0.071    0.121    0.513   -1.410   -7.167    5.131    9.100    8.963

Final Structural Parameters (theta):
\begin{table}
  \centering
  \begin{tabular}{rllrrrrrr}
    \hline
    \hline
          $M &        Sampling &         & $\lambda_1$  & $\lambda_2$  &    $\gamma$  &     $\beta$  &       $\mu$  & $\mu/\beta$  \\
    \hline
    $\infty$ &             DGP &   True  &       0.050  &       0.100  &       0.500  &      -2.000  &      -9.000  &       4.500  \\
    \hline
     200     & Continuous      & Mean    &       0.050  &       0.100  &       0.500  &      -2.050  &      -9.178  &       4.503  \\
             &                 & S.D.    &       0.007  &       0.008  &       0.004  &       0.310  &       1.096  &       0.228  \\
    \hline
  \end{tabular} \\
\end{table}
