
CTGAMES SINGLE PLAYER MONTE CARLO EXPERIMENTS
=============================================

 Compiler: GCC version 15.1.0
 Compiler options: -I . -fPIC -feliminate-unused-debug-symbols -mmacosx-version-min=15.0.0 -mtune=core2 -g -gdwarf-2 -O3 -Wall -Wsurprising -Wconversion -Wno-unused -std=f2008 -fbacktrace -funroll-loops -ftree-vectorize -fopenmp
Monte Carlo Experiments
True parameters:
lambda1     lambda2     q1          beta        c           
 0.50000E-01 0.10000     0.50000     -2.0000     -9.0000    
Structural Parameter Estimates (theta): 
      0.49241E-01      0.99599E-01      0.50889          -1.9982          -9.0167    
      0.48867E-01      0.97115E-01      0.50733          -2.1629          -9.5098    
      0.53134E-01      0.99289E-01      0.50823          -1.9561          -8.8725    
      0.49479E-01      0.94640E-01      0.50732          -2.0910          -9.2457    
      0.51841E-01      0.10054          0.50750          -2.0167          -9.2182    
      0.52817E-01      0.10325          0.50887          -1.9733          -8.9946    
      0.51136E-01      0.98002E-01      0.51031          -2.0224          -9.0356    
      0.51705E-01      0.10034          0.50756          -1.9677          -8.8079    
      0.49307E-01      0.98311E-01      0.50890          -2.0666          -9.1205    
      0.48870E-01      0.10002          0.50640          -2.0661          -9.1931    
      0.52561E-01      0.10039          0.50657          -1.9377          -8.9063    
      0.49029E-01      0.98027E-01      0.50999          -2.0207          -8.9993    
      0.50753E-01      0.98544E-01      0.50754          -2.0346          -9.0052    
      0.51839E-01      0.98785E-01      0.50765          -1.9846          -8.8944    
      0.48680E-01      0.98354E-01      0.50892          -1.9246          -8.7199    
      0.53579E-01      0.10202          0.50737          -1.9672          -8.8445    
      0.51133E-01      0.98023E-01      0.50957          -2.0546          -9.1344    
      0.51119E-01      0.97786E-01      0.50667          -1.9756          -8.8210    
      0.54112E-01      0.10346          0.50794          -1.8875          -8.6097    
      0.50327E-01      0.10078          0.51049          -2.0907          -9.3176    
      0.49478E-01      0.10319          0.50856          -2.0424          -9.1001    
      0.53820E-01      0.97174E-01      0.50628          -1.9609          -8.9351    
      0.52252E-01      0.98155E-01      0.50896          -1.9946          -8.9576    
      0.52888E-01      0.98499E-01      0.50721          -1.9533          -8.9160    
      0.52110E-01      0.10415          0.50706          -1.9790          -8.9532    
      0.49310E-01      0.99454E-01      0.50672          -2.0909          -9.2232    
      0.50389E-01      0.10011          0.51023          -2.0996          -9.2794    
      0.51379E-01      0.10008          0.50819          -2.0411          -9.1550    
      0.50319E-01      0.10264          0.50662          -2.0298          -8.9769    
      0.55818E-01      0.99624E-01      0.50874          -1.8526          -8.6306    
      0.50839E-01      0.99859E-01      0.50922          -2.0082          -8.9709    
      0.51477E-01      0.97204E-01      0.50761          -1.9283          -8.7362    
      0.50948E-01      0.10021          0.50635          -1.9482          -8.7436    
      0.50745E-01      0.99396E-01      0.50832          -2.0068          -8.9834    
      0.48812E-01      0.10417          0.50971          -2.0361          -9.0106    
      0.49651E-01      0.99566E-01      0.50964          -1.9858          -8.8638    
      0.51810E-01      0.10047          0.51005          -2.0163          -9.0875    
      0.51251E-01      0.10006          0.50847          -1.9833          -8.8989    
      0.49810E-01      0.98507E-01      0.50863          -1.9963          -8.8511    
      0.52036E-01      0.10107          0.50842          -2.0108          -9.0349    
      0.53357E-01      0.10230          0.50869          -1.8983          -8.6500    
      0.50455E-01      0.10366          0.50815          -2.0252          -8.9852    
      0.55357E-01      0.98873E-01      0.50936          -1.9630          -9.0083    
      0.50581E-01      0.98567E-01      0.50889          -2.0895          -9.2339    
      0.54734E-01      0.10092          0.50588          -1.8474          -8.4743    
      0.53282E-01      0.10419          0.50816          -1.9128          -8.8201    
      0.50110E-01      0.10111          0.50833          -2.1623          -9.4696    
      0.51685E-01      0.10183          0.50813          -1.9402          -8.6444    
      0.52041E-01      0.97274E-01      0.50663          -1.9988          -9.0043    
      0.49552E-01      0.98488E-01      0.50979          -2.1821          -9.6237    
      0.49167E-01      0.10284          0.50834          -2.0966          -9.3425    
      0.51486E-01      0.97677E-01      0.50608          -1.9274          -8.7157    
      0.51537E-01      0.10232          0.50981          -1.9896          -9.0127    
      0.50464E-01      0.98409E-01      0.50879          -1.9871          -8.9338    
      0.49170E-01      0.10346          0.50721          -2.1002          -9.3192    
      0.52558E-01      0.93658E-01      0.51008          -2.0347          -9.1256    
      0.49303E-01      0.98939E-01      0.50879          -2.0888          -9.2828    
      0.55048E-01      0.10444          0.50855          -1.9621          -8.9613    
      0.48391E-01      0.10012          0.50991          -2.0892          -9.2455    
      0.50129E-01      0.10361          0.50691          -2.0749          -9.2220    
      0.49672E-01      0.10324          0.50803          -2.0437          -9.0902    
      0.51690E-01      0.99013E-01      0.50916          -1.9497          -8.8764    
      0.51725E-01      0.10225          0.50905          -1.9630          -8.9314    
      0.49722E-01      0.10145          0.50681          -1.9646          -8.7917    
      0.50233E-01      0.99070E-01      0.51012          -1.9962          -8.9902    
      0.52855E-01      0.10280          0.50718          -1.9756          -8.9851    
      0.50111E-01      0.97146E-01      0.50691          -2.0390          -9.0044    
      0.52392E-01      0.99009E-01      0.50950          -2.0258          -9.2317    
      0.49769E-01      0.97570E-01      0.50745          -2.0207          -9.0296    
      0.47815E-01      0.97704E-01      0.50794          -2.1778          -9.5491    
      0.51082E-01      0.10179          0.51059          -1.9785          -8.9301    
      0.52661E-01      0.10012          0.50959          -2.0273          -9.0152    
      0.53595E-01      0.10002          0.50741          -1.9737          -9.0057    
      0.52630E-01      0.99623E-01      0.50692          -2.0340          -9.1475    
      0.52289E-01      0.10101          0.50938          -1.9630          -8.8608    
      0.52597E-01      0.10134          0.50811          -2.0530          -9.2335    
      0.51870E-01      0.97831E-01      0.50671          -1.9870          -9.0190    
      0.50371E-01      0.99311E-01      0.50740          -1.9522          -8.6565    
      0.50644E-01      0.10020          0.50950          -2.0549          -9.1224    
      0.50526E-01      0.10376          0.50886          -2.0798          -9.1325    
      0.48370E-01      0.10217          0.50802          -2.0727          -9.0966    
      0.50429E-01      0.96659E-01      0.50969          -2.0462          -9.0649    
      0.50375E-01      0.10103          0.50714          -1.9438          -8.7325    
      0.48322E-01      0.10197          0.51044          -2.1075          -9.2646    
      0.49748E-01      0.97411E-01      0.50757          -2.1613          -9.5116    
      0.53913E-01      0.10322          0.50839          -1.9896          -8.9951    
      0.49880E-01      0.99585E-01      0.50837          -2.0408          -9.0180    
      0.52877E-01      0.10258          0.50760          -1.8664          -8.5273    
      0.49712E-01      0.95804E-01      0.50696          -2.0279          -8.9931    
      0.54254E-01      0.10234          0.50563          -1.9258          -8.9105    
      0.51659E-01      0.97251E-01      0.50840          -1.9545          -8.8043    
      0.51097E-01      0.10317          0.50837          -1.9418          -8.7520    
      0.48615E-01      0.99858E-01      0.50611          -2.0908          -9.1695    
      0.51485E-01      0.10284          0.50681          -2.0718          -9.2927    
      0.52458E-01      0.10188          0.50729          -2.0142          -9.1300    
      0.47556E-01      0.10089          0.50807          -2.2306          -9.7124    
      0.51812E-01      0.98660E-01      0.50776          -2.0197          -9.1402    
      0.50402E-01      0.10050          0.50872          -2.0626          -9.2190    
      0.51323E-01      0.10072          0.50873          -2.0791          -9.2470    
      0.52416E-01      0.10314          0.50779          -1.9351          -8.6984    
Auxiliary Estimates (beta): 
      0.49241E-01      0.99599E-01      0.50889          -1.9982          -9.0167           4.5125           30.921           26.592    
      0.48867E-01      0.97115E-01      0.50733          -2.1629          -9.5098           4.3968           23.997           31.534    
      0.53134E-01      0.99289E-01      0.50823          -1.9561          -8.8725           4.5357           27.597           34.840    
      0.49479E-01      0.94640E-01      0.50732          -2.0910          -9.2457           4.4216           24.892           32.588    
      0.51841E-01      0.10054          0.50750          -2.0167          -9.2182           4.5710           24.547           38.172    
      0.52817E-01      0.10325          0.50887          -1.9733          -8.9946           4.5581           32.061           24.337    
      0.51136E-01      0.98002E-01      0.51031          -2.0224          -9.0356           4.4678           41.652           29.709    
      0.51705E-01      0.10034          0.50756          -1.9677          -8.8079           4.4762           24.167           32.714    
      0.49307E-01      0.98311E-01      0.50890          -2.0666          -9.1205           4.4133           31.744           34.426    
      0.48870E-01      0.10002          0.50640          -2.0661          -9.1931           4.4495           15.804           35.984    
      0.52561E-01      0.10039          0.50657          -1.9377          -8.9063           4.5964           18.407           33.098    
      0.49029E-01      0.98027E-01      0.50999          -2.0207          -8.9993           4.4536           38.128           29.938    
      0.50753E-01      0.98544E-01      0.50754          -2.0346          -9.0052           4.4260           25.356           31.140    
      0.51839E-01      0.98785E-01      0.50765          -1.9846          -8.8944           4.4816           24.400           27.903    
      0.48680E-01      0.98354E-01      0.50892          -1.9246          -8.7199           4.5308           33.919           47.136    
      0.53579E-01      0.10202          0.50737          -1.9672          -8.8445           4.4959           26.233           34.365    
      0.51133E-01      0.98023E-01      0.50957          -2.0546          -9.1344           4.4458           37.392           53.177    
      0.51119E-01      0.97786E-01      0.50667          -1.9756          -8.8210           4.4649           19.840           20.110    
      0.54112E-01      0.10346          0.50794          -1.8875          -8.6097           4.5615           28.301           38.458    
      0.50327E-01      0.10078          0.51049          -2.0907          -9.3176           4.4567           42.721           24.503    
      0.49478E-01      0.10319          0.50856          -2.0424          -9.1001           4.4556           28.950           38.860    
      0.53820E-01      0.97174E-01      0.50628          -1.9609          -8.9351           4.5566           18.772           27.942    
      0.52252E-01      0.98155E-01      0.50896          -1.9946          -8.9576           4.4910           32.841           28.186    
      0.52888E-01      0.98499E-01      0.50721          -1.9533          -8.9160           4.5646           21.364           32.124    
      0.52110E-01      0.10415          0.50706          -1.9790          -8.9532           4.5242           21.166           29.879    
      0.49310E-01      0.99454E-01      0.50672          -2.0909          -9.2232           4.4112           18.967           34.163    
      0.50389E-01      0.10011          0.51023          -2.0996          -9.2794           4.4196           42.226           50.756    
      0.51379E-01      0.10008          0.50819          -2.0411          -9.1550           4.4853           26.459           23.557    
      0.50319E-01      0.10264          0.50662          -2.0298          -8.9769           4.4226           20.440           56.849    
      0.55818E-01      0.99624E-01      0.50874          -1.8526          -8.6306           4.6587           33.809           23.663    
      0.50839E-01      0.99859E-01      0.50922          -2.0082          -8.9709           4.4671           32.948           36.436    
      0.51477E-01      0.97204E-01      0.50761          -1.9283          -8.7362           4.5305           23.676           31.371    
      0.50948E-01      0.10021          0.50635          -1.9482          -8.7436           4.4880           16.641           37.754    
      0.50745E-01      0.99396E-01      0.50832          -2.0068          -8.9834           4.4764           26.623           29.526    
      0.48812E-01      0.10417          0.50971          -2.0361          -9.0106           4.4255           38.272           31.790    
      0.49651E-01      0.99566E-01      0.50964          -1.9858          -8.8638           4.4636           35.614           38.943    
      0.51810E-01      0.10047          0.51005          -2.0163          -9.0875           4.5069           38.934           29.439    
      0.51251E-01      0.10006          0.50847          -1.9833          -8.8989           4.4870           27.901           39.623    
      0.49810E-01      0.98507E-01      0.50863          -1.9963          -8.8511           4.4337           30.471           42.262    
      0.52036E-01      0.10107          0.50842          -2.0108          -9.0349           4.4932           28.412           27.340    
      0.53357E-01      0.10230          0.50869          -1.8983          -8.6500           4.5566           31.038           47.032    
      0.50455E-01      0.10366          0.50815          -2.0252          -8.9852           4.4366           28.445           28.153    
      0.55357E-01      0.98873E-01      0.50936          -1.9630          -9.0083           4.5891           38.676           44.871    
      0.50581E-01      0.98567E-01      0.50889          -2.0895          -9.2339           4.4193           33.317           27.594    
      0.54734E-01      0.10092          0.50588          -1.8474          -8.4743           4.5872           18.034           33.541    
      0.53282E-01      0.10419          0.50816          -1.9128          -8.8201           4.6111           28.877           28.655    
      0.50110E-01      0.10111          0.50833          -2.1623          -9.4696           4.3793           32.849           40.531    
      0.51685E-01      0.10183          0.50813          -1.9402          -8.6444           4.4553           30.998           31.428    
      0.52041E-01      0.97274E-01      0.50663          -1.9988          -9.0043           4.5049           18.865           40.224    
      0.49552E-01      0.98488E-01      0.50979          -2.1821          -9.6237           4.4103           40.163           26.663    
      0.49167E-01      0.10284          0.50834          -2.0966          -9.3425           4.4561           28.177           30.132    
      0.51486E-01      0.97677E-01      0.50608          -1.9274          -8.7157           4.5221           15.823           33.216    
      0.51537E-01      0.10232          0.50981          -1.9896          -9.0127           4.5298           37.206           42.083    
      0.50464E-01      0.98409E-01      0.50879          -1.9871          -8.9338           4.4960           29.414           38.491    
      0.49170E-01      0.10346          0.50721          -2.1002          -9.3192           4.4374           21.949           25.123    
      0.52558E-01      0.93658E-01      0.51008          -2.0347          -9.1256           4.4850           46.439           32.905    
      0.49303E-01      0.98939E-01      0.50879          -2.0888          -9.2828           4.4442           29.900           41.958    
      0.55048E-01      0.10444          0.50855          -1.9621          -8.9613           4.5671           33.793           34.487    
      0.48391E-01      0.10012          0.50991          -2.0892          -9.2455           4.4253           37.668           34.130    
      0.50129E-01      0.10361          0.50691          -2.0749          -9.2220           4.4445           20.662           30.334    
      0.49672E-01      0.10324          0.50803          -2.0437          -9.0902           4.4479           25.917           24.077    
      0.51690E-01      0.99013E-01      0.50916          -1.9497          -8.8764           4.5527           32.438           27.611    
      0.51725E-01      0.10225          0.50905          -1.9630          -8.9314           4.5498           31.996           30.067    
      0.49722E-01      0.10145          0.50681          -1.9646          -8.7917           4.4750           18.518           41.723    
      0.50233E-01      0.99070E-01      0.51012          -1.9962          -8.9902           4.5036           38.685           31.099    
      0.52855E-01      0.10280          0.50718          -1.9756          -8.9851           4.5481           21.607           34.776    
      0.50111E-01      0.97146E-01      0.50691          -2.0390          -9.0044           4.4161           22.212           33.839    
      0.52392E-01      0.99009E-01      0.50950          -2.0258          -9.2317           4.5572           37.110           29.342    
      0.49769E-01      0.97570E-01      0.50745          -2.0207          -9.0296           4.4685           21.662           30.103    
      0.47815E-01      0.97704E-01      0.50794          -2.1778          -9.5491           4.3848           26.831           33.108    
      0.51082E-01      0.10179          0.51059          -1.9785          -8.9301           4.5135           42.619           29.556    
      0.52661E-01      0.10012          0.50959          -2.0273          -9.0152           4.4468           41.223           32.198    
      0.53595E-01      0.10002          0.50741          -1.9737          -9.0057           4.5629           23.217           33.708    
      0.52630E-01      0.99623E-01      0.50692          -2.0340          -9.1475           4.4973           21.152           25.548    
      0.52289E-01      0.10101          0.50938          -1.9630          -8.8608           4.5140           34.418           28.456    
      0.52597E-01      0.10134          0.50811          -2.0530          -9.2335           4.4976           28.189           34.836    
      0.51870E-01      0.97831E-01      0.50671          -1.9870          -9.0190           4.5390           18.367           33.613    
      0.50371E-01      0.99311E-01      0.50740          -1.9522          -8.6565           4.4342           25.886           35.551    
      0.50644E-01      0.10020          0.50950          -2.0549          -9.1224           4.4393           35.926           37.372    
      0.50526E-01      0.10376          0.50886          -2.0798          -9.1325           4.3910           36.956           26.451    
      0.48370E-01      0.10217          0.50802          -2.0727          -9.0966           4.3887           27.247           56.045    
      0.50429E-01      0.96659E-01      0.50969          -2.0462          -9.0649           4.4301           38.881           21.193    
      0.50375E-01      0.10103          0.50714          -1.9438          -8.7325           4.4924           20.244           38.101    
      0.48322E-01      0.10197          0.51044          -2.1075          -9.2646           4.3960           42.907           29.391    
      0.49748E-01      0.97411E-01      0.50757          -2.1613          -9.5116           4.4008           26.450           42.716    
      0.53913E-01      0.10322          0.50839          -1.9896          -8.9951           4.5210           31.470           24.673    
      0.49880E-01      0.99585E-01      0.50837          -2.0408          -9.0180           4.4189           28.757           43.606    
      0.52877E-01      0.10258          0.50760          -1.8664          -8.5273           4.5688           24.702           32.509    
      0.49712E-01      0.95804E-01      0.50696          -2.0279          -8.9931           4.4348           21.680           31.688    
      0.54254E-01      0.10234          0.50563          -1.9258          -8.9105           4.6269           15.961           31.040    
      0.51659E-01      0.97251E-01      0.50840          -1.9545          -8.8043           4.5046           28.699           45.068    
      0.51097E-01      0.10317          0.50837          -1.9418          -8.7520           4.5071           28.060           25.646    
      0.48615E-01      0.99858E-01      0.50611          -2.0908          -9.1695           4.3856           16.886           35.622    
      0.51485E-01      0.10284          0.50681          -2.0718          -9.2927           4.4854           20.464           45.704    
      0.52458E-01      0.10188          0.50729          -2.0142          -9.1300           4.5329           22.083           34.022    
      0.47556E-01      0.10089          0.50807          -2.2306          -9.7124           4.3541           29.813           58.640    
      0.51812E-01      0.98660E-01      0.50776          -2.0197          -9.1402           4.5255           24.109           39.917    
      0.50402E-01      0.10050          0.50872          -2.0626          -9.2190           4.4697           29.358           50.077    
      0.51323E-01      0.10072          0.50873          -2.0791          -9.2470           4.4475           31.751           38.296    
      0.52416E-01      0.10314          0.50779          -1.9351          -8.6984           4.4950           27.126           34.640    

Results
=======


Final Results:   lam1    lam2    q1      beta        c   c/beta  ll_diff walltime:
True:         0.050    0.100    0.500   -2.000   -9.000    4.500    0.000    0.000
Mean:         0.051    0.100    0.508   -2.014   -9.025    4.484   28.604   34.344
Mean Bias:    0.001    0.000    0.008   -0.014   -0.025   -0.016   28.604   34.344
Med Bias:     0.001    0.000    0.008   -0.014   -0.006   -0.018   28.189   33.098
S.D.:         0.002    0.002    0.001    0.072    0.233    0.061    7.394    7.739
RMSE:         0.002    0.002    0.008    0.073    0.234    0.064   29.545   35.205
Min:          0.048    0.094    0.506   -2.231   -9.712    4.354   15.804   20.110
Max:          0.056    0.104    0.511   -1.847   -8.474    4.659   46.439   58.640

Final Structural Parameters (theta):
\begin{table}
  \centering
  \begin{tabular}{rllrrrrrr}
    \hline
    \hline
          $M &        Sampling &         & $\lambda_1$  & $\lambda_2$  &    $\gamma$  &     $\beta$  &       $\mu$  & $\mu/\beta$  \\
    \hline
    $\infty$ &             DGP &   True  &       0.050  &       0.100  &       0.500  &      -2.000  &      -9.000  &       4.500  \\
    \hline
    3200     & $\Delta = 1.00$ & Mean    &       0.051  &       0.100  &       0.508  &      -2.014  &      -9.025  &       4.484  \\
             &                 & S.D.    &       0.002  &       0.002  &       0.001  &       0.072  &       0.233  &       0.061  \\
    \hline
  \end{tabular} \\
\end{table}
