
CTGAMES SINGLE PLAYER MONTE CARLO EXPERIMENTS
=============================================

 Compiler: GCC version 15.1.0
 Compiler options: -I . -fPIC -feliminate-unused-debug-symbols -mmacosx-version-min=15.0.0 -mtune=core2 -g -gdwarf-2 -O3 -Wall -Wsurprising -Wconversion -Wno-unused -std=f2008 -fbacktrace -funroll-loops -ftree-vectorize -fopenmp
Monte Carlo Experiments
True parameters:
lambda1     lambda2     q1          beta        c           
 0.50000E-01 0.10000     0.50000     -2.0000     -9.0000    
Structural Parameter Estimates (theta): 
      0.49092E-01      0.11044          0.50958          -1.6904          -7.6928    
      0.54563E-01      0.95187E-01      0.51484          -2.1072          -9.4983    
      0.62272E-01      0.11797          0.50578          -1.5887          -7.7418    
      0.46131E-01      0.10943          0.51064          -1.7991          -8.0846    
      0.44231E-01      0.10856          0.50522          -2.9679          -12.616    
      0.45555E-01      0.10991          0.51302          -2.0156          -9.0620    
      0.57322E-01      0.10222          0.50579          -1.9345          -8.8256    
      0.59184E-01      0.90198E-01      0.50755          -1.9896          -9.4923    
      0.52981E-01      0.99213E-01      0.51505          -1.6895          -8.0361    
      0.70683E-01      0.11475          0.50784          -1.6851          -8.5223    
      0.47173E-01      0.97948E-01      0.50117          -1.8967          -8.3887    
      0.52889E-01      0.96558E-01      0.51331          -1.9726          -8.8941    
      0.42380E-01      0.93488E-01      0.50250          -2.1386          -8.9407    
      0.61052E-01      0.10245          0.51384          -1.9222          -9.0519    
      0.35306E-01      0.95581E-01      0.49916          -2.4441          -10.087    
      0.53368E-01      0.93759E-01      0.50879          -2.1740          -9.4858    
      0.58510E-01      0.10192          0.50592          -1.9207          -8.2916    
      0.36101E-01      0.99793E-01      0.49979          -2.1864          -8.7154    
      0.48110E-01      0.10222          0.50114          -2.3446          -10.199    
      0.42583E-01      0.96204E-01      0.51232          -1.9070          -8.6150    
      0.46115E-01      0.94795E-01      0.50796          -2.0178          -8.8022    
      0.45488E-01      0.91100E-01      0.50731          -2.0120          -8.8353    
      0.43792E-01      0.11728          0.51060          -2.4689          -10.351    
      0.57428E-01      0.89950E-01      0.50856          -1.7181          -8.3037    
      0.58506E-01      0.10707          0.50675          -1.9493          -9.1687    
      0.49746E-01      0.95934E-01      0.50714          -1.7614          -8.1403    
      0.55132E-01      0.10965          0.51058          -2.5354          -11.051    
      0.67482E-01      0.10187          0.50792          -1.6224          -7.6988    
      0.49643E-01      0.94869E-01      0.50280          -2.4248          -10.723    
      0.50669E-01      0.96195E-01      0.51137          -1.9773          -9.0151    
      0.43884E-01      0.91422E-01      0.51816          -2.4057          -10.579    
      0.47057E-01      0.97896E-01      0.51598          -2.5271          -10.761    
      0.44049E-01      0.10103          0.50010          -2.1559          -8.7352    
      0.45425E-01      0.10549          0.50528          -2.4394          -10.715    
      0.51132E-01      0.10590          0.50549          -2.1142          -9.5173    
      0.52491E-01      0.97641E-01      0.50998          -1.8409          -8.4243    
      0.43436E-01      0.86146E-01      0.50476          -2.9782          -12.747    
      0.47285E-01      0.98594E-01      0.50284          -1.6779          -7.9182    
      0.43290E-01      0.87898E-01      0.51172          -2.7905          -11.204    
      0.52720E-01      0.85780E-01      0.51284          -2.5786          -11.379    
      0.49641E-01      0.96809E-01      0.50613          -1.8589          -8.2065    
      0.65443E-01      0.96156E-01      0.51665          -1.9456          -8.9025    
      0.50400E-01      0.10201          0.50058          -2.3977          -10.492    
      0.51332E-01      0.99322E-01      0.50534          -1.9641          -8.6976    
      0.47002E-01      0.91276E-01      0.50912          -1.6892          -7.5092    
      0.52063E-01      0.10680          0.50861          -2.0665          -9.1300    
      0.58362E-01      0.11707          0.50961          -1.8783          -8.4068    
      0.51004E-01      0.87694E-01      0.51607          -2.1332          -9.4685    
      0.54505E-01      0.95972E-01      0.50590          -2.2182          -10.105    
      0.47588E-01      0.98042E-01      0.50715          -2.3928          -10.581    
      0.40451E-01      0.97472E-01      0.50787          -2.0366          -8.8383    
      0.36503E-01      0.98526E-01      0.50308          -2.1105          -8.6381    
      0.41351E-01      0.99005E-01      0.51084          -2.0159          -8.5216    
      0.59368E-01      0.10453          0.50596          -1.5353          -7.3599    
      0.49686E-01      0.11369          0.50172          -2.1020          -9.1932    
      0.54340E-01      0.99571E-01      0.51202          -1.8321          -8.4774    
      0.51183E-01      0.10596          0.50623          -1.7890          -8.3016    
      0.56435E-01      0.10630          0.51025          -1.9481          -8.9173    
      0.51179E-01      0.92798E-01      0.50988          -2.0980          -9.3107    
      0.49193E-01      0.11459          0.50752          -2.0009          -9.3149    
      0.63244E-01      0.98749E-01      0.50870          -1.8753          -8.7868    
      0.43552E-01      0.98282E-01      0.51098          -2.3890          -10.178    
      0.68160E-01      0.10439          0.51198          -1.7239          -8.5819    
      0.46232E-01      0.88955E-01      0.50778          -1.7603          -8.0638    
      0.46074E-01      0.99913E-01      0.51416          -2.3600          -10.451    
      0.47509E-01      0.10341          0.51398          -2.2714          -9.7908    
      0.47196E-01      0.10212          0.50890          -2.2140          -9.9030    
      0.52584E-01      0.10602          0.51200          -1.7147          -8.2036    
      0.39605E-01      0.11558          0.50708          -2.9214          -11.934    
      0.49048E-01      0.90341E-01      0.51465          -2.0309          -9.1727    
      0.59010E-01      0.10218          0.51483          -2.0078          -9.2557    
      0.47962E-01      0.10031          0.50645          -1.8550          -8.5521    
      0.54856E-01      0.10426          0.50067          -2.3759          -10.770    
      0.54903E-01      0.10493          0.50711          -2.1320          -9.4585    
      0.40874E-01      0.97731E-01      0.50663          -2.6120          -11.190    
      0.60616E-01      0.10516          0.50294          -1.7245          -8.1169    
      0.59859E-01      0.96710E-01      0.50442          -1.8535          -8.7148    
      0.46069E-01      0.92042E-01      0.51256          -2.5179          -10.539    
      0.55246E-01      0.10455          0.50978          -1.8445          -8.3865    
      0.43785E-01      0.11453          0.50627          -2.1508          -9.1267    
      0.41192E-01      0.10546          0.50923          -2.1157          -8.8909    
      0.49468E-01      0.93530E-01      0.51215          -2.0730          -8.9207    
      0.58991E-01      0.11364          0.50773          -2.1187          -9.5201    
      0.46174E-01      0.99313E-01      0.51301          -2.4863          -10.724    
      0.53927E-01      0.91058E-01      0.52157          -1.9146          -8.5382    
      0.51459E-01      0.11466          0.49920          -2.1788          -9.5602    
      0.48383E-01      0.10816          0.50580          -2.2285          -9.5149    
      0.41814E-01      0.88927E-01      0.50385          -2.3556          -9.1221    
      0.59023E-01      0.94697E-01      0.50971          -2.0815          -9.1452    
      0.48393E-01      0.99188E-01      0.50890          -2.5955          -10.958    
      0.57507E-01      0.88624E-01      0.51266          -1.5504          -7.2025    
      0.51282E-01      0.86204E-01      0.50586          -1.9514          -8.8543    
      0.46597E-01      0.97646E-01      0.51582          -2.4426          -10.636    
      0.66905E-01      0.10985          0.50781          -1.4916          -7.5641    
      0.43641E-01      0.10353          0.50594          -2.1620          -9.3657    
      0.57841E-01      0.11374          0.50944          -1.6637          -7.8367    
      0.58652E-01      0.92768E-01      0.50847          -1.8369          -8.7108    
      0.52296E-01      0.12297          0.51141          -1.8289          -8.1939    
      0.43010E-01      0.94877E-01      0.51264          -2.0659          -9.0360    
      0.49745E-01      0.82069E-01      0.50485          -2.0223          -9.3519    
Auxiliary Estimates (beta): 
      0.49092E-01      0.11044          0.50958          -1.6904          -7.6928           4.5509           4.4488           10.566    
      0.54563E-01      0.95187E-01      0.51484          -2.1072          -9.4983           4.5077           6.0009           9.0650    
      0.62272E-01      0.11797          0.50578          -1.5887          -7.7418           4.8730           3.3087           8.9050    
      0.46131E-01      0.10943          0.51064          -1.7991          -8.0846           4.4937           4.5324           9.4960    
      0.44231E-01      0.10856          0.50522          -2.9679          -12.616           4.2508           4.9135           8.6080    
      0.45555E-01      0.10991          0.51302          -2.0156          -9.0620           4.4959           5.4714           7.9310    
      0.57322E-01      0.10222          0.50579          -1.9345          -8.8256           4.5623           1.6043           12.402    
      0.59184E-01      0.90198E-01      0.50755          -1.9896          -9.4923           4.7710           3.9868           7.8170    
      0.52981E-01      0.99213E-01      0.51505          -1.6895          -8.0361           4.7565           6.7143           8.6430    
      0.70683E-01      0.11475          0.50784          -1.6851          -8.5223           5.0576           5.4992           7.2740    
      0.47173E-01      0.97948E-01      0.50117          -1.8967          -8.3887           4.4227          0.69597           11.344    
      0.52889E-01      0.96558E-01      0.51331          -1.9726          -8.8941           4.5088           4.3782           7.6360    
      0.42380E-01      0.93488E-01      0.50250          -2.1386          -8.9407           4.1807           2.1061           14.492    
      0.61052E-01      0.10245          0.51384          -1.9222          -9.0519           4.7092           5.6201           7.3900    
      0.35306E-01      0.95581E-01      0.49916          -2.4441          -10.087           4.1271           4.7641           8.5170    
      0.53368E-01      0.93759E-01      0.50879          -2.1740          -9.4858           4.3633           3.6199           10.443    
      0.58510E-01      0.10192          0.50592          -1.9207          -8.2916           4.3169           7.4056           9.5130    
      0.36101E-01      0.99793E-01      0.49979          -2.1864          -8.7154           3.9862           5.6749           8.5910    
      0.48110E-01      0.10222          0.50114          -2.3446          -10.199           4.3501          0.77016           9.6830    
      0.42583E-01      0.96204E-01      0.51232          -1.9070          -8.6150           4.5177           6.2489           7.4040    
      0.46115E-01      0.94795E-01      0.50796          -2.0178          -8.8022           4.3623           2.1014           10.275    
      0.45488E-01      0.91100E-01      0.50731          -2.0120          -8.8353           4.3914           2.2548           9.0340    
      0.43792E-01      0.11728          0.51060          -2.4689          -10.351           4.1924           6.1478           10.361    
      0.57428E-01      0.89950E-01      0.50856          -1.7181          -8.3037           4.8332           3.7954           9.2130    
      0.58506E-01      0.10707          0.50675          -1.9493          -9.1687           4.7036           2.2617           11.713    
      0.49746E-01      0.95934E-01      0.50714          -1.7614          -8.1403           4.6215           2.2156           7.5110    
      0.55132E-01      0.10965          0.51058          -2.5354          -11.051           4.3587           7.0926           8.4790    
      0.67482E-01      0.10187          0.50792          -1.6224          -7.6988           4.7452           5.3176           10.396    
      0.49643E-01      0.94869E-01      0.50280          -2.4248          -10.723           4.4224           1.8813           8.9590    
      0.50669E-01      0.96195E-01      0.51137          -1.9773          -9.0151           4.5592           3.2647           9.5050    
      0.43884E-01      0.91422E-01      0.51816          -2.4057          -10.579           4.3977           9.7453           9.5730    
      0.47057E-01      0.97896E-01      0.51598          -2.5271          -10.761           4.2582           7.2653           9.5240    
      0.44049E-01      0.10103          0.50010          -2.1559          -8.7352           4.0518           4.8890           10.477    
      0.45425E-01      0.10549          0.50528          -2.4394          -10.715           4.3924           2.2382           8.4620    
      0.51132E-01      0.10590          0.50549          -2.1142          -9.5173           4.5015           1.1732           9.9820    
      0.52491E-01      0.97641E-01      0.50998          -1.8409          -8.4243           4.5762           2.6193           8.8900    
      0.43436E-01      0.86146E-01      0.50476          -2.9782          -12.747           4.2800           5.8958           12.024    
      0.47285E-01      0.98594E-01      0.50284          -1.6779          -7.9182           4.7192           3.0088           7.3640    
      0.43290E-01      0.87898E-01      0.51172          -2.7905          -11.204           4.0153           8.6303           9.2440    
      0.52720E-01      0.85780E-01      0.51284          -2.5786          -11.379           4.4128           8.7293           9.6190    
      0.49641E-01      0.96809E-01      0.50613          -1.8589          -8.2065           4.4146           2.0148           9.6090    
      0.65443E-01      0.96156E-01      0.51665          -1.9456          -8.9025           4.5757           10.176           10.510    
      0.50400E-01      0.10201          0.50058          -2.3977          -10.492           4.3759           1.4108           9.0950    
      0.51332E-01      0.99322E-01      0.50534          -1.9641          -8.6976           4.4283           1.1751           9.6510    
      0.47002E-01      0.91276E-01      0.50912          -1.6892          -7.5092           4.4455           5.3938           11.725    
      0.52063E-01      0.10680          0.50861          -2.0665          -9.1300           4.4180           2.4926           8.5020    
      0.58362E-01      0.11707          0.50961          -1.8783          -8.4068           4.4757           5.7101           12.095    
      0.51004E-01      0.87694E-01      0.51607          -2.1332          -9.4685           4.4387           7.4523           7.7650    
      0.54505E-01      0.95972E-01      0.50590          -2.2182          -10.105           4.5557           2.3166           9.8160    
      0.47588E-01      0.98042E-01      0.50715          -2.3928          -10.581           4.4218           2.2898           8.6640    
      0.40451E-01      0.97472E-01      0.50787          -2.0366          -8.8383           4.3398           3.5237           10.631    
      0.36503E-01      0.98526E-01      0.50308          -2.1105          -8.6381           4.0930           4.8352           8.7330    
      0.41351E-01      0.99005E-01      0.51084          -2.0159          -8.5216           4.2273           4.9272           9.3560    
      0.59368E-01      0.10453          0.50596          -1.5353          -7.3599           4.7939           2.9970           9.7600    
      0.49686E-01      0.11369          0.50172          -2.1020          -9.1932           4.3735           1.5802           8.5050    
      0.54340E-01      0.99571E-01      0.51202          -1.8321          -8.4774           4.6272           3.6399           10.004    
      0.51183E-01      0.10596          0.50623          -1.7890          -8.3016           4.6404           1.6067           9.4760    
      0.56435E-01      0.10630          0.51025          -1.9481          -8.9173           4.5774           3.1258           7.5560    
      0.51179E-01      0.92798E-01      0.50988          -2.0980          -9.3107           4.4380           2.9043           13.279    
      0.49193E-01      0.11459          0.50752          -2.0009          -9.3149           4.6555           4.0904           6.4680    
      0.63244E-01      0.98749E-01      0.50870          -1.8753          -8.7868           4.6856           3.4431           10.266    
      0.43552E-01      0.98282E-01      0.51098          -2.3890          -10.178           4.2603           3.6425           9.6840    
      0.68160E-01      0.10439          0.51198          -1.7239          -8.5819           4.9782           6.1706           9.3510    
      0.46232E-01      0.88955E-01      0.50778          -1.7603          -8.0638           4.5809           4.2283           9.5120    
      0.46074E-01      0.99913E-01      0.51416          -2.3600          -10.451           4.4287           5.8226           11.643    
      0.47509E-01      0.10341          0.51398          -2.2714          -9.7908           4.3104           5.2143           8.5330    
      0.47196E-01      0.10212          0.50890          -2.2140          -9.9030           4.4729           2.5612           8.5860    
      0.52584E-01      0.10602          0.51200          -1.7147          -8.2036           4.7844           5.1106           8.4490    
      0.39605E-01      0.11558          0.50708          -2.9214          -11.934           4.0851           7.0222           9.9400    
      0.49048E-01      0.90341E-01      0.51465          -2.0309          -9.1727           4.5166           5.9358           8.0610    
      0.59010E-01      0.10218          0.51483          -2.0078          -9.2557           4.6099           6.2836           10.507    
      0.47962E-01      0.10031          0.50645          -1.8550          -8.5521           4.6103           1.9771           9.9740    
      0.54856E-01      0.10426          0.50067          -2.3759          -10.770           4.5330           2.7999           9.9620    
      0.54903E-01      0.10493          0.50711          -2.1320          -9.4585           4.4364           2.6035           8.0050    
      0.40874E-01      0.97731E-01      0.50663          -2.6120          -11.190           4.2838           3.5575           10.455    
      0.60616E-01      0.10516          0.50294          -1.7245          -8.1169           4.7068           1.3476           9.0630    
      0.59859E-01      0.96710E-01      0.50442          -1.8535          -8.7148           4.7017           1.4559           10.630    
      0.46069E-01      0.92042E-01      0.51256          -2.5179          -10.539           4.1856           6.0782           8.0800    
      0.55246E-01      0.10455          0.50978          -1.8445          -8.3865           4.5467           2.9668           12.214    
      0.43785E-01      0.11453          0.50627          -2.1508          -9.1267           4.2434           3.3822           7.2420    
      0.41192E-01      0.10546          0.50923          -2.1157          -8.8909           4.2023           4.1162           9.6480    
      0.49468E-01      0.93530E-01      0.51215          -2.0730          -8.9207           4.3032           4.9254           10.518    
      0.58991E-01      0.11364          0.50773          -2.1187          -9.5201           4.4933           4.5346           8.2380    
      0.46174E-01      0.99313E-01      0.51301          -2.4863          -10.724           4.3132           4.9089           9.7390    
      0.53927E-01      0.91058E-01      0.52157          -1.9146          -8.5382           4.4596           12.274           13.028    
      0.51459E-01      0.11466          0.49920          -2.1788          -9.5602           4.3878           1.8797           7.7210    
      0.48383E-01      0.10816          0.50580          -2.2285          -9.5149           4.2696           2.2373           9.0110    
      0.41814E-01      0.88927E-01      0.50385          -2.3556          -9.1221           3.8725           9.9818           8.6260    
      0.59023E-01      0.94697E-01      0.50971          -2.0815          -9.1452           4.3935           6.0446           10.012    
      0.48393E-01      0.99188E-01      0.50890          -2.5955          -10.958           4.2220           4.2920           8.9060    
      0.57507E-01      0.88624E-01      0.51266          -1.5504          -7.2025           4.6456           9.1828           10.213    
      0.51282E-01      0.86204E-01      0.50586          -1.9514          -8.8543           4.5374           2.3707           10.966    
      0.46597E-01      0.97646E-01      0.51582          -2.4426          -10.636           4.3544           6.7688           8.0740    
      0.66905E-01      0.10985          0.50781          -1.4916          -7.5641           5.0710           3.3915           10.036    
      0.43641E-01      0.10353          0.50594          -2.1620          -9.3657           4.3320           1.5154           8.6780    
      0.57841E-01      0.11374          0.50944          -1.6637          -7.8367           4.7105           4.0420           9.2660    
      0.58652E-01      0.92768E-01      0.50847          -1.8369          -8.7108           4.7421           2.9358           9.5390    
      0.52296E-01      0.12297          0.51141          -1.8289          -8.1939           4.4801           6.2039           8.7570    
      0.43010E-01      0.94877E-01      0.51264          -2.0659          -9.0360           4.3739           4.8465           11.566    
      0.49745E-01      0.82069E-01      0.50485          -2.0223          -9.3519           4.6244           4.1081           8.5610    

Results
=======


Final Results:   lam1    lam2    q1      beta        c   c/beta  ll_diff walltime:
True:         0.050    0.100    0.500   -2.000   -9.000    4.500    0.000    0.000
Mean:         0.051    0.100    0.508   -2.079   -9.235    4.467    4.341    9.488
Mean Bias:    0.001    0.000    0.008   -0.079   -0.235   -0.033    4.341    9.488
Med Bias:    -0.000   -0.001    0.008   -0.031   -0.036   -0.061    4.090    9.476
S.D.:         0.007    0.008    0.004    0.317    1.117    0.222    2.301    1.428
RMSE:         0.007    0.008    0.010    0.327    1.141    0.224    4.913    9.595
Min:          0.035    0.082    0.499   -2.978  -12.747    3.873    0.696    6.468
Max:          0.071    0.123    0.522   -1.492   -7.202    5.071   12.274   14.492

Final Structural Parameters (theta):
\begin{table}
  \centering
  \begin{tabular}{rllrrrrrr}
    \hline
    \hline
          $M &        Sampling &         & $\lambda_1$  & $\lambda_2$  &    $\gamma$  &     $\beta$  &       $\mu$  & $\mu/\beta$  \\
    \hline
    $\infty$ &             DGP &   True  &       0.050  &       0.100  &       0.500  &      -2.000  &      -9.000  &       4.500  \\
    \hline
     200     & $\Delta = 1.00$ & Mean    &       0.051  &       0.100  &       0.508  &      -2.079  &      -9.235  &       4.467  \\
             &                 & S.D.    &       0.007  &       0.008  &       0.004  &       0.317  &       1.117  &       0.222  \\
    \hline
  \end{tabular} \\
\end{table}
