
CTGAMES SINGLE PLAYER MONTE CARLO EXPERIMENTS
=============================================

 Compiler: GCC version 15.1.0
 Compiler options: -I . -fPIC -feliminate-unused-debug-symbols -mmacosx-version-min=15.0.0 -mtune=core2 -g -gdwarf-2 -O3 -Wall -Wsurprising -Wconversion -Wno-unused -std=f2008 -fbacktrace -funroll-loops -ftree-vectorize -fopenmp
Monte Carlo Experiments
True parameters:
lambda1     lambda2     q1          beta        c           
 0.50000E-01 0.10000     0.50000     -2.0000     -9.0000    
Structural Parameter Estimates (theta): 
      0.50010E-01      0.99623E-01      0.50906          -1.9694          -8.9355    
      0.49206E-01      0.96421E-01      0.50667          -2.1175          -9.3265    
      0.53455E-01      0.98728E-01      0.50857          -1.9511          -8.8630    
      0.49809E-01      0.94681E-01      0.50723          -2.0659          -9.1622    
      0.52588E-01      0.10071          0.50773          -2.0138          -9.2434    
      0.52661E-01      0.10307          0.50848          -1.9615          -8.9295    
      0.51678E-01      0.97415E-01      0.51039          -2.0165          -9.0398    
      0.51445E-01      0.99995E-01      0.50775          -1.9664          -8.7847    
      0.50134E-01      0.98095E-01      0.50868          -2.0244          -8.9824    
      0.49005E-01      0.10048          0.50645          -2.0120          -8.9730    
      0.51411E-01      0.10109          0.50664          -1.9357          -8.8446    
      0.49602E-01      0.97832E-01      0.50990          -2.0224          -9.0337    
      0.49320E-01      0.98958E-01      0.50780          -2.0850          -9.1459    
      0.51108E-01      0.98606E-01      0.50732          -1.9861          -8.8463    
      0.48706E-01      0.98214E-01      0.50924          -1.9153          -8.6885    
      0.53621E-01      0.10125          0.50621          -1.9327          -8.6761    
      0.50687E-01      0.97914E-01      0.50957          -2.0787          -9.2098    
      0.51733E-01      0.97245E-01      0.50677          -1.9534          -8.7526    
      0.54717E-01      0.10298          0.50772          -1.8429          -8.4426    
      0.50196E-01      0.99921E-01      0.51048          -2.1183          -9.4149    
      0.49450E-01      0.10219          0.50854          -2.0608          -9.1667    
      0.52859E-01      0.96889E-01      0.50678          -2.0115          -9.1098    
      0.52400E-01      0.98243E-01      0.50880          -1.9741          -8.8723    
      0.52585E-01      0.98049E-01      0.50758          -1.9939          -9.0728    
      0.51811E-01      0.10400          0.50712          -1.9884          -8.9769    
      0.49111E-01      0.98567E-01      0.50653          -2.1285          -9.3579    
      0.49991E-01      0.10036          0.51008          -2.1278          -9.3788    
      0.51974E-01      0.99891E-01      0.50867          -1.9986          -9.0165    
      0.51195E-01      0.10253          0.50737          -1.9845          -8.8505    
      0.56329E-01      0.98827E-01      0.50882          -1.8429          -8.6121    
      0.50987E-01      0.99681E-01      0.50913          -2.0045          -8.9530    
      0.51265E-01      0.97465E-01      0.50830          -1.9213          -8.7006    
      0.52363E-01      0.99198E-01      0.50629          -1.8898          -8.5603    
      0.50422E-01      0.99502E-01      0.50845          -1.9973          -8.9248    
      0.48332E-01      0.10473          0.50957          -2.0344          -8.9709    
      0.50081E-01      0.99286E-01      0.50965          -1.9791          -8.8590    
      0.51752E-01      0.99946E-01      0.51029          -2.0236          -9.1195    
      0.51833E-01      0.10067          0.50857          -1.9401          -8.7545    
      0.48430E-01      0.98029E-01      0.50823          -2.0564          -9.0236    
      0.51274E-01      0.10137          0.50890          -2.0668          -9.2400    
      0.51868E-01      0.10252          0.50863          -1.9581          -8.8315    
      0.49704E-01      0.10378          0.50767          -2.0509          -9.0576    
      0.56280E-01      0.98924E-01      0.50993          -1.9272          -8.9010    
      0.50160E-01      0.99014E-01      0.50865          -2.0911          -9.2095    
      0.55580E-01      0.10086          0.50665          -1.8370          -8.4763    
      0.53351E-01      0.10397          0.50839          -1.9141          -8.8377    
      0.50032E-01      0.10117          0.50838          -2.1620          -9.4642    
      0.52074E-01      0.10161          0.50763          -1.9324          -8.6260    
      0.51570E-01      0.97710E-01      0.50675          -2.0035          -9.0118    
      0.48626E-01      0.98472E-01      0.50964          -2.2262          -9.7538    
      0.49711E-01      0.10310          0.50878          -2.0388          -9.1377    
      0.52061E-01      0.96713E-01      0.50611          -1.9003          -8.6180    
      0.51744E-01      0.10151          0.50987          -2.0044          -9.0829    
      0.50030E-01      0.97791E-01      0.50904          -2.0089          -9.0079    
      0.50414E-01      0.10363          0.50733          -2.0354          -9.1211    
      0.51684E-01      0.93452E-01      0.50997          -2.0738          -9.2462    
      0.49843E-01      0.98483E-01      0.50894          -2.0794          -9.2723    
      0.56794E-01      0.10409          0.50877          -1.9185          -8.8509    
      0.48499E-01      0.99334E-01      0.51009          -2.0988          -9.2825    
      0.51126E-01      0.10451          0.50696          -2.0273          -9.0729    
      0.49517E-01      0.10285          0.50841          -2.0564          -9.1377    
      0.51830E-01      0.98510E-01      0.50912          -1.9287          -8.7864    
      0.51907E-01      0.10162          0.50932          -1.9328          -8.8204    
      0.50254E-01      0.10072          0.50714          -1.9461          -8.7407    
      0.49161E-01      0.10008          0.50987          -2.0287          -9.0661    
      0.52887E-01      0.10346          0.50660          -1.9576          -8.9088    
      0.51061E-01      0.96674E-01      0.50656          -1.9923          -8.8511    
      0.52482E-01      0.98435E-01      0.50908          -2.0389          -9.2773    
      0.49952E-01      0.97128E-01      0.50747          -2.0123          -8.9990    
      0.48229E-01      0.97679E-01      0.50768          -2.1147          -9.2909    
      0.50709E-01      0.10154          0.51080          -1.9815          -8.9296    
      0.52252E-01      0.10098          0.50972          -2.0385          -9.0439    
      0.51324E-01      0.10055          0.50764          -2.0569          -9.2562    
      0.52101E-01      0.99333E-01      0.50661          -2.0743          -9.2823    
      0.52274E-01      0.10150          0.50971          -1.9608          -8.8552    
      0.53093E-01      0.10145          0.50787          -2.0200          -9.1195    
      0.52071E-01      0.97495E-01      0.50679          -1.9929          -9.0493    
      0.50411E-01      0.99831E-01      0.50701          -1.9515          -8.6510    
      0.51550E-01      0.99673E-01      0.50910          -2.0244          -9.0346    
      0.50513E-01      0.10414          0.50905          -2.0685          -9.0826    
      0.48917E-01      0.10258          0.50794          -2.0217          -8.9141    
      0.49711E-01      0.97277E-01      0.50938          -2.0489          -9.0341    
      0.49771E-01      0.10137          0.50725          -1.9813          -8.8594    
      0.48990E-01      0.10231          0.51109          -2.0605          -9.1189    
      0.50168E-01      0.97248E-01      0.50716          -2.1414          -9.4363    
      0.53963E-01      0.10300          0.50801          -1.9644          -8.8848    
      0.50610E-01      0.10019          0.50859          -1.9828          -8.8253    
      0.52693E-01      0.10236          0.50702          -1.8505          -8.4523    
      0.50320E-01      0.95337E-01      0.50677          -1.9982          -8.8904    
      0.52982E-01      0.10223          0.50600          -1.9469          -8.9483    
      0.50223E-01      0.96868E-01      0.50896          -2.0578          -9.1765    
      0.51864E-01      0.10256          0.50924          -1.9037          -8.6423    
      0.48311E-01      0.99879E-01      0.50577          -2.1204          -9.2691    
      0.51675E-01      0.10248          0.50663          -2.0250          -9.1075    
      0.52371E-01      0.10166          0.50682          -2.0102          -9.1003    
      0.47440E-01      0.10049          0.50779          -2.2237          -9.6826    
      0.53052E-01      0.98525E-01      0.50784          -1.9638          -8.9603    
      0.50919E-01      0.10042          0.50856          -2.0426          -9.1562    
      0.51392E-01      0.99961E-01      0.50915          -2.0764          -9.2445    
      0.51034E-01      0.10217          0.50796          -1.9895          -8.8572    
Auxiliary Estimates (beta): 
      0.50010E-01      0.99623E-01      0.50906          -1.9694          -8.9355           4.5372           29.140           11.546    
      0.49206E-01      0.96421E-01      0.50667          -2.1175          -9.3265           4.4044           18.927           11.870    
      0.53455E-01      0.98728E-01      0.50857          -1.9511          -8.8630           4.5426           27.663           11.604    
      0.49809E-01      0.94681E-01      0.50723          -2.0659          -9.1622           4.4350           22.343           10.941    
      0.52588E-01      0.10071          0.50773          -2.0138          -9.2434           4.5900           24.312           10.969    
      0.52661E-01      0.10307          0.50848          -1.9615          -8.9295           4.5524           26.460           10.474    
      0.51678E-01      0.97415E-01      0.51039          -2.0165          -9.0398           4.4828           39.263           12.276    
      0.51445E-01      0.99995E-01      0.50775          -1.9664          -8.7847           4.4674           23.990           10.322    
      0.50134E-01      0.98095E-01      0.50868          -2.0244          -8.9824           4.4371           28.287           13.927    
      0.49005E-01      0.10048          0.50645          -2.0120          -8.9730           4.4597           14.771           11.890    
      0.51411E-01      0.10109          0.50664          -1.9357          -8.8446           4.5691           16.165           13.228    
      0.49602E-01      0.97832E-01      0.50990          -2.0224          -9.0337           4.4668           34.171           12.922    
      0.49320E-01      0.98958E-01      0.50780          -2.0850          -9.1459           4.3865           25.193           10.601    
      0.51108E-01      0.98606E-01      0.50732          -1.9861          -8.8463           4.4540           21.959           12.493    
      0.48706E-01      0.98214E-01      0.50924          -1.9153          -8.6885           4.5364           33.521           13.069    
      0.53621E-01      0.10125          0.50621          -1.9327          -8.6761           4.4892           21.283           12.161    
      0.50687E-01      0.97914E-01      0.50957          -2.0787          -9.2098           4.4306           34.736           13.507    
      0.51733E-01      0.97245E-01      0.50677          -1.9534          -8.7526           4.4806           19.912           10.408    
      0.54717E-01      0.10298          0.50772          -1.8429          -8.4426           4.5812           26.245           11.993    
      0.50196E-01      0.99921E-01      0.51048          -2.1183          -9.4149           4.4446           39.376           12.429    
      0.49450E-01      0.10219          0.50854          -2.0608          -9.1667           4.4482           26.057           13.384    
      0.52859E-01      0.96889E-01      0.50678          -2.0115          -9.1098           4.5289           18.934           11.786    
      0.52400E-01      0.98243E-01      0.50880          -1.9741          -8.8723           4.4943           29.653           12.825    
      0.52585E-01      0.98049E-01      0.50758          -1.9939          -9.0728           4.5502           21.495           13.692    
      0.51811E-01      0.10400          0.50712          -1.9884          -8.9769           4.5146           19.584           12.980    
      0.49111E-01      0.98567E-01      0.50653          -2.1285          -9.3579           4.3965           17.591           10.283    
      0.49991E-01      0.10036          0.51008          -2.1278          -9.3788           4.4077           38.167           15.156    
      0.51974E-01      0.99891E-01      0.50867          -1.9986          -9.0165           4.5115           26.748           10.614    
      0.51195E-01      0.10253          0.50737          -1.9845          -8.8505           4.4599           22.219           11.977    
      0.56329E-01      0.98827E-01      0.50882          -1.8429          -8.6121           4.6732           31.494           12.975    
      0.50987E-01      0.99681E-01      0.50913          -2.0045          -8.9530           4.4665           30.221           14.730    
      0.51265E-01      0.97465E-01      0.50830          -1.9213          -8.7006           4.5285           25.403           10.010    
      0.52363E-01      0.99198E-01      0.50629          -1.8898          -8.5603           4.5298           16.629           10.600    
      0.50422E-01      0.99502E-01      0.50845          -1.9973          -8.9248           4.4684           25.467           11.833    
      0.48332E-01      0.10473          0.50957          -2.0344          -8.9709           4.4097           35.758           16.984    
      0.50081E-01      0.99286E-01      0.50965          -1.9791          -8.8590           4.4764           32.734           9.2730    
      0.51752E-01      0.99946E-01      0.51029          -2.0236          -9.1195           4.5067           37.153           12.767    
      0.51833E-01      0.10067          0.50857          -1.9401          -8.7545           4.5123           26.696           9.8880    
      0.48430E-01      0.98029E-01      0.50823          -2.0564          -9.0236           4.3880           26.877           11.128    
      0.51274E-01      0.10137          0.50890          -2.0668          -9.2400           4.4706           29.137           11.554    
      0.51868E-01      0.10252          0.50863          -1.9581          -8.8315           4.5103           27.270           15.728    
      0.49704E-01      0.10378          0.50767          -2.0509          -9.0576           4.4164           24.280           8.7810    
      0.56280E-01      0.98924E-01      0.50993          -1.9272          -8.9010           4.6187           39.384           12.505    
      0.50160E-01      0.99014E-01      0.50865          -2.0911          -9.2095           4.4042           29.854           11.505    
      0.55580E-01      0.10086          0.50665          -1.8370          -8.4763           4.6142           19.949           10.460    
      0.53351E-01      0.10397          0.50839          -1.9141          -8.8377           4.6172           27.608           10.629    
      0.50032E-01      0.10117          0.50838          -2.1620          -9.4642           4.3775           30.875           13.203    
      0.52074E-01      0.10161          0.50763          -1.9324          -8.6260           4.4640           26.916           11.402    
      0.51570E-01      0.97710E-01      0.50675          -2.0035          -9.0118           4.4981           17.183           14.473    
      0.48626E-01      0.98472E-01      0.50964          -2.2262          -9.7538           4.3815           36.215           12.425    
      0.49711E-01      0.10310          0.50878          -2.0388          -9.1377           4.4820           27.631           12.033    
      0.52061E-01      0.96713E-01      0.50611          -1.9003          -8.6180           4.5352           16.159           9.0600    
      0.51744E-01      0.10151          0.50987          -2.0044          -9.0829           4.5315           34.274           14.298    
      0.50030E-01      0.97791E-01      0.50904          -2.0089          -9.0079           4.4841           28.554           12.051    
      0.50414E-01      0.10363          0.50733          -2.0354          -9.1211           4.4812           20.079           14.970    
      0.51684E-01      0.93452E-01      0.50997          -2.0738          -9.2462           4.4585           42.024           9.8870    
      0.49843E-01      0.98483E-01      0.50894          -2.0794          -9.2723           4.4591           28.207           12.458    
      0.56794E-01      0.10409          0.50877          -1.9185          -8.8509           4.6134           33.906           11.597    
      0.48499E-01      0.99334E-01      0.51009          -2.0988          -9.2825           4.4228           35.695           11.045    
      0.51126E-01      0.10451          0.50696          -2.0273          -9.0729           4.4753           19.791           14.526    
      0.49517E-01      0.10285          0.50841          -2.0564          -9.1377           4.4435           25.814           12.691    
      0.51830E-01      0.98510E-01      0.50912          -1.9287          -8.7864           4.5555           29.422           10.982    
      0.51907E-01      0.10162          0.50932          -1.9328          -8.8204           4.5636           30.702           14.991    
      0.50254E-01      0.10072          0.50714          -1.9461          -8.7407           4.4914           18.606           9.5620    
      0.49161E-01      0.10008          0.50987          -2.0287          -9.0661           4.4690           33.570           11.861    
      0.52887E-01      0.10346          0.50660          -1.9576          -8.9088           4.5508           17.209           9.6930    
      0.51061E-01      0.96674E-01      0.50656          -1.9923          -8.8511           4.4426           20.335           17.676    
      0.52482E-01      0.98435E-01      0.50908          -2.0389          -9.2773           4.5501           30.994           8.7640    
      0.49952E-01      0.97128E-01      0.50747          -2.0123          -8.9990           4.4719           20.293           16.387    
      0.48229E-01      0.97679E-01      0.50768          -2.1147          -9.2909           4.3936           22.548           10.069    
      0.50709E-01      0.10154          0.51080          -1.9815          -8.9296           4.5064           40.296           12.996    
      0.52252E-01      0.10098          0.50972          -2.0385          -9.0439           4.4364           39.385           15.519    
      0.51324E-01      0.10055          0.50764          -2.0569          -9.2562           4.5000           21.300           17.842    
      0.52101E-01      0.99333E-01      0.50661          -2.0743          -9.2823           4.4748           18.585           10.218    
      0.52274E-01      0.10150          0.50971          -1.9608          -8.8552           4.5161           33.846           17.031    
      0.53093E-01      0.10145          0.50787          -2.0200          -9.1195           4.5145           24.424           9.2680    
      0.52071E-01      0.97495E-01      0.50679          -1.9929          -9.0493           4.5408           17.283           11.539    
      0.50411E-01      0.99831E-01      0.50701          -1.9515          -8.6510           4.4330           22.819           11.739    
      0.51550E-01      0.99673E-01      0.50910          -2.0244          -9.0346           4.4629           30.988           16.584    
      0.50513E-01      0.10414          0.50905          -2.0685          -9.0826           4.3908           36.597           11.428    
      0.48917E-01      0.10258          0.50794          -2.0217          -8.9141           4.4092           25.298           12.508    
      0.49711E-01      0.97277E-01      0.50938          -2.0489          -9.0341           4.4093           34.192           11.911    
      0.49771E-01      0.10137          0.50725          -1.9813          -8.8594           4.4715           18.967           13.104    
      0.48990E-01      0.10231          0.51109          -2.0605          -9.1189           4.4255           43.603           11.389    
      0.50168E-01      0.97248E-01      0.50716          -2.1414          -9.4363           4.4065           22.545           12.797    
      0.53963E-01      0.10300          0.50801          -1.9644          -8.8848           4.5229           27.040           10.252    
      0.50610E-01      0.10019          0.50859          -1.9828          -8.8253           4.4509           28.069           13.570    
      0.52693E-01      0.10236          0.50702          -1.8505          -8.4523           4.5676           20.247           10.019    
      0.50320E-01      0.95337E-01      0.50677          -1.9982          -8.8904           4.4491           20.300           11.995    
      0.52982E-01      0.10223          0.50600          -1.9469          -8.9483           4.5962           14.585           15.107    
      0.50223E-01      0.96868E-01      0.50896          -2.0578          -9.1765           4.4595           29.194           11.496    
      0.51864E-01      0.10256          0.50924          -1.9037          -8.6423           4.5397           31.237           10.982    
      0.48311E-01      0.99879E-01      0.50577          -2.1204          -9.2691           4.3714           14.893           12.342    
      0.51675E-01      0.10248          0.50663          -2.0250          -9.1075           4.4975           16.886           12.370    
      0.52371E-01      0.10166          0.50682          -2.0102          -9.1003           4.5270           17.619           15.496    
      0.47440E-01      0.10049          0.50779          -2.2237          -9.6826           4.3543           25.128           18.719    
      0.53052E-01      0.98525E-01      0.50784          -1.9638          -8.9603           4.5628           22.710           13.189    
      0.50919E-01      0.10042          0.50856          -2.0426          -9.1562           4.4827           25.809           14.067    
      0.51392E-01      0.99961E-01      0.50915          -2.0764          -9.2445           4.4522           31.686           13.108    
      0.51034E-01      0.10217          0.50796          -1.9895          -8.8572           4.4519           25.431           11.282    

Results
=======


Final Results:   lam1    lam2    q1      beta        c   c/beta  ll_diff walltime:
True:         0.050    0.100    0.500   -2.000   -9.000    4.500    0.000    0.000
Mean:         0.051    0.100    0.508   -2.009   -9.004    4.485   26.620   12.386
Mean Bias:    0.001    0.000    0.008   -0.009   -0.004   -0.015   26.620   12.386
Med Bias:     0.001   -0.000    0.008   -0.010   -0.012   -0.025   26.245   11.995
S.D.:         0.002    0.002    0.001    0.075    0.244    0.064    7.004    2.093
RMSE:         0.002    0.002    0.008    0.075    0.244    0.066   27.526   12.562
Min:          0.047    0.093    0.506   -2.226   -9.754    4.354   14.585    8.764
Max:          0.057    0.105    0.511   -1.837   -8.443    4.673   43.603   18.719

Final Structural Parameters (theta):
\begin{table}
  \centering
  \begin{tabular}{rllrrrrrr}
    \hline
    \hline
          $M &        Sampling &         & $\lambda_1$  & $\lambda_2$  &    $\gamma$  &     $\beta$  &       $\mu$  & $\mu/\beta$  \\
    \hline
    $\infty$ &             DGP &   True  &       0.050  &       0.100  &       0.500  &      -2.000  &      -9.000  &       4.500  \\
    \hline
    3200     & $\Delta = 8.00$ & Mean    &       0.051  &       0.100  &       0.508  &      -2.009  &      -9.004  &       4.485  \\
             &                 & S.D.    &       0.002  &       0.002  &       0.001  &       0.075  &       0.244  &       0.064  \\
    \hline
  \end{tabular} \\
\end{table}
