
CTGAMES RUST (1987) ESTIMATION
==============================

 Compiler: GCC version 15.1.0
 Compiler options: -I . -fPIC -mmacosx-version-min=15.0.0 -mcpu=apple-m1 -mlittle-endian -mabi=lp64 -g -gdwarf-2 -O3 -Wall -Wsurprising -Wconversion -Wno-unused -std=f2008 -fbacktrace -funroll-loops -ftree-vectorize -fopenmp
 Estimating homogeneous model (4 parameters, lambda1 = lambda2)

Loading Bus Data
----------------

* Group  1: Loaded    360 observations.  15 buses with  24 months per bus
* Group  2: Loaded    192 observations.   4 buses with  48 months per bus
* Group  3: Loaded   3312 observations.  48 buses with  69 months per bus
* Group  4: Loaded   4292 observations.  37 buses with 116 months per bus
* Group  5: Loaded   1500 observations.  12 buses with 125 months per bus
* Group  6: Loaded   1250 observations.  10 buses with 125 months per bus
* Group  7: Loaded   2250 observations.  18 buses with 125 months per bus
* Group  8: Loaded   2250 observations.  18 buses with 125 months per bus
* Loaded  15406 observations in total.

Observed Dataset Statistics
---------------------------

    Sampling: discrete time
            N:     15406

Est. P(Delta) (sample) = 
   0.59   0.39   0.02   0.00   0.00   0.00   0.00   0.00   0.00   0.00
   0.00   0.49   0.51   0.00   0.00   0.00   0.00   0.00   0.00   0.00
   0.00   0.00   0.44   0.55   0.01   0.00   0.00   0.00   0.00   0.00
   0.00   0.00   0.00   0.48   0.52   0.00   0.00   0.00   0.00   0.00
   0.00   0.00   0.00   0.00   0.48   0.52   0.00   0.00   0.00   0.00
   0.00   0.00   0.00   0.00   0.00   0.50   0.49   0.01   0.00   0.00
   0.00   0.00   0.00   0.00   0.00   0.00   0.46   0.53   0.01   0.00
   0.00   0.00   0.00   0.00   0.00   0.00   0.00   0.45   0.53   0.02
   0.00   0.00   0.00   0.00   0.00   0.00   0.00   0.00   0.47   0.52
   0.00   0.00   0.00   0.00   0.00   0.00   0.00   0.00   0.00   0.45

Unconditional replacement frequency =       0.80488E-02

Optimization runs:
------------------

Starting value j =   1  LL = -13938.5070681911875
Starting value j =   2  LL = -13938.5070681914203
Starting value j =   3  LL = -13938.5070681918623
Starting value j =   4  LL = -13938.5070681912639
Starting value j =   5  LL = -13938.5070681915822
Starting value j =   6  LL = -13938.5070681914694
Starting value j =   7  LL = -15222.3181887462924
Starting value j =   8  LL = -13938.5070681921443
Starting value j =   9  LL = -13938.5070681919005
Starting value j =  10  LL = -13938.5070681928501
Starting value j =  11  LL = -13938.5070681915986
Starting value j =  12  LL = -13938.5070681914603
Starting value j =  13  LL = -15207.7080692337659
Starting value j =  14  LL = -23919.0083539986044
Starting value j =  15  LL = -13938.5070681920079
Starting value j =  16  LL = -14723.5543301692778
Starting value j =  17  LL = -13938.5070681919842
Starting value j =  18  LL = -16523.7801389443048
Starting value j =  19  LL = -13938.5070681914694
Starting value j =  20  LL = -14540.1850565975292

Best run:
---------

Best starting value: j =          1
LL = -13938.5070681911875

Results
=======

\begin{table}
  \centering
  \begin{tabular}{lcccc}
    \hline
    \hline
    Sampling   & $\lambda$ & $q_1$    & $\beta$ & $c$   \\
    \hline
    Estimates  &   0.032  &   0.526  &  -1.257  &  -8.072  \\
    S.E.       &   0.005  &   0.006  &   0.285  &   1.345  \\
    \hline
  \end{tabular} \\
\end{table}
