
CTGAMES SINGLE PLAYER MONTE CARLO EXPERIMENTS
=============================================

 Compiler: GCC version 15.1.0
 Compiler options: -I . -fPIC -feliminate-unused-debug-symbols -mmacosx-version-min=15.0.0 -mtune=core2 -g -gdwarf-2 -O3 -Wall -Wsurprising -Wconversion -Wno-unused -std=f2008 -fbacktrace -funroll-loops -ftree-vectorize -fopenmp
Monte Carlo Experiments
True parameters:
lambda1     lambda2     q1          beta        c           
 0.50000E-01 0.10000     0.50000     -2.0000     -9.0000    
Structural Parameter Estimates (theta): 
      0.49576E-01      0.93927E-01      0.49947          -1.8601          -8.5203    
      0.48832E-01      0.96991E-01      0.50259          -2.1132          -9.5420    
      0.52232E-01      0.97915E-01      0.49862          -1.9058          -8.6623    
      0.44393E-01      0.10181          0.49908          -1.9696          -8.7145    
      0.45742E-01      0.10024          0.49584          -2.0811          -9.3781    
      0.53299E-01      0.10246          0.49995          -1.8686          -8.7080    
      0.47990E-01      0.98003E-01      0.49708          -2.0647          -9.3383    
      0.53631E-01      0.10316          0.49673          -2.0033          -9.1113    
      0.53109E-01      0.96806E-01      0.50312          -1.9068          -8.6861    
      0.50561E-01      0.10222          0.49735          -2.0199          -9.1447    
      0.44399E-01      0.98114E-01      0.49774          -1.8152          -8.1533    
      0.53203E-01      0.97021E-01      0.50059          -1.9344          -8.9331    
      0.50792E-01      0.10038          0.50178          -1.9610          -8.7710    
      0.50675E-01      0.92410E-01      0.49763          -1.9917          -8.9999    
      0.48964E-01      0.96618E-01      0.49789          -1.8723          -8.7582    
      0.55867E-01      0.10097          0.50024          -1.9398          -8.8028    
      0.52028E-01      0.92810E-01      0.49669          -1.8342          -8.3022    
      0.49154E-01      0.96188E-01      0.49788          -1.8368          -8.3060    
      0.55090E-01      0.10826          0.49708          -1.7528          -8.1106    
      0.49716E-01      0.99003E-01      0.50536          -1.9066          -8.8260    
      0.48762E-01      0.10453          0.49933          -1.9995          -8.9008    
      0.54422E-01      0.97489E-01      0.49681          -1.9713          -8.9703    
      0.52033E-01      0.98473E-01      0.50118          -1.9904          -8.8873    
      0.50430E-01      0.94961E-01      0.49969          -1.9295          -8.8479    
      0.49371E-01      0.10365          0.49938          -2.0391          -9.0965    
      0.47875E-01      0.98491E-01      0.50124          -2.0273          -9.1092    
      0.49765E-01      0.10161          0.50331          -2.1305          -9.4604    
      0.56440E-01      0.10151          0.50065          -1.8879          -8.8576    
      0.48924E-01      0.98373E-01      0.49848          -2.1298          -9.2488    
      0.53316E-01      0.10401          0.50030          -1.9224          -8.9426    
      0.49414E-01      0.97811E-01      0.50015          -1.9087          -8.6353    
      0.45719E-01      0.95927E-01      0.50286          -1.9776          -8.8652    
      0.46269E-01      0.10410          0.49999          -2.0778          -9.0336    
      0.48389E-01      0.10210          0.49779          -2.1474          -9.6189    
      0.48141E-01      0.10910          0.50191          -1.8869          -8.6345    
      0.45648E-01      0.10117          0.50272          -1.9717          -8.9648    
      0.48110E-01      0.93831E-01      0.49944          -2.1351          -9.4391    
      0.49478E-01      0.98841E-01      0.49619          -1.7630          -8.1512    
      0.44559E-01      0.98444E-01      0.49863          -2.0409          -8.8115    
      0.53611E-01      0.10254          0.50253          -1.8585          -8.5180    
      0.53208E-01      0.10533          0.50077          -1.7653          -8.1404    
      0.51448E-01      0.97853E-01      0.50268          -1.9222          -8.6320    
      0.55835E-01      0.98503E-01      0.50056          -2.0700          -9.5285    
      0.48689E-01      0.10238          0.49921          -2.0009          -8.7634    
      0.49056E-01      0.97640E-01      0.49968          -1.8761          -8.4740    
      0.52313E-01      0.11482          0.49875          -1.8365          -8.4310    
      0.56419E-01      0.10139          0.50189          -1.9005          -8.7697    
      0.52349E-01      0.99302E-01      0.50169          -1.9463          -8.8106    
      0.51591E-01      0.98246E-01      0.50039          -2.1183          -9.5892    
      0.44351E-01      0.10001          0.50172          -2.2649          -9.6729    
      0.49731E-01      0.98220E-01      0.50102          -2.0337          -9.2245    
      0.46774E-01      0.95387E-01      0.49457          -2.0613          -9.0871    
      0.49373E-01      0.94717E-01      0.50197          -1.8974          -8.5736    
      0.47201E-01      0.99954E-01      0.49418          -2.0432          -9.1886    
      0.47432E-01      0.10262          0.49661          -2.1158          -9.2812    
      0.51325E-01      0.92741E-01      0.50447          -2.0027          -8.9805    
      0.46346E-01      0.10054          0.50094          -2.1456          -9.5447    
      0.48684E-01      0.99822E-01      0.49893          -2.1437          -9.5071    
      0.51031E-01      0.10250          0.50466          -2.0154          -9.0345    
      0.48937E-01      0.11320          0.49987          -1.9289          -8.8775    
      0.51160E-01      0.98963E-01      0.49861          -2.0012          -9.0035    
      0.50444E-01      0.10435          0.50312          -1.8118          -8.3295    
      0.55964E-01      0.10241          0.50262          -1.9328          -8.9744    
      0.47371E-01      0.95333E-01      0.50071          -2.0073          -8.9660    
      0.50355E-01      0.94315E-01      0.50297          -1.8705          -8.6655    
      0.53494E-01      0.10180          0.49954          -2.0272          -9.2481    
      0.52500E-01      0.97536E-01      0.50077          -1.9694          -8.8833    
      0.50543E-01      0.98759E-01      0.50185          -1.8428          -8.6199    
      0.50553E-01      0.10167          0.49778          -1.9146          -8.6543    
      0.45122E-01      0.88710E-01      0.50036          -2.4438          -10.599    
      0.48822E-01      0.10374          0.50382          -2.0506          -9.2956    
      0.48333E-01      0.97828E-01      0.50199          -2.0269          -8.9348    
      0.54889E-01      0.10695          0.49716          -1.9533          -9.0063    
      0.48332E-01      0.94192E-01      0.49814          -2.2266          -9.7985    
      0.48127E-01      0.10488          0.49701          -2.1028          -9.4993    
      0.49142E-01      0.96242E-01      0.50166          -2.0071          -8.9667    
      0.57328E-01      0.93895E-01      0.49740          -1.8183          -8.6190    
      0.48183E-01      0.96290E-01      0.49882          -2.1198          -9.0621    
      0.51840E-01      0.96767E-01      0.50281          -1.8643          -8.5492    
      0.46340E-01      0.11419          0.49779          -1.9895          -8.7325    
      0.47085E-01      0.10247          0.50240          -1.8924          -8.3926    
      0.43961E-01      0.95168E-01      0.50415          -2.2353          -9.5117    
      0.50903E-01      0.10683          0.49929          -1.8181          -8.3833    
      0.50105E-01      0.98127E-01      0.50239          -2.0636          -9.2434    
      0.48645E-01      0.96607E-01      0.50332          -2.1478          -9.4456    
      0.56053E-01      0.10248          0.49887          -1.9082          -8.6920    
      0.51310E-01      0.10599          0.50163          -1.9606          -8.6518    
      0.45586E-01      0.96415E-01      0.49892          -2.0568          -8.8941    
      0.51304E-01      0.92803E-01      0.50079          -2.0592          -9.1787    
      0.55371E-01      0.10270          0.49662          -1.9180          -8.9360    
      0.46698E-01      0.93635E-01      0.50272          -1.9749          -8.7595    
      0.56677E-01      0.10724          0.49607          -1.7516          -8.1439    
      0.45233E-01      0.10156          0.50296          -2.1942          -9.6231    
      0.52036E-01      0.10698          0.49969          -1.9057          -8.7084    
      0.52930E-01      0.10333          0.49800          -2.0472          -9.3165    
      0.50275E-01      0.10512          0.50422          -1.9978          -8.9466    
      0.55296E-01      0.91962E-01      0.50175          -2.0833          -9.6061    
      0.50527E-01      0.10168          0.50349          -2.0386          -9.1407    
      0.47540E-01      0.98947E-01      0.50173          -2.1252          -9.3737    
      0.50923E-01      0.10251          0.49975          -2.1128          -9.4638    
Auxiliary Estimates (beta): 
      0.49576E-01      0.93927E-01      0.49947          -1.8601          -8.5203           4.5805           2.4729           8.4800    
      0.48832E-01      0.96991E-01      0.50259          -2.1132          -9.5420           4.5153           2.1819           6.1060    
      0.52232E-01      0.97915E-01      0.49862          -1.9058          -8.6623           4.5453          0.80034           6.6580    
      0.44393E-01      0.10181          0.49908          -1.9696          -8.7145           4.4245           3.3060           8.7290    
      0.45742E-01      0.10024          0.49584          -2.0811          -9.3781           4.5063           4.5150           8.1290    
      0.53299E-01      0.10246          0.49995          -1.8686          -8.7080           4.6602           1.1654           8.4600    
      0.47990E-01      0.98003E-01      0.49708          -2.0647          -9.3383           4.5227           2.0744           7.2530    
      0.53631E-01      0.10316          0.49673          -2.0033          -9.1113           4.5481           2.1544           7.6850    
      0.53109E-01      0.96806E-01      0.50312          -1.9068          -8.6861           4.5552           1.8971           11.766    
      0.50561E-01      0.10222          0.49735          -2.0199          -9.1447           4.5274          0.95953           5.4700    
      0.44399E-01      0.98114E-01      0.49774          -1.8152          -8.1533           4.4917           7.2420           6.7830    
      0.53203E-01      0.97021E-01      0.50059          -1.9344          -8.9331           4.6181           1.1272           9.0980    
      0.50792E-01      0.10038          0.50178          -1.9610          -8.7710           4.4727          0.85175           9.1650    
      0.50675E-01      0.92410E-01      0.49763          -1.9917          -8.9999           4.5186           2.3439           5.6110    
      0.48964E-01      0.96618E-01      0.49789          -1.8723          -8.7582           4.6778           5.4668           8.8020    
      0.55867E-01      0.10097          0.50024          -1.9398          -8.8028           4.5381           2.6878           9.5620    
      0.52028E-01      0.92810E-01      0.49669          -1.8342          -8.3022           4.5262           4.9429           10.380    
      0.49154E-01      0.96188E-01      0.49788          -1.8368          -8.3060           4.5219           2.7503           5.8100    
      0.55090E-01      0.10826          0.49708          -1.7528          -8.1106           4.6273           4.7744           12.341    
      0.49716E-01      0.99003E-01      0.50536          -1.9066          -8.8260           4.6292           5.3041           6.3660    
      0.48762E-01      0.10453          0.49933          -1.9995          -8.9008           4.4515          0.85166           10.765    
      0.54422E-01      0.97489E-01      0.49681          -1.9713          -8.9703           4.5503           2.5007           6.5680    
      0.52033E-01      0.98473E-01      0.50118          -1.9904          -8.8873           4.4652           1.3935           13.650    
      0.50430E-01      0.94961E-01      0.49969          -1.9295          -8.8479           4.5855           1.4416           4.8830    
      0.49371E-01      0.10365          0.49938          -2.0391          -9.0965           4.4611          0.49395           8.0160    
      0.47875E-01      0.98491E-01      0.50124          -2.0273          -9.1092           4.4933          0.73451           6.3510    
      0.49765E-01      0.10161          0.50331          -2.1305          -9.4604           4.4404           1.7229           7.8290    
      0.56440E-01      0.10151          0.50065          -1.8879          -8.8576           4.6918           1.9480           9.1430    
      0.48924E-01      0.98373E-01      0.49848          -2.1298          -9.2488           4.3425           2.6041           7.7680    
      0.53316E-01      0.10401          0.50030          -1.9224          -8.9426           4.6518           1.5870           6.7990    
      0.49414E-01      0.97811E-01      0.50015          -1.9087          -8.6353           4.5242          0.67957           10.470    
      0.45719E-01      0.95927E-01      0.50286          -1.9776          -8.8652           4.4828           3.4105           6.4200    
      0.46269E-01      0.10410          0.49999          -2.0778          -9.0336           4.3476           2.0703           7.5570    
      0.48389E-01      0.10210          0.49779          -2.1474          -9.6189           4.4794           1.6757           7.9270    
      0.48141E-01      0.10910          0.50191          -1.8869          -8.6345           4.5760           4.5245           9.1630    
      0.45648E-01      0.10117          0.50272          -1.9717          -8.9648           4.5467           5.1060           6.3450    
      0.48110E-01      0.93831E-01      0.49944          -2.1351          -9.4391           4.4209           1.4551           10.530    
      0.49478E-01      0.98841E-01      0.49619          -1.7630          -8.1512           4.6235           4.6229           7.4650    
      0.44559E-01      0.98444E-01      0.49863          -2.0409          -8.8115           4.3175           3.2957           6.9920    
      0.53611E-01      0.10254          0.50253          -1.8585          -8.5180           4.5833           1.4998           7.9140    
      0.53208E-01      0.10533          0.50077          -1.7653          -8.1404           4.6112           2.5999           10.176    
      0.51448E-01      0.97853E-01      0.50268          -1.9222          -8.6320           4.4906           1.6969           6.9760    
      0.55835E-01      0.98503E-01      0.50056          -2.0700          -9.5285           4.6030           3.5652           8.7280    
      0.48689E-01      0.10238          0.49921          -2.0009          -8.7634           4.3798           2.1575           7.8500    
      0.49056E-01      0.97640E-01      0.49968          -1.8761          -8.4740           4.5167           1.2792           7.3080    
      0.52313E-01      0.11482          0.49875          -1.8365          -8.4310           4.5908           5.3322           6.7220    
      0.56419E-01      0.10139          0.50189          -1.9005          -8.7697           4.6145           2.0151           7.0780    
      0.52349E-01      0.99302E-01      0.50169          -1.9463          -8.8106           4.5267          0.69316           7.1570    
      0.51591E-01      0.98246E-01      0.50039          -2.1183          -9.5892           4.5269           1.5116           11.301    
      0.44351E-01      0.10001          0.50172          -2.2649          -9.6729           4.2709           2.8869           6.7430    
      0.49731E-01      0.98220E-01      0.50102          -2.0337          -9.2245           4.5358          0.70686           7.4340    
      0.46774E-01      0.95387E-01      0.49457          -2.0613          -9.0871           4.4084           3.9936           8.8010    
      0.49373E-01      0.94717E-01      0.50197          -1.8974          -8.5736           4.5186           1.8820           8.7940    
      0.47201E-01      0.99954E-01      0.49418          -2.0432          -9.1886           4.4971           4.1335           8.6700    
      0.47432E-01      0.10262          0.49661          -2.1158          -9.2812           4.3866           2.0633           6.3330    
      0.51325E-01      0.92741E-01      0.50447          -2.0027          -8.9805           4.4841           3.8869           7.6120    
      0.46346E-01      0.10054          0.50094          -2.1456          -9.5447           4.4485           1.4926           7.4300    
      0.48684E-01      0.99822E-01      0.49893          -2.1437          -9.5071           4.4348          0.64093           6.2610    
      0.51031E-01      0.10250          0.50466          -2.0154          -9.0345           4.4828           2.4156           7.5440    
      0.48937E-01      0.11320          0.49987          -1.9289          -8.8775           4.6024           6.2052           7.9960    
      0.51160E-01      0.98963E-01      0.49861          -2.0012          -9.0035           4.4991          0.40821           8.0580    
      0.50444E-01      0.10435          0.50312          -1.8118          -8.3295           4.5974           3.1114           7.4220    
      0.55964E-01      0.10241          0.50262          -1.9328          -8.9744           4.6432           2.3450           8.6000    
      0.47371E-01      0.95333E-01      0.50071          -2.0073          -8.9660           4.4667           1.1315           9.0230    
      0.50355E-01      0.94315E-01      0.50297          -1.8705          -8.6655           4.6327           3.7272           7.5690    
      0.53494E-01      0.10180          0.49954          -2.0272          -9.2481           4.5620           1.1789           8.7920    
      0.52500E-01      0.97536E-01      0.50077          -1.9694          -8.8833           4.5108          0.88721           9.6770    
      0.50543E-01      0.98759E-01      0.50185          -1.8428          -8.6199           4.6776           3.5733           6.2170    
      0.50553E-01      0.10167          0.49778          -1.9146          -8.6543           4.5202          0.86016           7.3810    
      0.45122E-01      0.88710E-01      0.50036          -2.4438          -10.599           4.3372           7.1977           6.7530    
      0.48822E-01      0.10374          0.50382          -2.0506          -9.2956           4.5331           2.9496           7.9630    
      0.48333E-01      0.97828E-01      0.50199          -2.0269          -8.9348           4.4082           1.1348           7.5650    
      0.54889E-01      0.10695          0.49716          -1.9533          -9.0063           4.6109           2.9310           8.2640    
      0.48332E-01      0.94192E-01      0.49814          -2.2266          -9.7985           4.4007           2.4878           7.4940    
      0.48127E-01      0.10488          0.49701          -2.1028          -9.4993           4.5176           3.0275           10.424    
      0.49142E-01      0.96242E-01      0.50166          -2.0071          -8.9667           4.4675          0.74836           9.2620    
      0.57328E-01      0.93895E-01      0.49740          -1.8183          -8.6190           4.7400           4.2573           8.8180    
      0.48183E-01      0.96290E-01      0.49882          -2.1198          -9.0621           4.2751           5.4470           7.6640    
      0.51840E-01      0.96767E-01      0.50281          -1.8643          -8.5492           4.5857           1.7649           9.1700    
      0.46340E-01      0.11419          0.49779          -1.9895          -8.7325           4.3892           7.2085           4.8340    
      0.47085E-01      0.10247          0.50240          -1.8924          -8.3926           4.4349           3.1317           9.7210    
      0.43961E-01      0.95168E-01      0.50415          -2.2353          -9.5117           4.2553           5.3368           6.6760    
      0.50903E-01      0.10683          0.49929          -1.8181          -8.3833           4.6110           2.4883           7.5310    
      0.50105E-01      0.98127E-01      0.50239          -2.0636          -9.2434           4.4792          0.80783           9.1520    
      0.48645E-01      0.96607E-01      0.50332          -2.1478          -9.4456           4.3978           1.9867           8.1680    
      0.56053E-01      0.10248          0.49887          -1.9082          -8.6920           4.5551           2.7663           6.4490    
      0.51310E-01      0.10599          0.50163          -1.9606          -8.6518           4.4128           3.8700           8.6000    
      0.45586E-01      0.96415E-01      0.49892          -2.0568          -8.8941           4.3242           2.7447           8.3430    
      0.51304E-01      0.92803E-01      0.50079          -2.0592          -9.1787           4.4575           2.4258           9.5300    
      0.55371E-01      0.10270          0.49662          -1.9180          -8.9360           4.6591           2.5621           8.9980    
      0.46698E-01      0.93635E-01      0.50272          -1.9749          -8.7595           4.4353           2.9622           8.3620    
      0.56677E-01      0.10724          0.49607          -1.7516          -8.1439           4.6494           5.2585           9.1360    
      0.45233E-01      0.10156          0.50296          -2.1942          -9.6231           4.3857           2.4216           9.8210    
      0.52036E-01      0.10698          0.49969          -1.9057          -8.7084           4.5696           1.2620           9.4460    
      0.52930E-01      0.10333          0.49800          -2.0472          -9.3165           4.5509           1.6587           8.5470    
      0.50275E-01      0.10512          0.50422          -1.9978          -8.9466           4.4783           2.4296           8.2990    
      0.55296E-01      0.91962E-01      0.50175          -2.0833          -9.6061           4.6110           5.9526           10.555    
      0.50527E-01      0.10168          0.50349          -2.0386          -9.1407           4.4839           1.3639           9.0530    
      0.47540E-01      0.98947E-01      0.50173          -2.1252          -9.3737           4.4108          0.72717           7.9470    
      0.50923E-01      0.10251          0.49975          -2.1128          -9.4638           4.4793          0.97238           8.0460    

Results
=======


Final Results:   lam1    lam2    q1      beta        c   c/beta  ll_diff walltime:
True:         0.050    0.100    0.500   -2.000   -9.000    4.500    0.000    0.000
Mean:         0.050    0.100    0.500   -1.988   -8.957    4.510    2.633    8.155
Mean Bias:    0.000   -0.000    0.000    0.012    0.043    0.010    2.633    8.155
Med Bias:    -0.000   -0.001    0.000    0.010    0.064    0.018    2.345    7.996
S.D.:         0.003    0.005    0.002    0.121    0.427    0.099    1.647    1.546
RMSE:         0.003    0.005    0.002    0.122    0.429    0.099    3.106    8.300
Min:          0.044    0.089    0.494   -2.444  -10.599    4.255    0.408    4.834
Max:          0.057    0.115    0.505   -1.752   -8.111    4.740    7.242   13.650

Final Structural Parameters (theta):
\begin{table}
  \centering
  \begin{tabular}{rllrrrrrr}
    \hline
    \hline
          $M &        Sampling &         & $\lambda_1$  & $\lambda_2$  &    $\gamma$  &     $\beta$  &       $\mu$  & $\mu/\beta$  \\
    \hline
    $\infty$ &             DGP &   True  &       0.050  &       0.100  &       0.500  &      -2.000  &      -9.000  &       4.500  \\
    \hline
     800     & Continuous      & Mean    &       0.050  &       0.100  &       0.500  &      -1.988  &      -8.957  &       4.510  \\
             &                 & S.D.    &       0.003  &       0.005  &       0.002  &       0.121  &       0.427  &       0.099  \\
    \hline
  \end{tabular} \\
\end{table}
