
CTGAMES SINGLE PLAYER MONTE CARLO EXPERIMENTS
=============================================

 Compiler: GCC version 15.1.0
 Compiler options: -I . -fPIC -feliminate-unused-debug-symbols -mmacosx-version-min=15.0.0 -mtune=core2 -g -gdwarf-2 -O3 -Wall -Wsurprising -Wconversion -Wno-unused -std=f2008 -fbacktrace -funroll-loops -ftree-vectorize -fopenmp
Monte Carlo Experiments
True parameters:
lambda1     lambda2     q1          beta        c           
 0.50000E-01 0.10000     0.50000     -2.0000     -9.0000    
Structural Parameter Estimates (theta): 
      0.48608E-01      0.99013E-01      0.50055          -1.9922          -9.0347    
      0.47697E-01      0.96857E-01      0.49931          -2.1597          -9.5395    
      0.52493E-01      0.99082E-01      0.50002          -1.9506          -8.8873    
      0.48323E-01      0.94411E-01      0.49911          -2.0812          -9.2325    
      0.51514E-01      0.10002          0.49916          -1.9987          -9.2077    
      0.52067E-01      0.10298          0.50054          -1.9457          -8.9176    
      0.49680E-01      0.97675E-01      0.50215          -2.0199          -9.0500    
      0.51035E-01      0.99602E-01      0.49946          -1.9430          -8.7495    
      0.49064E-01      0.97660E-01      0.50090          -2.0433          -9.0992    
      0.47893E-01      0.99438E-01      0.49836          -2.0547          -9.1859    
      0.50340E-01      0.10038          0.49849          -1.9501          -8.9451    
      0.48665E-01      0.97441E-01      0.50192          -1.9821          -8.9116    
      0.49696E-01      0.98200E-01      0.49931          -2.0301          -9.0165    
      0.51347E-01      0.98195E-01      0.49953          -1.9647          -8.8857    
      0.48161E-01      0.97390E-01      0.50049          -1.9207          -8.7577    
      0.52370E-01      0.10172          0.49917          -1.9638          -8.8667    
      0.50568E-01      0.97367E-01      0.50149          -2.0240          -9.0803    
      0.50283E-01      0.97699E-01      0.49844          -1.9579          -8.7920    
      0.53067E-01      0.10309          0.49972          -1.8673          -8.5537    
      0.50109E-01      0.10023          0.50227          -2.0458          -9.2161    
      0.49017E-01      0.10241          0.50045          -2.0214          -9.0752    
      0.52875E-01      0.96378E-01      0.49805          -1.9503          -8.9296    
      0.50493E-01      0.97808E-01      0.50080          -1.9920          -8.9553    
      0.52076E-01      0.97709E-01      0.49902          -1.9481          -8.9394    
      0.51558E-01      0.10328          0.49878          -1.9703          -8.9681    
      0.48855E-01      0.98866E-01      0.49847          -2.0581          -9.1551    
      0.49420E-01      0.99686E-01      0.50198          -2.1043          -9.3397    
      0.50175E-01      0.99736E-01      0.49988          -2.0291          -9.1325    
      0.50463E-01      0.10204          0.49864          -1.9744          -8.8481    
      0.55626E-01      0.98934E-01      0.50037          -1.8280          -8.5910    
      0.50262E-01      0.99063E-01      0.50108          -1.9746          -8.8933    
      0.50852E-01      0.96971E-01      0.49964          -1.8964          -8.6709    
      0.50176E-01      0.99514E-01      0.49821          -1.9365          -8.7300    
      0.49953E-01      0.98910E-01      0.50041          -1.9910          -8.9756    
      0.49487E-01      0.10337          0.50159          -1.9473          -8.7755    
      0.48965E-01      0.99216E-01      0.50158          -1.9539          -8.7801    
      0.51556E-01      0.99482E-01      0.50171          -1.9902          -9.0463    
      0.50998E-01      0.99420E-01      0.50040          -1.9614          -8.8842    
      0.48862E-01      0.98164E-01      0.50052          -1.9765          -8.8181    
      0.50925E-01      0.10101          0.50003          -2.0103          -9.0548    
      0.52223E-01      0.10156          0.50048          -1.8864          -8.6247    
      0.49808E-01      0.10303          0.49997          -2.0073          -8.9663    
      0.54351E-01      0.98909E-01      0.50133          -1.9346          -8.9335    
      0.50063E-01      0.98376E-01      0.50074          -2.0520          -9.1330    
      0.53939E-01      0.10071          0.49790          -1.8321          -8.4718    
      0.52567E-01      0.10370          0.50000          -1.9025          -8.8193    
      0.49205E-01      0.10018          0.50023          -2.1414          -9.4197    
      0.51295E-01      0.10147          0.50013          -1.9054          -8.5731    
      0.51470E-01      0.96903E-01      0.49854          -1.9776          -8.9681    
      0.48424E-01      0.98290E-01      0.50163          -2.1639          -9.5790    
      0.48711E-01      0.10228          0.50028          -2.0808          -9.3430    
      0.51512E-01      0.97151E-01      0.49789          -1.8876          -8.6290    
      0.51183E-01      0.10197          0.50148          -1.9530          -8.9055    
      0.50173E-01      0.97996E-01      0.50081          -1.9532          -8.8626    
      0.48800E-01      0.10295          0.49896          -2.0646          -9.2383    
      0.50955E-01      0.93452E-01      0.50181          -2.0382          -9.1610    
      0.48194E-01      0.98323E-01      0.50062          -2.0817          -9.2819    
      0.54181E-01      0.10393          0.50031          -1.9457          -8.9207    
      0.48375E-01      0.99178E-01      0.50169          -2.0384          -9.1129    
      0.49311E-01      0.10280          0.49866          -2.0528          -9.1871    
      0.49150E-01      0.10278          0.49992          -2.0116          -9.0162    
      0.50485E-01      0.98686E-01      0.50097          -1.9398          -8.8574    
      0.50660E-01      0.10210          0.50091          -1.9491          -8.9072    
      0.48989E-01      0.10073          0.49887          -1.9576          -8.8050    
      0.49076E-01      0.98746E-01      0.50188          -1.9875          -8.9901    
      0.52396E-01      0.10205          0.49875          -1.9461          -8.9224    
      0.49721E-01      0.96618E-01      0.49878          -1.9997          -8.9183    
      0.51511E-01      0.98422E-01      0.50137          -1.9988          -9.1649    
      0.48869E-01      0.97121E-01      0.49938          -2.0064          -9.0287    
      0.47310E-01      0.96860E-01      0.49979          -2.1581          -9.5301    
      0.50613E-01      0.10117          0.50238          -1.9503          -8.8776    
      0.51765E-01      0.99439E-01      0.50145          -2.0173          -9.0232    
      0.52904E-01      0.99661E-01      0.49932          -1.9415          -8.9116    
      0.51309E-01      0.99433E-01      0.49888          -2.0452          -9.2121    
      0.51554E-01      0.10036          0.50102          -1.9590          -8.8799    
      0.51555E-01      0.10115          0.50024          -2.0480          -9.2464    
      0.51079E-01      0.96851E-01      0.49863          -1.9870          -9.0664    
      0.50012E-01      0.98810E-01      0.49932          -1.9217          -8.5996    
      0.49070E-01      0.99731E-01      0.50137          -2.0699          -9.1810    
      0.49659E-01      0.10358          0.50062          -2.0640          -9.1084    
      0.47190E-01      0.10138          0.49974          -2.0607          -9.0776    
      0.49514E-01      0.96011E-01      0.50153          -2.0452          -9.1009    
      0.49720E-01      0.10038          0.49896          -1.9235          -8.6849    
      0.47734E-01      0.10129          0.50224          -2.0913          -9.2479    
      0.49343E-01      0.96792E-01      0.49949          -2.1264          -9.4447    
      0.52799E-01      0.10292          0.50033          -1.9780          -8.9827    
      0.49447E-01      0.99126E-01      0.50022          -2.0078          -8.9460    
      0.52433E-01      0.10164          0.49956          -1.8481          -8.5121    
      0.49122E-01      0.95417E-01      0.49876          -2.0054          -8.9511    
      0.52902E-01      0.10226          0.49732          -1.9313          -8.9558    
      0.50390E-01      0.96382E-01      0.50007          -1.9419          -8.7692    
      0.49334E-01      0.10276          0.50025          -1.9410          -8.7539    
      0.48031E-01      0.99374E-01      0.49801          -2.0803          -9.2117    
      0.50753E-01      0.10267          0.49849          -2.0345          -9.1897    
      0.52136E-01      0.10113          0.49921          -1.9921          -9.1085    
      0.47127E-01      0.10007          0.49975          -2.2087          -9.6945    
      0.50796E-01      0.98247E-01      0.49959          -2.0240          -9.1918    
      0.49474E-01      0.99820E-01      0.50060          -2.0611          -9.2519    
      0.50759E-01      0.10002          0.50062          -2.0689          -9.2505    
      0.51870E-01      0.10260          0.49967          -1.9121          -8.6726    
Auxiliary Estimates (beta): 
      0.48608E-01      0.99013E-01      0.50055          -1.9922          -9.0347           4.5352           3.1868           20.593    
      0.47697E-01      0.96857E-01      0.49931          -2.1597          -9.5395           4.4170           3.4284           19.707    
      0.52493E-01      0.99082E-01      0.50002          -1.9506          -8.8873           4.5562           1.2102           22.665    
      0.48323E-01      0.94411E-01      0.49911          -2.0812          -9.2325           4.4361           4.4085           19.131    
      0.51514E-01      0.10002          0.49916          -1.9987          -9.2077           4.6068           5.5473           21.254    
      0.52067E-01      0.10298          0.50054          -1.9457          -8.9176           4.5832           2.2063           19.878    
      0.49680E-01      0.97675E-01      0.50215          -2.0199          -9.0500           4.4804           2.3962           18.489    
      0.51035E-01      0.99602E-01      0.49946          -1.9430          -8.7495           4.5030           1.4731           19.135    
      0.49064E-01      0.97660E-01      0.50090          -2.0433          -9.0992           4.4532           1.2644           15.532    
      0.47893E-01      0.99438E-01      0.49836          -2.0547          -9.1859           4.4707           2.2532           19.529    
      0.50340E-01      0.10038          0.49849          -1.9501          -8.9451           4.5870           3.8566           25.444    
      0.48665E-01      0.97441E-01      0.50192          -1.9821          -8.9116           4.4960           3.0531           15.826    
      0.49696E-01      0.98200E-01      0.49931          -2.0301          -9.0165           4.4414           2.0923           22.714    
      0.51347E-01      0.98195E-01      0.49953          -1.9647          -8.8857           4.5226          0.98962           14.245    
      0.48161E-01      0.97390E-01      0.50049          -1.9207          -8.7577           4.5597           7.0336           18.291    
      0.52370E-01      0.10172          0.49917          -1.9638          -8.8667           4.5150           2.5224           13.886    
      0.50568E-01      0.97367E-01      0.50149          -2.0240          -9.0803           4.4864           2.0766           16.398    
      0.50283E-01      0.97699E-01      0.49844          -1.9579          -8.7920           4.4906           2.5744           21.861    
      0.53067E-01      0.10309          0.49972          -1.8673          -8.5537           4.5807           3.2854           22.110    
      0.50109E-01      0.10023          0.50227          -2.0458          -9.2161           4.5049           2.6808           19.331    
      0.49017E-01      0.10241          0.50045          -2.0214          -9.0752           4.4895           1.1274           21.696    
      0.52875E-01      0.96378E-01      0.49805          -1.9503          -8.9296           4.5786           4.7787           17.589    
      0.50493E-01      0.97808E-01      0.50080          -1.9920          -8.9553           4.4956           1.0366           26.977    
      0.52076E-01      0.97709E-01      0.49902          -1.9481          -8.9394           4.5887           2.6357           18.311    
      0.51558E-01      0.10328          0.49878          -1.9703          -8.9681           4.5516           2.0770           26.484    
      0.48855E-01      0.98866E-01      0.49847          -2.0581          -9.1551           4.4482           1.5563           18.145    
      0.49420E-01      0.99686E-01      0.50198          -2.1043          -9.3397           4.4384           2.9203           24.045    
      0.50175E-01      0.99736E-01      0.49988          -2.0291          -9.1325           4.5008          0.25102           17.808    
      0.50463E-01      0.10204          0.49864          -1.9744          -8.8481           4.4815           2.1683           30.384    
      0.55626E-01      0.98934E-01      0.50037          -1.8280          -8.5910           4.6996           6.5021           14.129    
      0.50262E-01      0.99063E-01      0.50108          -1.9746          -8.8933           4.5039          0.69470           25.100    
      0.50852E-01      0.96971E-01      0.49964          -1.8964          -8.6709           4.5723           2.9280           19.463    
      0.50176E-01      0.99514E-01      0.49821          -1.9365          -8.7300           4.5080           2.2019           23.611    
      0.49953E-01      0.98910E-01      0.50041          -1.9910          -8.9756           4.5081          0.24231           13.481    
      0.49487E-01      0.10337          0.50159          -1.9473          -8.7755           4.5066           2.9240           21.346    
      0.48965E-01      0.99216E-01      0.50158          -1.9539          -8.7801           4.4937           2.1800           21.244    
      0.51556E-01      0.99482E-01      0.50171          -1.9902          -9.0463           4.5453           1.9678           22.823    
      0.50998E-01      0.99420E-01      0.50040          -1.9614          -8.8842           4.5294          0.33370           23.988    
      0.48862E-01      0.98164E-01      0.50052          -1.9765          -8.8181           4.4615           1.7269           20.239    
      0.50925E-01      0.10101          0.50003          -2.0103          -9.0548           4.5041          0.47228           19.527    
      0.52223E-01      0.10156          0.50048          -1.8864          -8.6247           4.5721           1.7264           27.620    
      0.49808E-01      0.10303          0.49997          -2.0073          -8.9663           4.4669           1.5080           14.219    
      0.54351E-01      0.98909E-01      0.50133          -1.9346          -8.9335           4.6177           4.5644           17.914    
      0.50063E-01      0.98376E-01      0.50074          -2.0520          -9.1330           4.4509           1.7118           22.319    
      0.53939E-01      0.10071          0.49790          -1.8321          -8.4718           4.6241           5.1877           24.864    
      0.52567E-01      0.10370          0.50000          -1.9025          -8.8193           4.6357           4.5773           15.424    
      0.49205E-01      0.10018          0.50023          -2.1414          -9.4197           4.3989           3.7320           22.463    
      0.51295E-01      0.10147          0.50013          -1.9054          -8.5731           4.4993           3.6639           19.893    
      0.51470E-01      0.96903E-01      0.49854          -1.9776          -8.9681           4.5348           2.4602           19.001    
      0.48424E-01      0.98290E-01      0.50163          -2.1639          -9.5790           4.4268           3.8241           28.724    
      0.48711E-01      0.10228          0.50028          -2.0808          -9.3430           4.4902           2.5849           23.365    
      0.51512E-01      0.97151E-01      0.49789          -1.8876          -8.6290           4.5715           4.4516           19.172    
      0.51183E-01      0.10197          0.50148          -1.9530          -8.9055           4.5598           1.9427           21.940    
      0.50173E-01      0.97996E-01      0.50081          -1.9532          -8.8626           4.5374           1.3273           16.768    
      0.48800E-01      0.10295          0.49896          -2.0646          -9.2383           4.4746           2.1516           20.442    
      0.50955E-01      0.93452E-01      0.50181          -2.0382          -9.1610           4.4947           7.2942           19.173    
      0.48194E-01      0.98323E-01      0.50062          -2.0817          -9.2819           4.4589           1.3995           16.646    
      0.54181E-01      0.10393          0.50031          -1.9457          -8.9207           4.5848           4.1042           20.473    
      0.48375E-01      0.99178E-01      0.50169          -2.0384          -9.1129           4.4706           1.7595           15.587    
      0.49311E-01      0.10280          0.49866          -2.0528          -9.1871           4.4753           1.9591           13.859    
      0.49150E-01      0.10278          0.49992          -2.0116          -9.0162           4.4821           1.0429           17.991    
      0.50485E-01      0.98686E-01      0.50097          -1.9398          -8.8574           4.5662           2.0583           21.424    
      0.50660E-01      0.10210          0.50091          -1.9491          -8.9072           4.5700           2.2560           22.569    
      0.48989E-01      0.10073          0.49887          -1.9576          -8.8050           4.4979           1.5467           22.048    
      0.49076E-01      0.98746E-01      0.50188          -1.9875          -8.9901           4.5233           2.8776           25.304    
      0.52396E-01      0.10205          0.49875          -1.9461          -8.9224           4.5847           2.2744           14.097    
      0.49721E-01      0.96618E-01      0.49878          -1.9997          -8.9183           4.4599           2.9665           21.632    
      0.51511E-01      0.98422E-01      0.50137          -1.9988          -9.1649           4.5852           4.3557           15.840    
      0.48869E-01      0.97121E-01      0.49938          -2.0064          -9.0287           4.4999           1.5883           24.247    
      0.47310E-01      0.96860E-01      0.49979          -2.1581          -9.5301           4.4159           3.2445           14.255    
      0.50613E-01      0.10117          0.50238          -1.9503          -8.8776           4.5518           3.0907           20.477    
      0.51765E-01      0.99439E-01      0.50145          -2.0173          -9.0232           4.4729           3.7480           24.534    
      0.52904E-01      0.99661E-01      0.49932          -1.9415          -8.9116           4.5900           1.9125           17.283    
      0.51309E-01      0.99433E-01      0.49888          -2.0452          -9.2121           4.5042           1.8702           19.830    
      0.51554E-01      0.10036          0.50102          -1.9590          -8.8799           4.5329          0.83570           16.565    
      0.51555E-01      0.10115          0.50024          -2.0480          -9.2464           4.5149           1.8476           17.253    
      0.51079E-01      0.96851E-01      0.49863          -1.9870          -9.0664           4.5629           3.1886           15.207    
      0.50012E-01      0.98810E-01      0.49932          -1.9217          -8.5996           4.4750           3.7802           20.524    
      0.49070E-01      0.99731E-01      0.50137          -2.0699          -9.1810           4.4355           1.5959           26.240    
      0.49659E-01      0.10358          0.50062          -2.0640          -9.1084           4.4130           4.6491           19.011    
      0.47190E-01      0.10138          0.49974          -2.0607          -9.0776           4.4051           2.5627           17.740    
      0.49514E-01      0.96011E-01      0.50153          -2.0452          -9.1009           4.4500           3.3344           20.247    
      0.49720E-01      0.10038          0.49896          -1.9235          -8.6849           4.5152           1.7424           22.101    
      0.47734E-01      0.10129          0.50224          -2.0913          -9.2479           4.4222           3.3359           18.912    
      0.49343E-01      0.96792E-01      0.49949          -2.1264          -9.4447           4.4417           3.0913           19.895    
      0.52799E-01      0.10292          0.50033          -1.9780          -8.9827           4.5414           2.4043           21.897    
      0.49447E-01      0.99126E-01      0.50022          -2.0078          -8.9460           4.4556          0.93071           23.707    
      0.52433E-01      0.10164          0.49956          -1.8481          -8.5121           4.6059           2.8610           21.377    
      0.49122E-01      0.95417E-01      0.49876          -2.0054          -8.9511           4.4636           3.5025           21.911    
      0.52902E-01      0.10226          0.49732          -1.9313          -8.9558           4.6372           7.0235           21.672    
      0.50390E-01      0.96382E-01      0.50007          -1.9419          -8.7692           4.5158           2.2115           27.076    
      0.49334E-01      0.10276          0.50025          -1.9410          -8.7539           4.5100           1.9145           20.776    
      0.48031E-01      0.99374E-01      0.49801          -2.0803          -9.2117           4.4280           2.5481           21.285    
      0.50753E-01      0.10267          0.49849          -2.0345          -9.1897           4.5170           2.3909           21.312    
      0.52136E-01      0.10113          0.49921          -1.9921          -9.1085           4.5723           2.2731           19.222    
      0.47127E-01      0.10007          0.49975          -2.2087          -9.6945           4.3893           4.1230           24.702    
      0.50796E-01      0.98247E-01      0.49959          -2.0240          -9.1918           4.5414           1.7870           19.276    
      0.49474E-01      0.99820E-01      0.50060          -2.0611          -9.2519           4.4888          0.81248           17.226    
      0.50759E-01      0.10002          0.50062          -2.0689          -9.2505           4.4712           1.7178           22.783    
      0.51870E-01      0.10260          0.49967          -1.9121          -8.6726           4.5356           2.0382           18.907    

Results
=======


Final Results:   lam1    lam2    q1      beta        c   c/beta  ll_diff walltime:
True:         0.050    0.100    0.500   -2.000   -9.000    4.500    0.000    0.000
Mean:         0.050    0.100    0.500   -1.995   -8.999    4.511    2.635   20.306
Mean Bias:    0.000   -0.000    0.000    0.005    0.001    0.011    2.635   20.306
Med Bias:     0.000   -0.001    0.000    0.009    0.032    0.004    2.273   20.239
S.D.:         0.002    0.002    0.001    0.072    0.238    0.060    1.437    3.579
RMSE:         0.002    0.002    0.001    0.072    0.238    0.061    3.002   20.619
Min:          0.047    0.093    0.497   -2.209   -9.694    4.389    0.242   13.481
Max:          0.056    0.104    0.502   -1.828   -8.472    4.700    7.294   30.384

Final Structural Parameters (theta):
\begin{table}
  \centering
  \begin{tabular}{rllrrrrrr}
    \hline
    \hline
          $M &        Sampling &         & $\lambda_1$  & $\lambda_2$  &    $\gamma$  &     $\beta$  &       $\mu$  & $\mu/\beta$  \\
    \hline
    $\infty$ &             DGP &   True  &       0.050  &       0.100  &       0.500  &      -2.000  &      -9.000  &       4.500  \\
    \hline
    3200     & Continuous      & Mean    &       0.050  &       0.100  &       0.500  &      -1.995  &      -8.999  &       4.511  \\
             &                 & S.D.    &       0.002  &       0.002  &       0.001  &       0.072  &       0.238  &       0.060  \\
    \hline
  \end{tabular} \\
\end{table}
