
CTGAMES SINGLE PLAYER MONTE CARLO EXPERIMENTS
=============================================

 Compiler: GCC version 15.1.0
 Compiler options: -I . -fPIC -feliminate-unused-debug-symbols -mmacosx-version-min=15.0.0 -mtune=core2 -g -gdwarf-2 -O3 -Wall -Wsurprising -Wconversion -Wno-unused -std=f2008 -fbacktrace -funroll-loops -ftree-vectorize -fopenmp
Monte Carlo Experiments
True parameters:
lambda1     lambda2     q1          beta        c           
 0.50000E-01 0.10000     0.50000     -2.0000     -9.0000    
Structural Parameter Estimates (theta): 
      0.49371E-01      0.94773E-01      0.50818          -1.9081          -8.6409    
      0.49609E-01      0.97839E-01      0.51044          -2.1251          -9.5218    
      0.53409E-01      0.97823E-01      0.50639          -1.8985          -8.6085    
      0.44939E-01      0.10109          0.50708          -2.0053          -8.7840    
      0.46124E-01      0.10118          0.50387          -2.1176          -9.4544    
      0.54174E-01      0.10237          0.50841          -1.9074          -8.8474    
      0.49050E-01      0.98500E-01      0.50542          -2.0886          -9.4025    
      0.53379E-01      0.10368          0.50515          -2.0766          -9.3217    
      0.52566E-01      0.97464E-01      0.51118          -1.9321          -8.6856    
      0.51412E-01      0.10268          0.50514          -2.0282          -9.1200    
      0.46675E-01      0.97992E-01      0.50580          -1.8022          -8.1416    
      0.54289E-01      0.97287E-01      0.50856          -1.9525          -8.9613    
      0.51592E-01      0.10049          0.51010          -1.9406          -8.6672    
      0.50717E-01      0.93374E-01      0.50578          -2.0149          -9.0203    
      0.49172E-01      0.97480E-01      0.50610          -1.8820          -8.7218    
      0.56767E-01      0.10132          0.50820          -1.9659          -8.8550    
      0.53054E-01      0.92793E-01      0.50485          -1.8626          -8.3551    
      0.49395E-01      0.96008E-01      0.50627          -1.9043          -8.4883    
      0.55602E-01      0.10896          0.50540          -1.8032          -8.2858    
      0.49568E-01      0.99756E-01      0.51363          -1.9690          -8.9950    
      0.48039E-01      0.10518          0.50765          -2.0513          -9.0168    
      0.53854E-01      0.98993E-01      0.50487          -2.0047          -9.0336    
      0.53341E-01      0.99798E-01      0.50938          -2.0006          -8.8867    
      0.51331E-01      0.95875E-01      0.50747          -1.9109          -8.7385    
      0.50054E-01      0.10390          0.50784          -2.0403          -9.0767    
      0.48524E-01      0.10004          0.50947          -2.0403          -9.1129    
      0.49662E-01      0.10261          0.51180          -2.1766          -9.5344    
      0.57299E-01      0.10202          0.50928          -1.9178          -8.9206    
      0.48439E-01      0.99041E-01      0.50646          -2.2207          -9.4737    
      0.53502E-01      0.10344          0.50841          -1.9717          -9.0601    
      0.50685E-01      0.98301E-01      0.50780          -1.9168          -8.5993    
      0.46628E-01      0.97407E-01      0.51095          -1.9599          -8.7533    
      0.46757E-01      0.10489          0.50822          -2.0956          -9.0559    
      0.50421E-01      0.10252          0.50570          -2.1046          -9.4590    
      0.48108E-01      0.10990          0.51023          -1.9506          -8.8046    
      0.46331E-01      0.10172          0.51047          -1.9995          -9.0247    
      0.48625E-01      0.94446E-01      0.50783          -2.1806          -9.5380    
      0.49193E-01      0.10020          0.50456          -1.8002          -8.2221    
      0.45483E-01      0.98770E-01      0.50700          -2.0727          -8.8969    
      0.55872E-01      0.10234          0.51114          -1.8352          -8.4337    
      0.54731E-01      0.10530          0.50906          -1.7757          -8.1571    
      0.51455E-01      0.98043E-01      0.51082          -1.9631          -8.7160    
      0.56344E-01      0.98562E-01      0.50848          -2.1235          -9.6663    
      0.49073E-01      0.10233          0.50703          -2.0442          -8.8584    
      0.49986E-01      0.98326E-01      0.50753          -1.8843          -8.4570    
      0.53242E-01      0.11470          0.50670          -1.8380          -8.4064    
      0.56185E-01      0.10269          0.51014          -1.9276          -8.8033    
      0.52466E-01      0.99427E-01      0.50986          -2.0210          -9.0353    
      0.52373E-01      0.98206E-01      0.50827          -2.1406          -9.6506    
      0.46249E-01      0.99893E-01      0.50974          -2.2667          -9.6951    
      0.50278E-01      0.99489E-01      0.50913          -2.0309          -9.1630    
      0.46157E-01      0.96839E-01      0.50276          -2.0924          -9.1288    
      0.49687E-01      0.95836E-01      0.51026          -1.9081          -8.5832    
      0.47163E-01      0.10053          0.50182          -2.0696          -9.2011    
      0.48632E-01      0.10300          0.50483          -2.1409          -9.3509    
      0.52960E-01      0.93902E-01      0.51262          -1.9887          -8.9133    
      0.47549E-01      0.10105          0.50937          -2.1785          -9.6422    
      0.49387E-01      0.10038          0.50710          -2.1529          -9.5245    
      0.50400E-01      0.10394          0.51341          -2.0757          -9.1909    
      0.50077E-01      0.11373          0.50801          -1.9463          -8.8983    
      0.52145E-01      0.98710E-01      0.50680          -2.0311          -9.0789    
      0.50734E-01      0.10424          0.51130          -1.8868          -8.5738    
      0.55774E-01      0.10327          0.51094          -2.0048          -9.1669    
      0.48928E-01      0.96485E-01      0.50873          -1.9848          -8.8790    
      0.51986E-01      0.94176E-01      0.51143          -1.8910          -8.7348    
      0.53157E-01      0.10273          0.50795          -2.0732          -9.3518    
      0.52513E-01      0.98500E-01      0.50910          -2.0111          -8.9785    
      0.50506E-01      0.99267E-01      0.50978          -1.8952          -8.7515    
      0.50055E-01      0.10245          0.50586          -1.9645          -8.7640    
      0.45109E-01      0.89798E-01      0.50855          -2.5231          -10.806    
      0.49128E-01      0.10456          0.51226          -2.0757          -9.3244    
      0.48718E-01      0.99572E-01      0.51006          -2.0481          -8.9472    
      0.56337E-01      0.10690          0.50503          -1.9710          -9.0662    
      0.49347E-01      0.94430E-01      0.50577          -2.2384          -9.7951    
      0.49066E-01      0.10494          0.50517          -2.1105          -9.4951    
      0.50137E-01      0.96848E-01      0.50962          -2.0482          -9.0879    
      0.57739E-01      0.95458E-01      0.50554          -1.8179          -8.5560    
      0.49795E-01      0.96486E-01      0.50676          -2.1301          -9.0938    
      0.52750E-01      0.97435E-01      0.51104          -1.8699          -8.5562    
      0.46915E-01      0.11463          0.50599          -1.9898          -8.6698    
      0.46398E-01      0.10431          0.51066          -1.9784          -8.6110    
      0.44884E-01      0.95861E-01      0.51194          -2.2474          -9.5116    
      0.51295E-01      0.10794          0.50765          -1.8334          -8.3970    
      0.50326E-01      0.98385E-01      0.51043          -2.0917          -9.3002    
      0.49155E-01      0.96603E-01      0.51152          -2.1832          -9.5311    
      0.56681E-01      0.10329          0.50668          -1.9256          -8.6940    
      0.53216E-01      0.10656          0.50996          -1.9340          -8.5590    
      0.47200E-01      0.96731E-01      0.50644          -2.0196          -8.7319    
      0.51833E-01      0.92872E-01      0.50900          -2.0993          -9.3025    
      0.56425E-01      0.10343          0.50461          -1.8944          -8.7897    
      0.48395E-01      0.94408E-01      0.51090          -1.9937          -8.8362    
      0.59822E-01      0.10759          0.50388          -1.7473          -8.1520    
      0.46083E-01      0.10177          0.51088          -2.2220          -9.6409    
      0.51864E-01      0.10672          0.50816          -1.9850          -8.9730    
      0.55284E-01      0.10443          0.50601          -2.0020          -9.1518    
      0.51090E-01      0.10540          0.51245          -2.0155          -8.9587    
      0.55309E-01      0.93116E-01      0.50990          -2.1288          -9.7200    
      0.51769E-01      0.10216          0.51197          -2.0303          -9.0862    
      0.49197E-01      0.98585E-01      0.50993          -2.1251          -9.3640    
      0.52654E-01      0.10256          0.50753          -2.0980          -9.3669    
Auxiliary Estimates (beta): 
      0.49371E-01      0.94773E-01      0.50818          -1.9081          -8.6409           4.5287           7.7907           17.989    
      0.49609E-01      0.97839E-01      0.51044          -2.1251          -9.5218           4.4806           11.099           11.105    
      0.53409E-01      0.97823E-01      0.50639          -1.8985          -8.6085           4.5344           5.0439           17.810    
      0.44939E-01      0.10109          0.50708          -2.0053          -8.7840           4.3805           6.9553           11.468    
      0.46124E-01      0.10118          0.50387          -2.1176          -9.4544           4.4646           3.2743           15.124    
      0.54174E-01      0.10237          0.50841          -1.9074          -8.8474           4.6384           7.7236           11.525    
      0.49050E-01      0.98500E-01      0.50542          -2.0886          -9.4025           4.5018           3.5017           11.607    
      0.53379E-01      0.10368          0.50515          -2.0766          -9.3217           4.4888           4.4739           14.715    
      0.52566E-01      0.97464E-01      0.51118          -1.9321          -8.6856           4.4954           12.896           16.384    
      0.51412E-01      0.10268          0.50514          -2.0282          -9.1200           4.4967           2.9107           12.188    
      0.46675E-01      0.97992E-01      0.50580          -1.8022          -8.1416           4.5176           7.7624           13.679    
      0.54289E-01      0.97287E-01      0.50856          -1.9525          -8.9613           4.5896           7.9906           9.0700    
      0.51592E-01      0.10049          0.51010          -1.9406          -8.6672           4.4662           10.622           18.744    
      0.50717E-01      0.93374E-01      0.50578          -2.0149          -9.0203           4.4767           4.6527           10.848    
      0.49172E-01      0.97480E-01      0.50610          -1.8820          -8.7218           4.6342           6.8445           12.054    
      0.56767E-01      0.10132          0.50820          -1.9659          -8.8550           4.5044           10.659           12.319    
      0.53054E-01      0.92793E-01      0.50485          -1.8626          -8.3551           4.4858           7.1113           13.521    
      0.49395E-01      0.96008E-01      0.50627          -1.9043          -8.4883           4.4574           5.5479           13.567    
      0.55602E-01      0.10896          0.50540          -1.8032          -8.2858           4.5950           6.5449           13.567    
      0.49568E-01      0.99756E-01      0.51363          -1.9690          -8.9950           4.5684           18.768           11.516    
      0.48039E-01      0.10518          0.50765          -2.0513          -9.0168           4.3956           6.8071           17.135    
      0.53854E-01      0.98993E-01      0.50487          -2.0047          -9.0336           4.5061           3.6698           11.740    
      0.53341E-01      0.99798E-01      0.50938          -2.0006          -8.8867           4.4421           10.845           15.805    
      0.51331E-01      0.95875E-01      0.50747          -1.9109          -8.7385           4.5730           6.2117           10.787    
      0.50054E-01      0.10390          0.50784          -2.0403          -9.0767           4.4487           6.3694           20.552    
      0.48524E-01      0.10004          0.50947          -2.0403          -9.1129           4.4664           8.5946           9.5470    
      0.49662E-01      0.10261          0.51180          -2.1766          -9.5344           4.3805           14.574           17.091    
      0.57299E-01      0.10202          0.50928          -1.9178          -8.9206           4.6515           10.201           11.236    
      0.48439E-01      0.99041E-01      0.50646          -2.2207          -9.4737           4.2660           8.4268           14.974    
      0.53502E-01      0.10344          0.50841          -1.9717          -9.0601           4.5951           7.7171           12.610    
      0.50685E-01      0.98301E-01      0.50780          -1.9168          -8.5993           4.4863           6.5072           15.123    
      0.46628E-01      0.97407E-01      0.51095          -1.9599          -8.7533           4.4662           12.913           12.548    
      0.46757E-01      0.10489          0.50822          -2.0956          -9.0559           4.3215           8.9265           15.121    
      0.50421E-01      0.10252          0.50570          -2.1046          -9.4590           4.4944           3.9082           12.096    
      0.48108E-01      0.10990          0.51023          -1.9506          -8.8046           4.5138           13.243           14.797    
      0.46331E-01      0.10172          0.51047          -1.9995          -9.0247           4.5136           13.080           14.251    
      0.48625E-01      0.94446E-01      0.50783          -2.1806          -9.5380           4.3740           7.6094           14.571    
      0.49193E-01      0.10020          0.50456          -1.8002          -8.2221           4.5672           4.3779           12.857    
      0.45483E-01      0.98770E-01      0.50700          -2.0727          -8.8969           4.2925           7.5733           13.277    
      0.55872E-01      0.10234          0.51114          -1.8352          -8.4337           4.5954           13.417           12.179    
      0.54731E-01      0.10530          0.50906          -1.7757          -8.1571           4.5938           10.529           16.450    
      0.51455E-01      0.98043E-01      0.51082          -1.9631          -8.7160           4.4398           12.568           13.986    
      0.56344E-01      0.98562E-01      0.50848          -2.1235          -9.6663           4.5520           11.411           13.257    
      0.49073E-01      0.10233          0.50703          -2.0442          -8.8584           4.3334           7.9067           13.023    
      0.49986E-01      0.98326E-01      0.50753          -1.8843          -8.4570           4.4881           6.5512           18.669    
      0.53242E-01      0.11470          0.50670          -1.8380          -8.4064           4.5736           9.4048           10.883    
      0.56185E-01      0.10269          0.51014          -1.9276          -8.8033           4.5669           11.687           12.141    
      0.52466E-01      0.99427E-01      0.50986          -2.0210          -9.0353           4.4706           10.115           13.134    
      0.52373E-01      0.98206E-01      0.50827          -2.1406          -9.6506           4.5083           8.3600           14.440    
      0.46249E-01      0.99893E-01      0.50974          -2.2667          -9.6951           4.2772           11.196           10.564    
      0.50278E-01      0.99489E-01      0.50913          -2.0309          -9.1630           4.5119           8.0248           17.247    
      0.46157E-01      0.96839E-01      0.50276          -2.0924          -9.1288           4.3629           1.9494           10.562    
      0.49687E-01      0.95836E-01      0.51026          -1.9081          -8.5832           4.4982           11.003           16.545    
      0.47163E-01      0.10053          0.50182          -2.0696          -9.2011           4.4458          0.79297           11.968    
      0.48632E-01      0.10300          0.50483          -2.1409          -9.3509           4.3677           3.6172           18.042    
      0.52960E-01      0.93902E-01      0.51262          -1.9887          -8.9133           4.4819           17.207           12.162    
      0.47549E-01      0.10105          0.50937          -2.1785          -9.6422           4.4261           9.1999           12.342    
      0.49387E-01      0.10038          0.50710          -2.1529          -9.5245           4.4241           5.4219           13.163    
      0.50400E-01      0.10394          0.51341          -2.0757          -9.1909           4.4279           17.734           16.691    
      0.50077E-01      0.11373          0.50801          -1.9463          -8.8983           4.5720           11.190           11.618    
      0.52145E-01      0.98710E-01      0.50680          -2.0311          -9.0789           4.4699           5.2398           14.281    
      0.50734E-01      0.10424          0.51130          -1.8868          -8.5738           4.5440           12.962           11.489    
      0.55774E-01      0.10327          0.51094          -2.0048          -9.1669           4.5724           13.433           11.770    
      0.48928E-01      0.96485E-01      0.50873          -1.9848          -8.8790           4.4736           7.6610           13.935    
      0.51986E-01      0.94176E-01      0.51143          -1.8910          -8.7348           4.6191           14.350           14.479    
      0.53157E-01      0.10273          0.50795          -2.0732          -9.3518           4.5108           7.3920           13.427    
      0.52513E-01      0.98500E-01      0.50910          -2.0111          -8.9785           4.4646           8.9973           13.191    
      0.50506E-01      0.99267E-01      0.50978          -1.8952          -8.7515           4.6178           10.699           12.581    
      0.50055E-01      0.10245          0.50586          -1.9645          -8.7640           4.4611           3.8119           15.416    
      0.45109E-01      0.89798E-01      0.50855          -2.5231          -10.806           4.2829           14.161           12.558    
      0.49128E-01      0.10456          0.51226          -2.0757          -9.3244           4.4921           15.250           11.973    
      0.48718E-01      0.99572E-01      0.51006          -2.0481          -8.9472           4.3686           10.845           12.609    
      0.56337E-01      0.10690          0.50503          -1.9710          -9.0662           4.5998           5.3583           29.036    
      0.49347E-01      0.94430E-01      0.50577          -2.2384          -9.7951           4.3760           5.8361           6.4310    
      0.49066E-01      0.10494          0.50517          -2.1105          -9.4951           4.4989           4.1275           11.649    
      0.50137E-01      0.96848E-01      0.50962          -2.0482          -9.0879           4.4370           9.3213           12.588    
      0.57739E-01      0.95458E-01      0.50554          -1.8179          -8.5560           4.7065           5.7707           16.846    
      0.49795E-01      0.96486E-01      0.50676          -2.1301          -9.0938           4.2691           11.132           12.241    
      0.52750E-01      0.97435E-01      0.51104          -1.8699          -8.5562           4.5758           12.333           14.060    
      0.46915E-01      0.11463          0.50599          -1.9898          -8.6698           4.3572           10.693           12.154    
      0.46398E-01      0.10431          0.51066          -1.9784          -8.6110           4.3526           13.699           12.650    
      0.44884E-01      0.95861E-01      0.51194          -2.2474          -9.5116           4.2322           17.257           15.366    
      0.51295E-01      0.10794          0.50765          -1.8334          -8.3970           4.5800           7.9603           16.361    
      0.50326E-01      0.98385E-01      0.51043          -2.0917          -9.3002           4.4462           10.656           12.808    
      0.49155E-01      0.96603E-01      0.51152          -2.1832          -9.5311           4.3656           13.990           16.606    
      0.56681E-01      0.10329          0.50668          -1.9256          -8.6940           4.5149           8.4921           11.173    
      0.53216E-01      0.10656          0.50996          -1.9340          -8.5590           4.4256           14.241           16.645    
      0.47200E-01      0.96731E-01      0.50644          -2.0196          -8.7319           4.3235           7.1014           13.316    
      0.51833E-01      0.92872E-01      0.50900          -2.0993          -9.3025           4.4313           10.629           13.834    
      0.56425E-01      0.10343          0.50461          -1.8944          -8.7897           4.6399           3.6018           18.134    
      0.48395E-01      0.94408E-01      0.51090          -1.9937          -8.8362           4.4321           12.507           20.157    
      0.59822E-01      0.10759          0.50388          -1.7473          -8.1520           4.6655           6.8771           15.938    
      0.46083E-01      0.10177          0.51088          -2.2220          -9.6409           4.3388           12.359           18.013    
      0.51864E-01      0.10672          0.50816          -1.9850          -8.9730           4.5203           7.4670           12.922    
      0.55284E-01      0.10443          0.50601          -2.0020          -9.1518           4.5713           5.4595           16.206    
      0.51090E-01      0.10540          0.51245          -2.0155          -8.9587           4.4449           15.803           11.889    
      0.55309E-01      0.93116E-01      0.50990          -2.1288          -9.7200           4.5659           14.525           12.806    
      0.51769E-01      0.10216          0.51197          -2.0303          -9.0862           4.4753           13.969           14.201    
      0.49197E-01      0.98585E-01      0.50993          -2.1251          -9.3640           4.4064           9.8234           16.374    
      0.52654E-01      0.10256          0.50753          -2.0980          -9.3669           4.4648           7.0221           13.295    

Results
=======


Final Results:   lam1    lam2    q1      beta        c   c/beta  ll_diff walltime:
True:         0.050    0.100    0.500   -2.000   -9.000    4.500    0.000    0.000
Mean:         0.051    0.101    0.508   -2.011   -8.999    4.479    9.158   13.954
Mean Bias:    0.001    0.001    0.008   -0.011    0.001   -0.021    9.158   13.954
Med Bias:     0.000   -0.000    0.008   -0.005    0.022   -0.018    8.492   13.277
S.D.:         0.003    0.005    0.002    0.124    0.433    0.098    3.846    2.920
RMSE:         0.003    0.005    0.009    0.125    0.433    0.100    9.933   14.256
Min:          0.045    0.090    0.502   -2.523  -10.806    4.232    0.793    6.431
Max:          0.060    0.115    0.514   -1.747   -8.142    4.706   18.768   29.036

Final Structural Parameters (theta):
\begin{table}
  \centering
  \begin{tabular}{rllrrrrrr}
    \hline
    \hline
          $M &        Sampling &         & $\lambda_1$  & $\lambda_2$  &    $\gamma$  &     $\beta$  &       $\mu$  & $\mu/\beta$  \\
    \hline
    $\infty$ &             DGP &   True  &       0.050  &       0.100  &       0.500  &      -2.000  &      -9.000  &       4.500  \\
    \hline
     800     & $\Delta = 1.00$ & Mean    &       0.051  &       0.101  &       0.508  &      -2.011  &      -8.999  &       4.479  \\
             &                 & S.D.    &       0.003  &       0.005  &       0.002  &       0.124  &       0.433  &       0.098  \\
    \hline
  \end{tabular} \\
\end{table}
