
CTGAMES SINGLE PLAYER MONTE CARLO EXPERIMENTS
=============================================

 Compiler: GCC version 15.1.0
 Compiler options: -I . -fPIC -feliminate-unused-debug-symbols -mmacosx-version-min=15.0.0 -mtune=core2 -g -gdwarf-2 -O3 -Wall -Wsurprising -Wconversion -Wno-unused -std=f2008 -fbacktrace -funroll-loops -ftree-vectorize -fopenmp
Monte Carlo Experiments
True parameters:
lambda1     lambda2     q1          beta        c           
 0.50000E-01 0.10000     0.50000     -2.0000     -9.0000    
Structural Parameter Estimates (theta): 
      0.50610E-01      0.94855E-01      0.50836          -1.8827          -8.5985    
      0.50411E-01      0.96153E-01      0.50942          -2.0480          -9.2101    
      0.53314E-01      0.97331E-01      0.50623          -1.9229          -8.7047    
      0.45039E-01      0.10138          0.50697          -1.9500          -8.5579    
      0.45888E-01      0.10135          0.50450          -2.1680          -9.6432    
      0.53761E-01      0.10129          0.50808          -1.9727          -9.1047    
      0.49448E-01      0.97482E-01      0.50495          -2.0887          -9.4042    
      0.54375E-01      0.10391          0.50529          -2.0474          -9.2516    
      0.53776E-01      0.97428E-01      0.51146          -1.9326          -8.7477    
      0.52805E-01      0.10415          0.50541          -1.8934          -8.6284    
      0.44303E-01      0.99429E-01      0.50562          -1.8595          -8.2439    
      0.54947E-01      0.95760E-01      0.50757          -1.9738          -9.0584    
      0.50413E-01      0.99458E-01      0.51148          -2.0143          -8.9173    
      0.50569E-01      0.92513E-01      0.50541          -1.9938          -8.9171    
      0.50175E-01      0.97430E-01      0.50617          -1.8363          -8.5845    
      0.53871E-01      0.10241          0.50713          -1.9368          -8.5834    
      0.50609E-01      0.92740E-01      0.50508          -2.0221          -8.8974    
      0.50598E-01      0.95247E-01      0.50526          -1.8421          -8.2656    
      0.56798E-01      0.10697          0.50545          -1.7943          -8.3145    
      0.47724E-01      0.98497E-01      0.51377          -2.0462          -9.2063    
      0.46463E-01      0.10421          0.50796          -2.1416          -9.2904    
      0.53947E-01      0.98760E-01      0.50446          -2.0663          -9.2890    
      0.53657E-01      0.99208E-01      0.50898          -1.9767          -8.7973    
      0.51115E-01      0.95525E-01      0.50816          -1.9650          -8.9609    
      0.50041E-01      0.10343          0.50793          -2.0141          -8.9789    
      0.48097E-01      0.98782E-01      0.50988          -2.1130          -9.3760    
      0.48210E-01      0.10303          0.51103          -2.3175          -10.022    
      0.60073E-01      0.10097          0.50908          -1.8482          -8.7406    
      0.48500E-01      0.10004          0.50719          -2.1657          -9.2681    
      0.52868E-01      0.10253          0.50909          -1.9815          -9.0831    
      0.51846E-01      0.98350E-01      0.50770          -1.8871          -8.5230    
      0.44761E-01      0.97124E-01      0.51235          -2.0825          -9.1477    
      0.49454E-01      0.10258          0.50804          -1.9826          -8.7146    
      0.49773E-01      0.10296          0.50548          -2.1111          -9.4652    
      0.47539E-01      0.11092          0.51036          -1.9367          -8.7194    
      0.45817E-01      0.10106          0.51040          -1.9627          -8.8362    
      0.48438E-01      0.92354E-01      0.50905          -2.2320          -9.7381    
      0.50027E-01      0.10266          0.50347          -1.6988          -7.8317    
      0.43583E-01      0.98697E-01      0.50700          -2.1816          -9.1947    
      0.53759E-01      0.10153          0.51182          -2.0189          -9.1415    
      0.53436E-01      0.10570          0.50901          -1.7965          -8.1999    
      0.49431E-01      0.98691E-01      0.51037          -2.0048          -8.8148    
      0.56935E-01      0.98453E-01      0.50920          -2.0871          -9.5477    
      0.50357E-01      0.10178          0.50835          -1.9904          -8.7216    
      0.51414E-01      0.99125E-01      0.50814          -1.8836          -8.5317    
      0.54169E-01      0.11323          0.50751          -1.8349          -8.4460    
      0.54876E-01      0.10359          0.51118          -1.9595          -8.9011    
      0.51529E-01      0.98386E-01      0.50918          -2.1058          -9.3422    
      0.52184E-01      0.99045E-01      0.50833          -2.1170          -9.5529    
      0.45914E-01      0.10002          0.50976          -2.3454          -9.9792    
      0.48975E-01      0.10215          0.50936          -2.0021          -8.9952    
      0.48582E-01      0.95527E-01      0.50281          -2.0657          -9.1442    
      0.47294E-01      0.95339E-01      0.51107          -2.0421          -9.0303    
      0.47999E-01      0.99300E-01      0.50143          -2.0350          -9.0946    
      0.50721E-01      0.10353          0.50547          -2.0342          -9.0474    
      0.51722E-01      0.94576E-01      0.51245          -2.0547          -9.1347    
      0.48368E-01      0.10166          0.51060          -2.1125          -9.4311    
      0.51389E-01      0.99361E-01      0.50764          -2.0325          -9.1383    
      0.49087E-01      0.10295          0.51383          -2.0981          -9.1919    
      0.48383E-01      0.11493          0.50798          -2.0139          -9.0950    
      0.51652E-01      0.99054E-01      0.50667          -2.0479          -9.1294    
      0.51863E-01      0.10319          0.51098          -1.8641          -8.5172    
      0.57239E-01      0.10311          0.51121          -1.9128          -8.8464    
      0.48173E-01      0.96043E-01      0.50896          -2.1135          -9.3758    
      0.52104E-01      0.95618E-01      0.51086          -1.8223          -8.4379    
      0.51455E-01      0.10309          0.50736          -2.1958          -9.7893    
      0.50331E-01      0.98457E-01      0.50884          -2.1219          -9.3222    
      0.49079E-01      0.10056          0.51007          -1.9041          -8.7108    
      0.50107E-01      0.10136          0.50671          -1.9728          -8.7923    
      0.45184E-01      0.89227E-01      0.50856          -2.5131          -10.731    
      0.50946E-01      0.10237          0.51137          -2.0478          -9.2772    
      0.48782E-01      0.10072          0.51015          -2.0487          -8.9516    
      0.52575E-01      0.10762          0.50396          -2.0571          -9.2475    
      0.48850E-01      0.94204E-01      0.50635          -2.3690          -10.305    
      0.50090E-01      0.10544          0.50495          -2.0529          -9.3076    
      0.51994E-01      0.95962E-01      0.50939          -1.9822          -8.8970    
      0.58738E-01      0.94880E-01      0.50585          -1.7931          -8.4843    
      0.49865E-01      0.97947E-01      0.50726          -2.1436          -9.1753    
      0.52486E-01      0.97016E-01      0.51042          -1.9568          -8.9001    
      0.46399E-01      0.11593          0.50597          -1.9809          -8.6010    
      0.48171E-01      0.10663          0.51033          -1.8209          -8.0831    
      0.43295E-01      0.95871E-01      0.51155          -2.3395          -9.7608    
      0.51327E-01      0.10798          0.50889          -1.8311          -8.4109    
      0.52049E-01      0.98639E-01      0.51152          -2.0200          -9.1036    
      0.48030E-01      0.97021E-01      0.51223          -2.2080          -9.5857    
      0.54537E-01      0.10272          0.50639          -1.9539          -8.7055    
      0.54660E-01      0.10697          0.51128          -1.8254          -8.2005    
      0.47247E-01      0.97675E-01      0.50523          -1.9239          -8.3566    
      0.51130E-01      0.92621E-01      0.50864          -2.1227          -9.3620    
      0.57348E-01      0.10315          0.50469          -1.8385          -8.5893    
      0.47030E-01      0.95671E-01      0.51180          -2.0872          -9.1777    
      0.59883E-01      0.10786          0.50371          -1.6954          -7.9327    
      0.43896E-01      0.10365          0.50978          -2.3464          -9.9977    
      0.53134E-01      0.10671          0.50879          -1.9014          -8.6991    
      0.54199E-01      0.10275          0.50400          -2.0355          -9.2096    
      0.50623E-01      0.10536          0.51279          -2.0207          -8.9759    
      0.56540E-01      0.92604E-01      0.51015          -2.0590          -9.4846    
      0.53629E-01      0.10207          0.51335          -1.9896          -9.0123    
      0.48560E-01      0.98662E-01      0.50901          -2.1702          -9.4979    
      0.49101E-01      0.10199          0.50774          -2.2265          -9.7179    
Auxiliary Estimates (beta): 
      0.50610E-01      0.94855E-01      0.50836          -1.8827          -8.5985           4.5671           7.3939           9.0800    
      0.50411E-01      0.96153E-01      0.50942          -2.0480          -9.2101           4.4971           8.0731           10.662    
      0.53314E-01      0.97331E-01      0.50623          -1.9229          -8.7047           4.5268           4.4470           11.962    
      0.45039E-01      0.10138          0.50697          -1.9500          -8.5579           4.3886           7.0768           8.9990    
      0.45888E-01      0.10135          0.50450          -2.1680          -9.6432           4.4479           3.5415           9.1080    
      0.53761E-01      0.10129          0.50808          -1.9727          -9.1047           4.6155           6.5592           9.0050    
      0.49448E-01      0.97482E-01      0.50495          -2.0887          -9.4042           4.5025           2.6991           10.446    
      0.54375E-01      0.10391          0.50529          -2.0474          -9.2516           4.5188           4.4822           8.6720    
      0.53776E-01      0.97428E-01      0.51146          -1.9326          -8.7477           4.5264           12.448           9.7360    
      0.52805E-01      0.10415          0.50541          -1.8934          -8.6284           4.5570           3.3044           8.1310    
      0.44303E-01      0.99429E-01      0.50562          -1.8595          -8.2439           4.4334           7.9751           9.8810    
      0.54947E-01      0.95760E-01      0.50757          -1.9738          -9.0584           4.5894           6.4728           8.7050    
      0.50413E-01      0.99458E-01      0.51148          -2.0143          -8.9173           4.4269           12.189           10.647    
      0.50569E-01      0.92513E-01      0.50541          -1.9938          -8.9171           4.4724           4.4321           8.0550    
      0.50175E-01      0.97430E-01      0.50617          -1.8363          -8.5845           4.6748           6.8650           9.6550    
      0.53871E-01      0.10241          0.50713          -1.9368          -8.5834           4.4318           9.2175           8.6110    
      0.50609E-01      0.92740E-01      0.50508          -2.0221          -8.8974           4.4000           5.7309           9.6890    
      0.50598E-01      0.95247E-01      0.50526          -1.8421          -8.2656           4.4871           5.2773           9.4170    
      0.56798E-01      0.10697          0.50545          -1.7943          -8.3145           4.6338           5.4674           10.386    
      0.47724E-01      0.98497E-01      0.51377          -2.0462          -9.2063           4.4992           17.141           8.2610    
      0.46463E-01      0.10421          0.50796          -2.1416          -9.2904           4.3382           7.0145           11.163    
      0.53947E-01      0.98760E-01      0.50446          -2.0663          -9.2890           4.4955           3.6349           9.2610    
      0.53657E-01      0.99208E-01      0.50898          -1.9767          -8.7973           4.4505           9.8933           9.1060    
      0.51115E-01      0.95525E-01      0.50816          -1.9650          -8.9609           4.5602           6.5063           10.579    
      0.50041E-01      0.10343          0.50793          -2.0141          -8.9789           4.4581           5.9000           9.0760    
      0.48097E-01      0.98782E-01      0.50988          -2.1130          -9.3760           4.4373           8.6247           10.722    
      0.48210E-01      0.10303          0.51103          -2.3175          -10.022           4.3243           13.031           14.292    
      0.60073E-01      0.10097          0.50908          -1.8482          -8.7406           4.7293           9.9134           8.7530    
      0.48500E-01      0.10004          0.50719          -2.1657          -9.2681           4.2795           8.5320           11.462    
      0.52868E-01      0.10253          0.50909          -1.9815          -9.0831           4.5840           7.7666           10.407    
      0.51846E-01      0.98350E-01      0.50770          -1.8871          -8.5230           4.5164           6.0418           10.047    
      0.44761E-01      0.97124E-01      0.51235          -2.0825          -9.1477           4.3927           14.818           7.9900    
      0.49454E-01      0.10258          0.50804          -1.9826          -8.7146           4.3955           7.5187           9.5830    
      0.49773E-01      0.10296          0.50548          -2.1111          -9.4652           4.4835           3.2821           8.2080    
      0.47539E-01      0.11092          0.51036          -1.9367          -8.7194           4.5022           13.133           8.7140    
      0.45817E-01      0.10106          0.51040          -1.9627          -8.8362           4.5021           12.063           10.178    
      0.48438E-01      0.92354E-01      0.50905          -2.2320          -9.7381           4.3630           9.7521           8.5390    
      0.50027E-01      0.10266          0.50347          -1.6988          -7.8317           4.6102           5.3766           10.026    
      0.43583E-01      0.98697E-01      0.50700          -2.1816          -9.1947           4.2146           8.5413           13.157    
      0.53759E-01      0.10153          0.51182          -2.0189          -9.1415           4.5279           12.902           7.4240    
      0.53436E-01      0.10570          0.50901          -1.7965          -8.1999           4.5645           9.4947           9.3020    
      0.49431E-01      0.98691E-01      0.51037          -2.0048          -8.8148           4.3968           10.665           9.7140    
      0.56935E-01      0.98453E-01      0.50920          -2.0871          -9.5477           4.5746           11.156           10.066    
      0.50357E-01      0.10178          0.50835          -1.9904          -8.7216           4.3819           8.8480           9.1930    
      0.51414E-01      0.99125E-01      0.50814          -1.8836          -8.5317           4.5294           6.3485           11.180    
      0.54169E-01      0.11323          0.50751          -1.8349          -8.4460           4.6029           8.9790           8.0010    
      0.54876E-01      0.10359          0.51118          -1.9595          -8.9011           4.5425           12.257           10.955    
      0.51529E-01      0.98386E-01      0.50918          -2.1058          -9.3422           4.4364           8.4705           8.3940    
      0.52184E-01      0.99045E-01      0.50833          -2.1170          -9.5529           4.5125           7.1277           9.6940    
      0.45914E-01      0.10002          0.50976          -2.3454          -9.9792           4.2549           10.967           7.8950    
      0.48975E-01      0.10215          0.50936          -2.0021          -8.9952           4.4929           7.7872           9.1200    
      0.48582E-01      0.95527E-01      0.50281          -2.0657          -9.1442           4.4266           1.4466           8.9160    
      0.47294E-01      0.95339E-01      0.51107          -2.0421          -9.0303           4.4221           11.490           10.844    
      0.47999E-01      0.99300E-01      0.50143          -2.0350          -9.0946           4.4691          0.40690           9.1850    
      0.50721E-01      0.10353          0.50547          -2.0342          -9.0474           4.4475           3.4349           9.2300    
      0.51722E-01      0.94576E-01      0.51245          -2.0547          -9.1347           4.4457           15.072           10.082    
      0.48368E-01      0.10166          0.51060          -2.1125          -9.4311           4.4645           10.106           10.004    
      0.51389E-01      0.99361E-01      0.50764          -2.0325          -9.1383           4.4960           5.2425           9.3300    
      0.49087E-01      0.10295          0.51383          -2.0981          -9.1919           4.3811           17.484           10.219    
      0.48383E-01      0.11493          0.50798          -2.0139          -9.0950           4.5161           11.248           8.5440    
      0.51652E-01      0.99054E-01      0.50667          -2.0479          -9.1294           4.4580           4.6560           10.279    
      0.51863E-01      0.10319          0.51098          -1.8641          -8.5172           4.5692           11.140           9.2160    
      0.57239E-01      0.10311          0.51121          -1.9128          -8.8464           4.6248           12.696           10.883    
      0.48173E-01      0.96043E-01      0.50896          -2.1135          -9.3758           4.4361           7.4414           8.2730    
      0.52104E-01      0.95618E-01      0.51086          -1.8223          -8.4379           4.6302           11.872           10.253    
      0.51455E-01      0.10309          0.50736          -2.1958          -9.7893           4.4583           6.6678           7.4660    
      0.50331E-01      0.98457E-01      0.50884          -2.1219          -9.3222           4.3934           8.1329           8.6900    
      0.49079E-01      0.10056          0.51007          -1.9041          -8.7108           4.5748           10.164           10.729    
      0.50107E-01      0.10136          0.50671          -1.9728          -8.7923           4.4568           4.4182           10.205    
      0.45184E-01      0.89227E-01      0.50856          -2.5131          -10.731           4.2702           12.841           10.385    
      0.50946E-01      0.10237          0.51137          -2.0478          -9.2772           4.5302           11.595           9.1710    
      0.48782E-01      0.10072          0.51015          -2.0487          -8.9516           4.3693           10.350           9.1890    
      0.52575E-01      0.10762          0.50396          -2.0571          -9.2475           4.4954           3.6356           10.594    
      0.48850E-01      0.94204E-01      0.50635          -2.3690          -10.305           4.3497           7.2335           8.6920    
      0.50090E-01      0.10544          0.50495          -2.0529          -9.3076           4.5339           3.4083           9.3450    
      0.51994E-01      0.95962E-01      0.50939          -1.9822          -8.8970           4.4885           8.5857           9.1800    
      0.58738E-01      0.94880E-01      0.50585          -1.7931          -8.4843           4.7317           5.8352           9.5800    
      0.49865E-01      0.97947E-01      0.50726          -2.1436          -9.1753           4.2804           10.467           9.9840    
      0.52486E-01      0.97016E-01      0.51042          -1.9568          -8.9001           4.5482           9.7513           8.8290    
      0.46399E-01      0.11593          0.50597          -1.9809          -8.6010           4.3420           11.336           11.088    
      0.48171E-01      0.10663          0.51033          -1.8209          -8.0831           4.4391           13.813           9.1260    
      0.43295E-01      0.95871E-01      0.51155          -2.3395          -9.7608           4.1723           17.065           7.7630    
      0.51327E-01      0.10798          0.50889          -1.8311          -8.4109           4.5934           9.2512           9.4550    
      0.52049E-01      0.98639E-01      0.51152          -2.0200          -9.1036           4.5067           11.680           10.697    
      0.48030E-01      0.97021E-01      0.51223          -2.2080          -9.5857           4.3414           14.207           9.3780    
      0.54537E-01      0.10272          0.50639          -1.9539          -8.7055           4.4555           7.6722           9.3640    
      0.54660E-01      0.10697          0.51128          -1.8254          -8.2005           4.4925           16.639           10.461    
      0.47247E-01      0.97675E-01      0.50523          -1.9239          -8.3566           4.3435           6.9134           8.3580    
      0.51130E-01      0.92621E-01      0.50864          -2.1227          -9.3620           4.4105           9.4597           11.784    
      0.57348E-01      0.10315          0.50469          -1.8385          -8.5893           4.6719           3.4704           10.356    
      0.47030E-01      0.95671E-01      0.51180          -2.0872          -9.1777           4.3971           12.861           11.420    
      0.59883E-01      0.10786          0.50371          -1.6954          -7.9327           4.6791           7.1819           12.936    
      0.43896E-01      0.10365          0.50978          -2.3464          -9.9977           4.2609           11.049           12.355    
      0.53134E-01      0.10671          0.50879          -1.9014          -8.6991           4.5751           7.8897           11.414    
      0.54199E-01      0.10275          0.50400          -2.0355          -9.2096           4.5246           3.0195           12.670    
      0.50623E-01      0.10536          0.51279          -2.0207          -8.9759           4.4419           15.249           9.3680    
      0.56540E-01      0.92604E-01      0.51015          -2.0590          -9.4846           4.6065           13.458           11.138    
      0.53629E-01      0.10207          0.51335          -1.9896          -9.0123           4.5296           15.994           10.194    
      0.48560E-01      0.98662E-01      0.50901          -2.1702          -9.4979           4.3765           7.8173           11.589    
      0.49101E-01      0.10199          0.50774          -2.2265          -9.7179           4.3647           6.8454           8.4320    

Results
=======


Final Results:   lam1    lam2    q1      beta        c   c/beta  ll_diff walltime:
True:         0.050    0.100    0.500   -2.000   -9.000    4.500    0.000    0.000
Mean:         0.051    0.100    0.508   -2.018   -9.020    4.474    8.768    9.780
Mean Bias:    0.001    0.000    0.008   -0.018   -0.020   -0.026    8.768    9.780
Med Bias:     0.001    0.000    0.008   -0.019   -0.047   -0.016    8.471    9.580
S.D.:         0.003    0.005    0.003    0.145    0.498    0.108    3.780    1.279
RMSE:         0.004    0.005    0.009    0.146    0.499    0.111    9.548    9.863
Min:          0.043    0.089    0.501   -2.513  -10.731    4.172    0.407    7.424
Max:          0.060    0.116    0.514   -1.695   -7.832    4.732   17.484   14.292

Final Structural Parameters (theta):
\begin{table}
  \centering
  \begin{tabular}{rllrrrrrr}
    \hline
    \hline
          $M &        Sampling &         & $\lambda_1$  & $\lambda_2$  &    $\gamma$  &     $\beta$  &       $\mu$  & $\mu/\beta$  \\
    \hline
    $\infty$ &             DGP &   True  &       0.050  &       0.100  &       0.500  &      -2.000  &      -9.000  &       4.500  \\
    \hline
     800     & $\Delta = 8.00$ & Mean    &       0.051  &       0.100  &       0.508  &      -2.018  &      -9.020  &       4.474  \\
             &                 & S.D.    &       0.003  &       0.005  &       0.003  &       0.145  &       0.498  &       0.108  \\
    \hline
  \end{tabular} \\
\end{table}
