
CTGAMES SINGLE PLAYER MONTE CARLO EXPERIMENTS
=============================================

 Compiler: GCC version 15.1.0
 Compiler options: -I . -fPIC -feliminate-unused-debug-symbols -mmacosx-version-min=15.0.0 -mtune=core2 -g -gdwarf-2 -O3 -Wall -Wsurprising -Wconversion -Wno-unused -std=f2008 -fbacktrace -funroll-loops -ftree-vectorize -fopenmp
Monte Carlo Experiments
True parameters:
lambda1     lambda2     q1          beta        c           
 0.50000E-01 0.10000     0.50000     -2.0000     -9.0000    
Structural Parameter Estimates (theta): 
      0.49547E-01      0.11282          0.50864          -1.6360          -7.4919    
      0.52393E-01      0.94384E-01      0.51359          -2.1323          -9.4735    
      0.59571E-01      0.11886          0.50659          -1.6444          -7.8916    
      0.52262E-01      0.10855          0.51340          -1.6278          -7.6823    
      0.42861E-01      0.11221          0.50511          -3.0188          -12.655    
      0.43237E-01      0.11068          0.51251          -2.1494          -9.4575    
      0.55372E-01      0.99976E-01      0.50763          -2.0323          -9.1668    
      0.66007E-01      0.91498E-01      0.50543          -1.7468          -8.6357    
      0.63730E-01      0.10066          0.51368          -1.5190          -7.6532    
      0.79431E-01      0.11573          0.50633          -1.5331          -8.0386    
      0.48111E-01      0.97495E-01      0.50158          -1.8326          -8.1651    
      0.50379E-01      0.93338E-01      0.51247          -2.2305          -9.8299    
      0.43117E-01      0.91185E-01      0.50369          -2.3329          -9.7375    
      0.66109E-01      0.10343          0.51238          -1.7692          -8.5560    
      0.35818E-01      0.95975E-01      0.49915          -2.3429          -9.7221    
      0.51195E-01      0.95474E-01      0.50914          -2.1537          -9.2985    
      0.52776E-01      0.10307          0.50571          -2.3372          -9.6872    
      0.35241E-01      0.98090E-01      0.49840          -2.3967          -9.3658    
      0.51187E-01      0.10050          0.50060          -2.2840          -10.128    
      0.41910E-01      0.93998E-01      0.51344          -2.0248          -9.0910    
      0.41094E-01      0.95322E-01      0.50766          -2.2560          -9.4388    
      0.47763E-01      0.86719E-01      0.50528          -2.0647          -9.1475    
      0.45677E-01      0.11596          0.50949          -2.3109          -9.8196    
      0.62277E-01      0.88827E-01      0.50954          -1.7030          -8.4062    
      0.64288E-01      0.10451          0.50435          -1.8118          -8.7518    
      0.52430E-01      0.95429E-01      0.50809          -1.6208          -7.6490    
      0.54555E-01      0.11112          0.50648          -2.4819          -10.746    
      0.72715E-01      0.99545E-01      0.50940          -1.5677          -7.6382    
      0.50152E-01      0.94023E-01      0.50485          -2.3506          -10.522    
      0.48557E-01      0.94257E-01      0.51262          -2.1201          -9.4995    
      0.45436E-01      0.91580E-01      0.51881          -2.2905          -10.196    
      0.43592E-01      0.97679E-01      0.51616          -2.8435          -11.740    
      0.42635E-01      0.98471E-01      0.50043          -2.2421          -8.9134    
      0.46570E-01      0.10417          0.50372          -2.2737          -10.106    
      0.46081E-01      0.10934          0.50416          -2.4000          -10.421    
      0.48235E-01      0.97555E-01      0.50877          -1.8332          -8.1568    
      0.44893E-01      0.82967E-01      0.50471          -2.8436          -12.242    
      0.47727E-01      0.97950E-01      0.50376          -1.6133          -7.6689    
      0.42278E-01      0.86777E-01      0.51255          -3.0806          -12.258    
      0.52553E-01      0.85211E-01      0.51370          -2.9154          -12.849    
      0.47118E-01      0.94096E-01      0.50671          -2.1612          -9.3083    
      0.66838E-01      0.95760E-01      0.51580          -1.9617          -9.0232    
      0.50041E-01      0.10406          0.50141          -2.4491          -10.688    
      0.55110E-01      0.97329E-01      0.50583          -1.8381          -8.3370    
      0.50645E-01      0.92145E-01      0.50884          -1.5947          -7.2876    
      0.50546E-01      0.10536          0.50811          -2.2340          -9.7550    
      0.57154E-01      0.11982          0.51186          -1.8721          -8.3646    
      0.50047E-01      0.89532E-01      0.51576          -2.2544          -9.9435    
      0.54801E-01      0.98053E-01      0.50484          -2.2263          -10.143    
      0.43804E-01      0.97058E-01      0.50689          -2.6564          -11.395    
      0.42194E-01      0.99601E-01      0.50790          -1.8823          -8.3157    
      0.38482E-01      0.97226E-01      0.50053          -2.0424          -8.4450    
      0.40480E-01      0.96397E-01      0.51018          -2.3853          -9.9199    
      0.59958E-01      0.10448          0.50476          -1.5081          -7.2303    
      0.52690E-01      0.11347          0.49993          -1.9570          -8.7228    
      0.53288E-01      0.10358          0.51036          -1.7975          -8.2624    
      0.56393E-01      0.10526          0.50779          -1.6379          -7.8992    
      0.57862E-01      0.10476          0.50993          -1.8980          -8.7903    
      0.53076E-01      0.91506E-01      0.51007          -2.0435          -9.1366    
      0.45416E-01      0.12098          0.50801          -2.0583          -9.3811    
      0.60116E-01      0.98644E-01      0.50856          -1.9398          -8.9381    
      0.44694E-01      0.95795E-01      0.50970          -2.2981          -9.8567    
      0.83969E-01      0.10347          0.51133          -1.4886          -7.9139    
      0.46166E-01      0.90969E-01      0.51004          -1.8263          -8.3796    
      0.46305E-01      0.10234          0.51540          -2.1980          -9.8450    
      0.47159E-01      0.10325          0.51041          -2.1754          -9.3337    
      0.43267E-01      0.10330          0.50830          -2.4182          -10.497    
      0.46427E-01      0.11014          0.51180          -1.7460          -8.0320    
      0.39499E-01      0.11213          0.50764          -3.1796          -12.946    
      0.50298E-01      0.88921E-01      0.51383          -2.0311          -9.1958    
      0.60122E-01      0.98794E-01      0.51436          -1.8961          -8.7880    
      0.51422E-01      0.10136          0.50642          -1.7802          -8.3742    
      0.51976E-01      0.10343          0.50075          -2.5012          -11.142    
      0.49739E-01      0.10531          0.50788          -2.5979          -11.095    
      0.39689E-01      0.97543E-01      0.50526          -2.7215          -11.544    
      0.63568E-01      0.10483          0.50485          -1.6406          -7.8893    
      0.60547E-01      0.96630E-01      0.50389          -1.8265          -8.6167    
      0.47522E-01      0.92631E-01      0.51238          -2.4660          -10.424    
      0.54221E-01      0.10348          0.51086          -1.9587          -8.8593    
      0.43145E-01      0.11723          0.50529          -2.1488          -9.0419    
      0.41679E-01      0.10862          0.50868          -1.9818          -8.4312    
      0.49457E-01      0.93841E-01      0.51027          -1.9855          -8.5344    
      0.62312E-01      0.11590          0.50813          -1.9750          -9.0477    
      0.48306E-01      0.10173          0.51263          -2.3051          -10.124    
      0.50874E-01      0.90893E-01      0.52185          -2.0152          -8.8032    
      0.46496E-01      0.11785          0.49928          -2.3652          -10.077    
      0.48137E-01      0.10897          0.50440          -2.0734          -8.8631    
      0.45191E-01      0.86669E-01      0.50174          -2.1522          -8.5909    
      0.60519E-01      0.93817E-01      0.50859          -2.0118          -8.9040    
      0.46944E-01      0.98757E-01      0.50812          -2.7606          -11.477    
      0.55984E-01      0.89574E-01      0.51441          -1.6116          -7.4387    
      0.52279E-01      0.87844E-01      0.50561          -1.7665          -8.1127    
      0.47261E-01      0.95658E-01      0.51640          -2.4274          -10.627    
      0.65569E-01      0.10953          0.51081          -1.5136          -7.6475    
      0.42267E-01      0.10081          0.50682          -2.2004          -9.4535    
      0.56173E-01      0.11372          0.51070          -1.6899          -7.9097    
      0.65707E-01      0.92581E-01      0.50743          -1.7098          -8.4055    
      0.52354E-01      0.12221          0.51253          -1.8606          -8.3305    
      0.40927E-01      0.97450E-01      0.51079          -2.1501          -9.2252    
      0.45146E-01      0.82425E-01      0.50398          -2.1154          -9.4888    
Auxiliary Estimates (beta): 
      0.49547E-01      0.11282          0.50864          -1.6360          -7.4919           4.5793           4.5047           9.6220    
      0.52393E-01      0.94384E-01      0.51359          -2.1323          -9.4735           4.4428           4.6057           8.2270    
      0.59571E-01      0.11886          0.50659          -1.6444          -7.8916           4.7990           3.1056           8.3810    
      0.52262E-01      0.10855          0.51340          -1.6278          -7.6823           4.7195           5.6263           9.4630    
      0.42861E-01      0.11221          0.50511          -3.0188          -12.655           4.1920           4.4993           10.097    
      0.43237E-01      0.11068          0.51251          -2.1494          -9.4575           4.4000           4.9327           8.8470    
      0.55372E-01      0.99976E-01      0.50763          -2.0323          -9.1668           4.5106           1.8900           10.785    
      0.66007E-01      0.91498E-01      0.50543          -1.7468          -8.6357           4.9438           2.9507           7.8830    
      0.63730E-01      0.10066          0.51368          -1.5190          -7.6532           5.0383           6.0097           10.131    
      0.79431E-01      0.11573          0.50633          -1.5331          -8.0386           5.2434           5.2394           8.9610    
      0.48111E-01      0.97495E-01      0.50158          -1.8326          -8.1651           4.4555          0.88078           11.582    
      0.50379E-01      0.93338E-01      0.51247          -2.2305          -9.8299           4.4070           4.0113           8.2050    
      0.43117E-01      0.91185E-01      0.50369          -2.3329          -9.7375           4.1740           1.9109           9.8500    
      0.66109E-01      0.10343          0.51238          -1.7692          -8.5560           4.8361           4.5794           8.3230    
      0.35818E-01      0.95975E-01      0.49915          -2.3429          -9.7221           4.1497           3.9541           8.0220    
      0.51195E-01      0.95474E-01      0.50914          -2.1537          -9.2985           4.3175           3.3014           9.3110    
      0.52776E-01      0.10307          0.50571          -2.3372          -9.6872           4.1447           6.6203           9.1240    
      0.35241E-01      0.98090E-01      0.49840          -2.3967          -9.3658           3.9078           5.8144           9.2870    
      0.51187E-01      0.10050          0.50060          -2.2840          -10.128           4.4345          0.76488           8.8730    
      0.41910E-01      0.93998E-01      0.51344          -2.0248          -9.0910           4.4899           6.4643           8.7950    
      0.41094E-01      0.95322E-01      0.50766          -2.2560          -9.4388           4.1839           2.7793           10.676    
      0.47763E-01      0.86719E-01      0.50528          -2.0647          -9.1475           4.4305           2.0380           8.8320    
      0.45677E-01      0.11596          0.50949          -2.3109          -9.8196           4.2492           4.3840           8.9280    
      0.62277E-01      0.88827E-01      0.50954          -1.7030          -8.4062           4.9362           4.4559           8.3330    
      0.64288E-01      0.10451          0.50435          -1.8118          -8.7518           4.8304           1.7110           8.6720    
      0.52430E-01      0.95429E-01      0.50809          -1.6208          -7.6490           4.7192           3.1327           9.8220    
      0.54555E-01      0.11112          0.50648          -2.4819          -10.746           4.3295           5.0226           9.8500    
      0.72715E-01      0.99545E-01      0.50940          -1.5677          -7.6382           4.8722           5.8657           9.2360    
      0.50152E-01      0.94023E-01      0.50485          -2.3506          -10.522           4.4761           1.9130           8.5090    
      0.48557E-01      0.94257E-01      0.51262          -2.1201          -9.4995           4.4807           3.7453           10.903    
      0.45436E-01      0.91580E-01      0.51881          -2.2905          -10.196           4.4515           8.9332           9.2380    
      0.43592E-01      0.97679E-01      0.51616          -2.8435          -11.740           4.1288           7.7290           8.3960    
      0.42635E-01      0.98471E-01      0.50043          -2.2421          -8.9134           3.9754           5.7492           10.896    
      0.46570E-01      0.10417          0.50372          -2.2737          -10.106           4.4446           1.0792           7.4650    
      0.46081E-01      0.10934          0.50416          -2.4000          -10.421           4.3420           1.5177           8.1840    
      0.48235E-01      0.97555E-01      0.50877          -1.8332          -8.1568           4.4496           2.5262           10.218    
      0.44893E-01      0.82967E-01      0.50471          -2.8436          -12.242           4.3053           5.3428           8.6540    
      0.47727E-01      0.97950E-01      0.50376          -1.6133          -7.6689           4.7535           3.5774           10.228    
      0.42278E-01      0.86777E-01      0.51255          -3.0806          -12.258           3.9789           9.6003           10.151    
      0.52553E-01      0.85211E-01      0.51370          -2.9154          -12.849           4.4072           10.844           9.3700    
      0.47118E-01      0.94096E-01      0.50671          -2.1612          -9.3083           4.3069           1.7079           10.527    
      0.66838E-01      0.95760E-01      0.51580          -1.9617          -9.0232           4.5996           9.1661           7.0450    
      0.50041E-01      0.10406          0.50141          -2.4491          -10.688           4.3640           1.5700           11.197    
      0.55110E-01      0.97329E-01      0.50583          -1.8381          -8.3370           4.5356           1.5838           8.4720    
      0.50645E-01      0.92145E-01      0.50884          -1.5947          -7.2876           4.5698           5.0440           10.109    
      0.50546E-01      0.10536          0.50811          -2.2340          -9.7550           4.3667           2.2638           8.3480    
      0.57154E-01      0.11982          0.51186          -1.8721          -8.3646           4.4679           6.6360           10.474    
      0.50047E-01      0.89532E-01      0.51576          -2.2544          -9.9435           4.4106           6.4537           8.0650    
      0.54801E-01      0.98053E-01      0.50484          -2.2263          -10.143           4.5560           1.8352           7.9540    
      0.43804E-01      0.97058E-01      0.50689          -2.6564          -11.395           4.2894           2.6766           9.7870    
      0.42194E-01      0.99601E-01      0.50790          -1.8823          -8.3157           4.4180           3.3255           10.910    
      0.38482E-01      0.97226E-01      0.50053          -2.0424          -8.4450           4.1348           3.5748           8.9310    
      0.40480E-01      0.96397E-01      0.51018          -2.3853          -9.9199           4.1588           3.6991           11.405    
      0.59958E-01      0.10448          0.50476          -1.5081          -7.2303           4.7942           2.6315           8.2920    
      0.52690E-01      0.11347          0.49993          -1.9570          -8.7228           4.4571           1.4413           8.2330    
      0.53288E-01      0.10358          0.51036          -1.7975          -8.2624           4.5965           2.7017           9.1700    
      0.56393E-01      0.10526          0.50779          -1.6379          -7.8992           4.8227           2.3363           11.967    
      0.57862E-01      0.10476          0.50993          -1.8980          -8.7903           4.6314           2.7190           7.7870    
      0.53076E-01      0.91506E-01      0.51007          -2.0435          -9.1366           4.4710           3.0689           9.3900    
      0.45416E-01      0.12098          0.50801          -2.0583          -9.3811           4.5577           5.3595           9.4860    
      0.60116E-01      0.98644E-01      0.50856          -1.9398          -8.9381           4.6077           2.7711           9.9500    
      0.44694E-01      0.95795E-01      0.50970          -2.2981          -9.8567           4.2891           2.5970           8.2050    
      0.83969E-01      0.10347          0.51133          -1.4886          -7.9139           5.3164           6.6925           8.9080    
      0.46166E-01      0.90969E-01      0.51004          -1.8263          -8.3796           4.5882           4.2577           10.306    
      0.46305E-01      0.10234          0.51540          -2.1980          -9.8450           4.4791           5.8453           8.9400    
      0.47159E-01      0.10325          0.51041          -2.1754          -9.3337           4.2905           3.0523           9.2400    
      0.43267E-01      0.10330          0.50830          -2.4182          -10.497           4.3409           2.5242           9.8740    
      0.46427E-01      0.11014          0.51180          -1.7460          -8.0320           4.6002           5.3669           8.2590    
      0.39499E-01      0.11213          0.50764          -3.1796          -12.946           4.0717           6.3653           9.0380    
      0.50298E-01      0.88921E-01      0.51383          -2.0311          -9.1958           4.5276           5.0977           8.6140    
      0.60122E-01      0.98794E-01      0.51436          -1.8961          -8.7880           4.6348           5.3591           8.6090    
      0.51422E-01      0.10136          0.50642          -1.7802          -8.3742           4.7041           1.7854           8.1990    
      0.51976E-01      0.10343          0.50075          -2.5012          -11.142           4.4547           2.4373           8.1160    
      0.49739E-01      0.10531          0.50788          -2.5979          -11.095           4.2707           3.7421           7.8540    
      0.39689E-01      0.97543E-01      0.50526          -2.7215          -11.544           4.2419           3.3282           9.4530    
      0.63568E-01      0.10483          0.50485          -1.6406          -7.8893           4.8089           1.7416           9.3140    
      0.60547E-01      0.96630E-01      0.50389          -1.8265          -8.6167           4.7176           1.2540           8.5650    
      0.47522E-01      0.92631E-01      0.51238          -2.4660          -10.424           4.2270           5.1895           10.395    
      0.54221E-01      0.10348          0.51086          -1.9587          -8.8593           4.5231           2.8906           8.1310    
      0.43145E-01      0.11723          0.50529          -2.1488          -9.0419           4.2078           3.6930           9.3520    
      0.41679E-01      0.10862          0.50868          -1.9818          -8.4312           4.2544           3.9899           9.3350    
      0.49457E-01      0.93841E-01      0.51027          -1.9855          -8.5344           4.2984           4.3123           9.4980    
      0.62312E-01      0.11590          0.50813          -1.9750          -9.0477           4.5811           4.7707           11.713    
      0.48306E-01      0.10173          0.51263          -2.3051          -10.124           4.3921           3.7968           8.0560    
      0.50874E-01      0.90893E-01      0.52185          -2.0152          -8.8032           4.3684           11.561           9.2970    
      0.46496E-01      0.11785          0.49928          -2.3652          -10.077           4.2603           2.4829           7.6990    
      0.48137E-01      0.10897          0.50440          -2.0734          -8.8631           4.2748           2.1308           9.9440    
      0.45191E-01      0.86669E-01      0.50174          -2.1522          -8.5909           3.9917           8.6987           9.6460    
      0.60519E-01      0.93817E-01      0.50859          -2.0118          -8.9040           4.4258           5.7717           12.531    
      0.46944E-01      0.98757E-01      0.50812          -2.7606          -11.477           4.1574           4.2854           9.4740    
      0.55984E-01      0.89574E-01      0.51441          -1.6116          -7.4387           4.6157           7.9799           8.5470    
      0.52279E-01      0.87844E-01      0.50561          -1.7665          -8.1127           4.5926           2.3591           10.152    
      0.47261E-01      0.95658E-01      0.51640          -2.4274          -10.627           4.3779           6.4503           8.6790    
      0.65569E-01      0.10953          0.51081          -1.5136          -7.6475           5.0525           4.0431           9.7350    
      0.42267E-01      0.10081          0.50682          -2.2004          -9.4535           4.2963           1.8022           10.651    
      0.56173E-01      0.11372          0.51070          -1.6899          -7.9097           4.6805           4.1441           9.4620    
      0.65707E-01      0.92581E-01      0.50743          -1.7098          -8.4055           4.9162           3.1844           10.396    
      0.52354E-01      0.12221          0.51253          -1.8606          -8.3305           4.4773           6.1600           9.6240    
      0.40927E-01      0.97450E-01      0.51079          -2.1501          -9.2252           4.2907           3.8371           10.808    
      0.45146E-01      0.82425E-01      0.50398          -2.1154          -9.4888           4.4856           3.6145           10.387    

Results
=======


Final Results:   lam1    lam2    q1      beta        c   c/beta  ll_diff walltime:
True:         0.050    0.100    0.500   -2.000   -9.000    4.500    0.000    0.000
Mean:         0.051    0.100    0.508   -2.093   -9.284    4.471    4.148    9.328
Mean Bias:    0.001    0.000    0.008   -0.093   -0.284   -0.029    4.148    9.328
Med Bias:     0.000   -0.001    0.008   -0.065   -0.137   -0.050    3.745    9.287
S.D.:         0.009    0.009    0.005    0.374    1.281    0.265    2.190    1.076
RMSE:         0.009    0.009    0.009    0.386    1.312    0.267    4.690    9.390
Min:          0.035    0.082    0.498   -3.180  -12.946    3.908    0.765    7.045
Max:          0.084    0.122    0.522   -1.489   -7.230    5.316   11.561   12.531

Final Structural Parameters (theta):
\begin{table}
  \centering
  \begin{tabular}{rllrrrrrr}
    \hline
    \hline
          $M &        Sampling &         & $\lambda_1$  & $\lambda_2$  &    $\gamma$  &     $\beta$  &       $\mu$  & $\mu/\beta$  \\
    \hline
    $\infty$ &             DGP &   True  &       0.050  &       0.100  &       0.500  &      -2.000  &      -9.000  &       4.500  \\
    \hline
     200     & $\Delta = 8.00$ & Mean    &       0.051  &       0.100  &       0.508  &      -2.093  &      -9.284  &       4.471  \\
             &                 & S.D.    &       0.009  &       0.009  &       0.005  &       0.374  &       1.281  &       0.265  \\
    \hline
  \end{tabular} \\
\end{table}
